2018-09-01 15:41:14.972951: I tensorflow/core/platform/cpu_feature_guard.cc:141] Your CPU supports instructions that this TensorFlow binary was not compiled to use: AVX2 FMA
2018-09-01 15:41:15.129901: I tensorflow/stream_executor/cuda/cuda_gpu_executor.cc:897] successful NUMA node read from SysFS had negative value (-1), but there must be at least one NUMA node, so returning NUMA node zero
2018-09-01 15:41:15.130403: I tensorflow/core/common_runtime/gpu/gpu_device.cc:1405] Found device 0 with properties: 
name: GeForce GTX 1080 major: 6 minor: 1 memoryClockRate(GHz): 1.7335
pciBusID: 0000:01:00.0
totalMemory: 7.93GiB freeMemory: 7.75GiB
2018-09-01 15:41:15.130422: I tensorflow/core/common_runtime/gpu/gpu_device.cc:1484] Adding visible gpu devices: 0
2018-09-01 15:41:16.544018: I tensorflow/core/common_runtime/gpu/gpu_device.cc:965] Device interconnect StreamExecutor with strength 1 edge matrix:
2018-09-01 15:41:16.544050: I tensorflow/core/common_runtime/gpu/gpu_device.cc:971]      0 
2018-09-01 15:41:16.544055: I tensorflow/core/common_runtime/gpu/gpu_device.cc:984] 0:   N 
2018-09-01 15:41:16.545611: I tensorflow/core/common_runtime/gpu/gpu_device.cc:1097] Created TensorFlow device (/job:localhost/replica:0/task:0/device:GPU:0 with 2703 MB memory) -> physical GPU (device: 0, name: GeForce GTX 1080, pci bus id: 0000:01:00.0, compute capability: 6.1)
cnn_input.shape:  (?, 192, 1, 1)
cnn_output.shape:  (?, 169, 40)
cnn_output_padding.shape:  (?, 23, 40)
cnn_output_pad.shape:  (?, 24, 40)
inputs_shape[1].value:  64
inputs_shape[1].value:  40
inputs_shape[1].value:  40
hidden_states_all.shape:  (3, 2, ?, 192, 40)
###########     TIME     ##########
2018-09-01 15:41:18.845311
###########  TRAIN START ############
prediction
step: 500
neg_log_likelihood_train:  16.603539
neg_log_likelihood_prediction:  14.415129141374068
RMSE_train:  1.0735706
RMSE_prediction:  0.7671662785790183
ND_train:  0.34608048
ND_pred:  0.26176033914089203
input_y_batch_pred.shape (64, 192)
miu_pred.shape (64, 192)
prediction
step: 1000
neg_log_likelihood_train:  29.706415
neg_log_likelihood_prediction:  10.925859711386941
RMSE_train:  1.5593662
RMSE_prediction:  0.7682963555509393
ND_train:  0.26656267
ND_pred:  0.26163757931102405
input_y_batch_pred.shape (64, 192)
miu_pred.shape (64, 192)
prediction
step: 1500
neg_log_likelihood_train:  8.470334
neg_log_likelihood_prediction:  9.212965835224498
RMSE_train:  0.85258985
RMSE_prediction:  0.7659133889458396
ND_train:  0.34241223
ND_pred:  0.2621111517602747
input_y_batch_pred.shape (64, 192)
miu_pred.shape (64, 192)
prediction
step: 2000
neg_log_likelihood_train:  35.590153
neg_log_likelihood_prediction:  8.288904276761142
RMSE_train:  4.1270065
RMSE_prediction:  0.7638875842094421
ND_train:  0.5788474
ND_pred:  0.26254865527153015
input_y_batch_pred.shape (64, 192)
miu_pred.shape (64, 192)
Update 1.png
prediction
step: 2500
neg_log_likelihood_train:  9.458344
neg_log_likelihood_prediction:  7.80101507360285
RMSE_train:  1.8776894
RMSE_prediction:  0.7620295719666914
ND_train:  0.3113205
ND_pred:  0.26296580786054785
input_y_batch_pred.shape (64, 192)
miu_pred.shape (64, 192)
prediction
step: 3000
neg_log_likelihood_train:  6.4010944
neg_log_likelihood_prediction:  7.502418171275746
RMSE_train:  0.84977233
RMSE_prediction:  0.7634529308839277
ND_train:  0.3138222
ND_pred:  0.26229839568788355
input_y_batch_pred.shape (64, 192)
miu_pred.shape (64, 192)
prediction
step: 3500
neg_log_likelihood_train:  17.318739
neg_log_likelihood_prediction:  7.2833405841480605
RMSE_train:  2.1139038
RMSE_prediction:  0.7576722285964272
ND_train:  0.3883405
ND_pred:  0.2607419788837433
input_y_batch_pred.shape (64, 192)
miu_pred.shape (64, 192)
prediction
step: 4000
neg_log_likelihood_train:  25.203072
neg_log_likelihood_prediction:  6.878122286363081
RMSE_train:  3.5818853
RMSE_prediction:  0.6618909104303881
ND_train:  0.4559269
ND_pred:  0.227886056358164
input_y_batch_pred.shape (64, 192)
miu_pred.shape (64, 192)
Update 1.png
prediction
step: 4500
neg_log_likelihood_train:  8.986117
neg_log_likelihood_prediction:  6.515477960759943
RMSE_train:  1.1494974
RMSE_prediction:  0.5251607163385912
ND_train:  0.23892558
ND_pred:  0.18319197676398538
input_y_batch_pred.shape (64, 192)
miu_pred.shape (64, 192)
prediction
step: 5000
neg_log_likelihood_train:  18.547003
neg_log_likelihood_prediction:  6.372559590773149
RMSE_train:  1.9683814
RMSE_prediction:  0.4719492088664662
ND_train:  0.30413717
ND_pred:  0.1652359820225022
input_y_batch_pred.shape (64, 192)
miu_pred.shape (64, 192)
prediction
step: 5500
neg_log_likelihood_train:  5.850391
neg_log_likelihood_prediction:  6.341927441683683
RMSE_train:  0.4219607
RMSE_prediction:  0.4655675562945279
ND_train:  0.21898171
ND_pred:  0.1618589928204363
input_y_batch_pred.shape (64, 192)
miu_pred.shape (64, 192)
prediction
step: 6000
neg_log_likelihood_train:  7.7006593
neg_log_likelihood_prediction:  6.289744767275724
RMSE_train:  0.8993287
RMSE_prediction:  0.43191812255165796
ND_train:  0.21756366
ND_pred:  0.1491971259767359
input_y_batch_pred.shape (64, 192)
miu_pred.shape (64, 192)
Update 1.png
prediction
step: 6500
neg_log_likelihood_train:  7.808094
neg_log_likelihood_prediction:  6.264724297956987
RMSE_train:  0.74536324
RMSE_prediction:  0.40565279397097503
ND_train:  0.20171079
ND_pred:  0.14079943773421374
input_y_batch_pred.shape (64, 192)
miu_pred.shape (64, 192)
prediction
step: 7000
neg_log_likelihood_train:  6.4502563
neg_log_likelihood_prediction:  6.305550661954013
RMSE_train:  0.46262112
RMSE_prediction:  0.38850463791327045
ND_train:  0.1879106
ND_pred:  0.1346161426468329
input_y_batch_pred.shape (64, 192)
miu_pred.shape (64, 192)
prediction
step: 7500
neg_log_likelihood_train:  6.447651
neg_log_likelihood_prediction:  6.328515963120894
RMSE_train:  0.9885756
RMSE_prediction:  0.3923959488218481
ND_train:  0.20109446
ND_pred:  0.13535027341409164
input_y_batch_pred.shape (64, 192)
miu_pred.shape (64, 192)
prediction
step: 8000
neg_log_likelihood_train:  6.4342422
neg_log_likelihood_prediction:  6.321902405131947
RMSE_train:  0.53420824
RMSE_prediction:  0.3622587106444619
ND_train:  0.20409483
ND_pred:  0.12607971036976034
input_y_batch_pred.shape (64, 192)
miu_pred.shape (64, 192)
Update 1.png
###########  TIME  ##########
2018-09-01 16:14:17.894834
###########   0 Finish  #########
prediction
step: 8500
neg_log_likelihood_train:  6.588604
neg_log_likelihood_prediction:  6.326975562355735
RMSE_train:  0.7726434
RMSE_prediction:  0.36446762626821344
ND_train:  0.1748406
ND_pred:  0.1256687878207727
input_y_batch_pred.shape (64, 192)
miu_pred.shape (64, 192)
prediction
step: 9000
neg_log_likelihood_train:  6.641417
neg_log_likelihood_prediction:  6.333640835501931
RMSE_train:  0.4965409
RMSE_prediction:  0.3413201760162007
ND_train:  0.16139002
ND_pred:  0.11945163594050841
input_y_batch_pred.shape (64, 192)
miu_pred.shape (64, 192)
prediction
step: 9500
neg_log_likelihood_train:  5.990406
neg_log_likelihood_prediction:  6.337066607041792
RMSE_train:  0.40418348
RMSE_prediction:  0.3526611775159836
ND_train:  0.17002612
ND_pred:  0.12192502888766202
input_y_batch_pred.shape (64, 192)
miu_pred.shape (64, 192)
prediction
step: 10000
neg_log_likelihood_train:  7.081459
neg_log_likelihood_prediction:  6.336001656272194
RMSE_train:  1.3703257
RMSE_prediction:  0.34516996145248413
ND_train:  0.21170533
ND_pred:  0.12128966843540018
input_y_batch_pred.shape (64, 192)
miu_pred.shape (64, 192)
Update 1.png
prediction
step: 10500
neg_log_likelihood_train:  6.160952
neg_log_likelihood_prediction:  6.33958725495772
RMSE_train:  0.51733977
RMSE_prediction:  0.35614259811964905
ND_train:  0.1967958
ND_pred:  0.12270944362336939
input_y_batch_pred.shape (64, 192)
miu_pred.shape (64, 192)
prediction
step: 11000
neg_log_likelihood_train:  6.5656075
neg_log_likelihood_prediction:  6.326049371199175
RMSE_train:  0.46785787
RMSE_prediction:  0.35254859111525794
ND_train:  0.14430936
ND_pred:  0.1189071847633882
input_y_batch_pred.shape (64, 192)
miu_pred.shape (64, 192)
prediction
step: 11500
neg_log_likelihood_train:  6.0844936
neg_log_likelihood_prediction:  6.310983701185747
RMSE_train:  0.8603941
RMSE_prediction:  0.3443297892808914
ND_train:  0.21300861
ND_pred:  0.11667973615906456
input_y_batch_pred.shape (64, 192)
miu_pred.shape (64, 192)
prediction
step: 12000
neg_log_likelihood_train:  6.5870194
neg_log_likelihood_prediction:  6.272758917375044
RMSE_train:  0.61831105
RMSE_prediction:  0.31040907989848743
ND_train:  0.17564471
ND_pred:  0.10720957341519269
input_y_batch_pred.shape (64, 192)
miu_pred.shape (64, 192)
Update 1.png
prediction
step: 12500
neg_log_likelihood_train:  6.7106023
neg_log_likelihood_prediction:  6.265955794941295
RMSE_train:  0.45383415
RMSE_prediction:  0.3321945084766908
ND_train:  0.15954657
ND_pred:  0.1122182688929818
input_y_batch_pred.shape (64, 192)
miu_pred.shape (64, 192)
prediction
step: 13000
neg_log_likelihood_train:  5.6678085
neg_log_likelihood_prediction:  6.128402449867942
RMSE_train:  0.36829937
RMSE_prediction:  0.32329522750594397
ND_train:  0.14867269
ND_pred:  0.12111050974239003
input_y_batch_pred.shape (64, 192)
miu_pred.shape (64, 192)
prediction
step: 13500
neg_log_likelihood_train:  5.7167096
neg_log_likelihood_prediction:  5.858144066550515
RMSE_train:  0.3307028
RMSE_prediction:  0.3948963623155247
ND_train:  0.13625656
ND_pred:  0.12761809067292648
input_y_batch_pred.shape (64, 192)
miu_pred.shape (64, 192)
prediction
step: 14000
neg_log_likelihood_train:  5.6441483
neg_log_likelihood_prediction:  5.597844513979825
RMSE_train:  0.3100686
RMSE_prediction:  0.4086579815907912
ND_train:  0.13295873
ND_pred:  0.13097653470256113
input_y_batch_pred.shape (64, 192)
miu_pred.shape (64, 192)
Update 1.png
prediction
step: 14500
neg_log_likelihood_train:  5.425363
neg_log_likelihood_prediction:  5.511818755756725
RMSE_train:  0.36279637
RMSE_prediction:  0.35878079723228107
ND_train:  0.14708501
ND_pred:  0.1180095760659738
input_y_batch_pred.shape (64, 192)
miu_pred.shape (64, 192)
prediction
step: 15000
neg_log_likelihood_train:  6.1367393
neg_log_likelihood_prediction:  5.350894927978516
RMSE_train:  1.2124655
RMSE_prediction:  0.3240580355579203
ND_train:  0.14910269
ND_pred:  0.10842742703177712
input_y_batch_pred.shape (64, 192)
miu_pred.shape (64, 192)
prediction
step: 15500
neg_log_likelihood_train:  5.6247783
neg_log_likelihood_prediction:  5.328979708931663
RMSE_train:  0.30022296
RMSE_prediction:  0.3208704793995077
ND_train:  0.103335835
ND_pred:  0.10770397971976887
input_y_batch_pred.shape (64, 192)
miu_pred.shape (64, 192)
prediction
step: 16000
neg_log_likelihood_train:  5.8072124
neg_log_likelihood_prediction:  5.679012905467641
RMSE_train:  0.31062865
RMSE_prediction:  0.373075397177176
ND_train:  0.12673147
ND_pred:  0.1378335641189055
input_y_batch_pred.shape (64, 192)
miu_pred.shape (64, 192)
Update 1.png
prediction
step: 16500
neg_log_likelihood_train:  5.0370164
neg_log_likelihood_prediction:  5.281966122713956
RMSE_train:  0.31962112
RMSE_prediction:  0.3070406100966714
ND_train:  0.1054857
ND_pred:  0.10207048939032988
input_y_batch_pred.shape (64, 192)
miu_pred.shape (64, 192)
###########  TIME  ##########
2018-09-01 16:48:01.285514
###########   1 Finish  #########
prediction
step: 17000
neg_log_likelihood_train:  5.587042
neg_log_likelihood_prediction:  5.325290463187478
RMSE_train:  0.37588125
RMSE_prediction:  0.32818165692416107
ND_train:  0.08870839
ND_pred:  0.1072903343222358
input_y_batch_pred.shape (64, 192)
miu_pred.shape (64, 192)
prediction
step: 17500
neg_log_likelihood_train:  5.3772254
neg_log_likelihood_prediction:  5.279808738014915
RMSE_train:  0.6021239
RMSE_prediction:  0.31209469654343347
ND_train:  0.12012658
ND_pred:  0.10472687672485005
input_y_batch_pred.shape (64, 192)
miu_pred.shape (64, 192)
prediction
step: 18000
neg_log_likelihood_train:  5.138493
neg_log_likelihood_prediction:  5.251839984547008
RMSE_train:  0.50580794
RMSE_prediction:  0.30284313044764777
ND_train:  0.1093269
ND_pred:  0.10192937268452211
input_y_batch_pred.shape (64, 192)
miu_pred.shape (64, 192)
Update 1.png
prediction
step: 18500
neg_log_likelihood_train:  5.565729
neg_log_likelihood_prediction:  5.250560630451549
RMSE_train:  0.38053775
RMSE_prediction:  0.2956055456941778
ND_train:  0.1239448
ND_pred:  0.09954567863182588
input_y_batch_pred.shape (64, 192)
miu_pred.shape (64, 192)
prediction
step: 19000
neg_log_likelihood_train:  4.8873477
neg_log_likelihood_prediction:  5.206613323905251
RMSE_train:  0.3277379
RMSE_prediction:  0.31240389157425275
ND_train:  0.114385486
ND_pred:  0.10409585047851909
input_y_batch_pred.shape (64, 192)
miu_pred.shape (64, 192)
prediction
step: 19500
neg_log_likelihood_train:  5.0793066
neg_log_likelihood_prediction:  5.182865229519931
RMSE_train:  0.33204633
RMSE_prediction:  0.2845525375821374
ND_train:  0.11009678
ND_pred:  0.09838230907917023
input_y_batch_pred.shape (64, 192)
miu_pred.shape (64, 192)
prediction
step: 20000
neg_log_likelihood_train:  5.4927754
neg_log_likelihood_prediction:  5.140196930278432
RMSE_train:  0.72246474
RMSE_prediction:  0.27329673685810785
ND_train:  0.117848285
ND_pred:  0.09351799230683934
input_y_batch_pred.shape (64, 192)
miu_pred.shape (64, 192)
Update 1.png
prediction
step: 20500
neg_log_likelihood_train:  5.4005923
neg_log_likelihood_prediction:  5.180612390691584
RMSE_train:  0.8992787
RMSE_prediction:  0.27904813262549316
ND_train:  0.12359865
ND_pred:  0.09596308117563074
input_y_batch_pred.shape (64, 192)
miu_pred.shape (64, 192)
prediction
step: 21000
neg_log_likelihood_train:  4.695458
neg_log_likelihood_prediction:  5.17454719543457
RMSE_train:  0.3873261
RMSE_prediction:  0.28122017735784705
ND_train:  0.08755073
ND_pred:  0.09683704511685805
input_y_batch_pred.shape (64, 192)
miu_pred.shape (64, 192)
prediction
step: 21500
neg_log_likelihood_train:  5.7165484
neg_log_likelihood_prediction:  5.115239923650568
RMSE_train:  0.4049971
RMSE_prediction:  0.2775444022633813
ND_train:  0.112752624
ND_pred:  0.09349331733855334
input_y_batch_pred.shape (64, 192)
miu_pred.shape (64, 192)
prediction
step: 22000
neg_log_likelihood_train:  5.02066
neg_log_likelihood_prediction:  5.144172365015203
RMSE_train:  0.3212968
RMSE_prediction:  0.2812882119959051
ND_train:  0.112371996
ND_pred:  0.09574788944287733
input_y_batch_pred.shape (64, 192)
miu_pred.shape (64, 192)
Update 1.png
prediction
step: 22500
neg_log_likelihood_train:  5.505446
neg_log_likelihood_prediction:  5.093481497331099
RMSE_train:  1.0289718
RMSE_prediction:  0.2679431519725106
ND_train:  0.12284617
ND_pred:  0.0913872630758719
input_y_batch_pred.shape (64, 192)
miu_pred.shape (64, 192)
prediction
step: 23000
neg_log_likelihood_train:  4.399055
neg_log_likelihood_prediction:  5.098019209775058
RMSE_train:  0.26303077
RMSE_prediction:  0.27886171503500506
ND_train:  0.09153066
ND_pred:  0.09518075802109459
input_y_batch_pred.shape (64, 192)
miu_pred.shape (64, 192)
prediction
step: 23500
neg_log_likelihood_train:  5.366162
neg_log_likelihood_prediction:  5.08671929619529
RMSE_train:  0.2567429
RMSE_prediction:  0.273541198535399
ND_train:  0.07345017
ND_pred:  0.09283611381595785
input_y_batch_pred.shape (64, 192)
miu_pred.shape (64, 192)
prediction
step: 24000
neg_log_likelihood_train:  4.7391624
neg_log_likelihood_prediction:  5.057772376320579
RMSE_train:  0.7950892
RMSE_prediction:  0.269986323334954
ND_train:  0.10602736
ND_pred:  0.09057640081102197
input_y_batch_pred.shape (64, 192)
miu_pred.shape (64, 192)
Update 1.png
prediction
step: 24500
neg_log_likelihood_train:  4.2610316
neg_log_likelihood_prediction:  5.1503660028631035
RMSE_train:  0.5123889
RMSE_prediction:  0.28729778799143707
ND_train:  0.08620784
ND_pred:  0.09663811461492018
input_y_batch_pred.shape (64, 192)
miu_pred.shape (64, 192)
prediction
step: 25000
neg_log_likelihood_train:  4.607803
neg_log_likelihood_prediction:  5.071891784667969
RMSE_train:  0.63036585
RMSE_prediction:  0.2853354581377723
ND_train:  0.09947859
ND_pred:  0.09550533985549753
input_y_batch_pred.shape (64, 192)
miu_pred.shape (64, 192)
###########  TIME  ##########
2018-09-01 17:21:09.701071
###########   2 Finish  #########
prediction
step: 25500
neg_log_likelihood_train:  5.1231728
neg_log_likelihood_prediction:  5.092879252000288
RMSE_train:  0.41112065
RMSE_prediction:  0.528109534220262
ND_train:  0.08527841
ND_pred:  0.13029561124064706
input_y_batch_pred.shape (64, 192)
miu_pred.shape (64, 192)
prediction
step: 26000
neg_log_likelihood_train:  5.3244514
neg_log_likelihood_prediction:  5.10527922890403
RMSE_train:  0.68153405
RMSE_prediction:  0.28446709567850287
ND_train:  0.10027715
ND_pred:  0.09199526567350734
input_y_batch_pred.shape (64, 192)
miu_pred.shape (64, 192)
Update 1.png
prediction
step: 26500
neg_log_likelihood_train:  5.0407243
neg_log_likelihood_prediction:  5.048901471224698
RMSE_train:  0.2959153
RMSE_prediction:  0.28204007040370593
ND_train:  0.087548636
ND_pred:  0.09198807044462724
input_y_batch_pred.shape (64, 192)
miu_pred.shape (64, 192)
prediction
step: 27000
neg_log_likelihood_train:  4.755177
neg_log_likelihood_prediction:  5.0480280789462
RMSE_train:  0.25509197
RMSE_prediction:  0.2633333043618636
ND_train:  0.09639642
ND_pred:  0.0883584821766073
input_y_batch_pred.shape (64, 192)
miu_pred.shape (64, 192)
prediction
step: 27500
neg_log_likelihood_train:  4.166949
neg_log_likelihood_prediction:  5.068310044028542
RMSE_train:  0.33669722
RMSE_prediction:  0.30052965066649695
ND_train:  0.10010106
ND_pred:  0.09418826414780183
input_y_batch_pred.shape (64, 192)
miu_pred.shape (64, 192)
prediction
step: 28000
neg_log_likelihood_train:  5.2160726
neg_log_likelihood_prediction:  5.020544052124023
RMSE_train:  0.21440499
RMSE_prediction:  0.2658363052389838
ND_train:  0.091266945
ND_pred:  0.08698609606786208
input_y_batch_pred.shape (64, 192)
miu_pred.shape (64, 192)
Update 1.png
prediction
step: 28500
neg_log_likelihood_train:  4.63214
neg_log_likelihood_prediction:  5.113528468392112
RMSE_train:  0.29415765
RMSE_prediction:  0.30659589306874707
ND_train:  0.08004779
ND_pred:  0.09670393372123892
input_y_batch_pred.shape (64, 192)
miu_pred.shape (64, 192)
prediction
step: 29000
neg_log_likelihood_train:  4.343127
neg_log_likelihood_prediction:  5.04392129724676
RMSE_train:  0.3090127
RMSE_prediction:  0.2641341848806901
ND_train:  0.10146578
ND_pred:  0.08730810643597083
input_y_batch_pred.shape (64, 192)
miu_pred.shape (64, 192)
prediction
step: 29500
neg_log_likelihood_train:  4.6632333
neg_log_likelihood_prediction:  5.032393628900701
RMSE_train:  0.36589754
RMSE_prediction:  0.27316666733134876
ND_train:  0.11523762
ND_pred:  0.08888823606751182
input_y_batch_pred.shape (64, 192)
miu_pred.shape (64, 192)
prediction
step: 30000
neg_log_likelihood_train:  4.791883
neg_log_likelihood_prediction:  5.067128484899348
RMSE_train:  0.34343344
RMSE_prediction:  0.3008349009535529
ND_train:  0.07259711
ND_pred:  0.09256391159512779
input_y_batch_pred.shape (64, 192)
miu_pred.shape (64, 192)
Update 1.png
prediction
step: 30500
neg_log_likelihood_train:  5.475638
neg_log_likelihood_prediction:  5.019400770013982
RMSE_train:  0.2271233
RMSE_prediction:  0.2706906781955199
ND_train:  0.08322323
ND_pred:  0.08878698199987411
input_y_batch_pred.shape (64, 192)
miu_pred.shape (64, 192)
prediction
step: 31000
neg_log_likelihood_train:  4.6242037
neg_log_likelihood_prediction:  5.023738557642156
RMSE_train:  0.38657576
RMSE_prediction:  0.2660673734816638
ND_train:  0.10216498
ND_pred:  0.08763352104208687
input_y_batch_pred.shape (64, 192)
miu_pred.shape (64, 192)
prediction
step: 31500
neg_log_likelihood_train:  5.1953015
neg_log_likelihood_prediction:  5.012065453962847
RMSE_train:  0.69652164
RMSE_prediction:  0.2697732570496472
ND_train:  0.102069244
ND_pred:  0.0887470617890358
input_y_batch_pred.shape (64, 192)
miu_pred.shape (64, 192)
prediction
step: 32000
neg_log_likelihood_train:  4.935161
neg_log_likelihood_prediction:  5.008956258947199
RMSE_train:  0.2508356
RMSE_prediction:  0.267094533551823
ND_train:  0.08648752
ND_pred:  0.08679449558258057
input_y_batch_pred.shape (64, 192)
miu_pred.shape (64, 192)
Update 1.png
prediction
step: 32500
neg_log_likelihood_train:  6.4751225
neg_log_likelihood_prediction:  5.610307910225608
RMSE_train:  1.4962658
RMSE_prediction:  0.6398464197462256
ND_train:  0.18881358
ND_pred:  0.20995480093089017
input_y_batch_pred.shape (64, 192)
miu_pred.shape (64, 192)
prediction
step: 33000
neg_log_likelihood_train:  4.659061
neg_log_likelihood_prediction:  5.017505645751953
RMSE_train:  0.20707887
RMSE_prediction:  0.27009153637019073
ND_train:  0.08258682
ND_pred:  0.08621625263582576
input_y_batch_pred.shape (64, 192)
miu_pred.shape (64, 192)
prediction
step: 33500
neg_log_likelihood_train:  4.555098
neg_log_likelihood_prediction:  4.995775526220148
RMSE_train:  0.17934367
RMSE_prediction:  0.2532430738210678
ND_train:  0.07915768
ND_pred:  0.0837623497301882
input_y_batch_pred.shape (64, 192)
miu_pred.shape (64, 192)
###########  TIME  ##########
2018-09-01 17:52:49.973849
###########   3 Finish  #########
prediction
step: 34000
neg_log_likelihood_train:  5.223387
neg_log_likelihood_prediction:  5.119206125086004
RMSE_train:  0.75541854
RMSE_prediction:  0.3835675770586187
ND_train:  0.10836835
ND_pred:  0.1096172725612467
input_y_batch_pred.shape (64, 192)
miu_pred.shape (64, 192)
Update 1.png
prediction
step: 34500
neg_log_likelihood_train:  4.4506
neg_log_likelihood_prediction:  5.015455506064675
RMSE_train:  0.36506444
RMSE_prediction:  0.28274634074081073
ND_train:  0.09292038
ND_pred:  0.08823495629158887
input_y_batch_pred.shape (64, 192)
miu_pred.shape (64, 192)
prediction
step: 35000
neg_log_likelihood_train:  4.5796857
neg_log_likelihood_prediction:  4.9860383380543105
RMSE_train:  0.4044326
RMSE_prediction:  0.2640780969099565
ND_train:  0.08597314
ND_pred:  0.0854088000275872
input_y_batch_pred.shape (64, 192)
miu_pred.shape (64, 192)
prediction
step: 35500
neg_log_likelihood_train:  4.6405168
neg_log_likelihood_prediction:  4.999946290796453
RMSE_train:  0.16067988
RMSE_prediction:  0.25959512049501593
ND_train:  0.07621541
ND_pred:  0.085410437123342
input_y_batch_pred.shape (64, 192)
miu_pred.shape (64, 192)
prediction
step: 36000
neg_log_likelihood_train:  4.402577
neg_log_likelihood_prediction:  4.994032209569758
RMSE_train:  0.21180381
RMSE_prediction:  0.2525588585571809
ND_train:  0.097242646
ND_pred:  0.08404798805713654
input_y_batch_pred.shape (64, 192)
miu_pred.shape (64, 192)
Update 1.png
prediction
step: 36500
neg_log_likelihood_train:  4.956288
neg_log_likelihood_prediction:  4.993188467892733
RMSE_train:  0.17501439
RMSE_prediction:  0.2537705044854771
ND_train:  0.07736508
ND_pred:  0.08376011591066014
input_y_batch_pred.shape (64, 192)
miu_pred.shape (64, 192)
prediction
step: 37000
neg_log_likelihood_train:  4.834673
neg_log_likelihood_prediction:  4.991372368552468
RMSE_train:  0.2119962
RMSE_prediction:  0.2574741826816039
ND_train:  0.07927231
ND_pred:  0.08524300699884241
input_y_batch_pred.shape (64, 192)
miu_pred.shape (64, 192)
prediction
step: 37500
neg_log_likelihood_train:  4.746829
neg_log_likelihood_prediction:  4.961741013960405
RMSE_train:  0.2740925
RMSE_prediction:  0.2570932304317301
ND_train:  0.06620236
ND_pred:  0.0851749141107906
input_y_batch_pred.shape (64, 192)
miu_pred.shape (64, 192)
prediction
step: 38000
neg_log_likelihood_train:  4.6975684
neg_log_likelihood_prediction:  4.9997593706304375
RMSE_train:  0.43062863
RMSE_prediction:  0.2594997828656977
ND_train:  0.08210318
ND_pred:  0.08488165451721712
input_y_batch_pred.shape (64, 192)
miu_pred.shape (64, 192)
Update 1.png
prediction
step: 38500
neg_log_likelihood_train:  4.687891
neg_log_likelihood_prediction:  5.017885208129883
RMSE_train:  0.26837814
RMSE_prediction:  0.27104431661692535
ND_train:  0.08679223
ND_pred:  0.08741939067840576
input_y_batch_pred.shape (64, 192)
miu_pred.shape (64, 192)
prediction
step: 39000
neg_log_likelihood_train:  4.8832855
neg_log_likelihood_prediction:  4.99275693026456
RMSE_train:  0.37300518
RMSE_prediction:  0.273799252781001
ND_train:  0.07664611
ND_pred:  0.08700360425493935
input_y_batch_pred.shape (64, 192)
miu_pred.shape (64, 192)
prediction
step: 39500
neg_log_likelihood_train:  4.5212326
neg_log_likelihood_prediction:  4.980349193919789
RMSE_train:  0.25124696
RMSE_prediction:  0.2595963329076767
ND_train:  0.07933878
ND_pred:  0.08502287078987468
input_y_batch_pred.shape (64, 192)
miu_pred.shape (64, 192)
prediction
step: 40000
neg_log_likelihood_train:  4.8988156
neg_log_likelihood_prediction:  4.995052077553489
RMSE_train:  0.3346517
RMSE_prediction:  0.2549068819392811
ND_train:  0.07138479
ND_pred:  0.08426085114479065
input_y_batch_pred.shape (64, 192)
miu_pred.shape (64, 192)
Update 1.png
prediction
step: 40500
neg_log_likelihood_train:  4.227772
neg_log_likelihood_prediction:  4.973740794441917
RMSE_train:  0.2193539
RMSE_prediction:  0.25375922837040643
ND_train:  0.08383023
ND_pred:  0.08409793810410933
input_y_batch_pred.shape (64, 192)
miu_pred.shape (64, 192)
prediction
step: 41000
neg_log_likelihood_train:  4.565494
neg_log_likelihood_prediction:  4.984936410730535
RMSE_train:  0.7885633
RMSE_prediction:  0.264464485374364
ND_train:  0.09787291
ND_pred:  0.08504239774563095
input_y_batch_pred.shape (64, 192)
miu_pred.shape (64, 192)
prediction
step: 41500
neg_log_likelihood_train:  4.773268
neg_log_likelihood_prediction:  4.960445490750399
RMSE_train:  0.5955128
RMSE_prediction:  0.2553471272641962
ND_train:  0.092470534
ND_pred:  0.08421031080863693
input_y_batch_pred.shape (64, 192)
miu_pred.shape (64, 192)
prediction
step: 42000
neg_log_likelihood_train:  4.757916
neg_log_likelihood_prediction:  4.945659290660512
RMSE_train:  0.19773714
RMSE_prediction:  0.2567630708217621
ND_train:  0.08584627
ND_pred:  0.08433780548247424
input_y_batch_pred.shape (64, 192)
miu_pred.shape (64, 192)
Update 1.png
###########  TIME  ##########
2018-09-01 18:24:13.491447
###########   4 Finish  #########
prediction
step: 42500
neg_log_likelihood_train:  4.7554107
neg_log_likelihood_prediction:  4.962532130154696
RMSE_train:  0.21549658
RMSE_prediction:  0.25391660359772766
ND_train:  0.07566409
ND_pred:  0.08425064825198868
input_y_batch_pred.shape (64, 192)
miu_pred.shape (64, 192)
prediction
step: 43000
neg_log_likelihood_train:  5.042438
neg_log_likelihood_prediction:  4.952489419416948
RMSE_train:  0.5421379
RMSE_prediction:  0.25661433962258423
ND_train:  0.0928992
ND_pred:  0.0837637721137567
input_y_batch_pred.shape (64, 192)
miu_pred.shape (64, 192)
prediction
step: 43500
neg_log_likelihood_train:  4.432017
neg_log_likelihood_prediction:  4.9340692866932265
RMSE_train:  0.21927544
RMSE_prediction:  0.2579681466926228
ND_train:  0.085854255
ND_pred:  0.08472529595548456
input_y_batch_pred.shape (64, 192)
miu_pred.shape (64, 192)
prediction
step: 44000
neg_log_likelihood_train:  4.870915
neg_log_likelihood_prediction:  4.953239701010964
RMSE_train:  1.1159037
RMSE_prediction:  0.26071591810746625
ND_train:  0.13748236
ND_pred:  0.08480492064898665
input_y_batch_pred.shape (64, 192)
miu_pred.shape (64, 192)
Update 1.png
prediction
step: 44500
neg_log_likelihood_train:  4.326647
neg_log_likelihood_prediction:  4.971498055891558
RMSE_train:  0.41981867
RMSE_prediction:  0.25962758741595526
ND_train:  0.06449586
ND_pred:  0.08583669432184914
input_y_batch_pred.shape (64, 192)
miu_pred.shape (64, 192)
prediction
step: 45000
neg_log_likelihood_train:  4.3080707
neg_log_likelihood_prediction:  4.968421415849165
RMSE_train:  0.22413771
RMSE_prediction:  0.27023659917441284
ND_train:  0.080765046
ND_pred:  0.08797396719455719
input_y_batch_pred.shape (64, 192)
miu_pred.shape (64, 192)
prediction
step: 45500
neg_log_likelihood_train:  5.0225263
neg_log_likelihood_prediction:  5.199096246199175
RMSE_train:  0.568656
RMSE_prediction:  0.2959218296137723
ND_train:  0.10224632
ND_pred:  0.09779538959264755
input_y_batch_pred.shape (64, 192)
miu_pred.shape (64, 192)
prediction
step: 46000
neg_log_likelihood_train:  4.7870173
neg_log_likelihood_prediction:  4.987472230737859
RMSE_train:  1.2360766
RMSE_prediction:  0.2603943564675071
ND_train:  0.1424809
ND_pred:  0.08864972604946657
input_y_batch_pred.shape (64, 192)
miu_pred.shape (64, 192)
Update 1.png
prediction
step: 46500
neg_log_likelihood_train:  5.0125985
neg_log_likelihood_prediction:  5.000481041994962
RMSE_train:  0.37054288
RMSE_prediction:  0.25977962938222016
ND_train:  0.070171095
ND_pred:  0.08617156981067224
input_y_batch_pred.shape (64, 192)
miu_pred.shape (64, 192)
prediction
step: 47000
neg_log_likelihood_train:  4.8101783
neg_log_likelihood_prediction:  4.962967439131304
RMSE_train:  0.5786369
RMSE_prediction:  0.2642403515902432
ND_train:  0.087492265
ND_pred:  0.08566012233495712
input_y_batch_pred.shape (64, 192)
miu_pred.shape (64, 192)
prediction
step: 47500
neg_log_likelihood_train:  4.33692
neg_log_likelihood_prediction:  4.965013373981822
RMSE_train:  0.14988974
RMSE_prediction:  0.262273139574311
ND_train:  0.06964776
ND_pred:  0.08532075550068509
input_y_batch_pred.shape (64, 192)
miu_pred.shape (64, 192)
prediction
step: 48000
neg_log_likelihood_train:  4.6575627
neg_log_likelihood_prediction:  4.96487418088046
RMSE_train:  0.4014448
RMSE_prediction:  0.25901163843545044
ND_train:  0.08371612
ND_pred:  0.08546916497024623
input_y_batch_pred.shape (64, 192)
miu_pred.shape (64, 192)
Update 1.png
prediction
step: 48500
neg_log_likelihood_train:  5.3552527
neg_log_likelihood_prediction:  4.952999938618053
RMSE_train:  0.2981682
RMSE_prediction:  0.2605007710781964
ND_train:  0.07233889
ND_pred:  0.08555634252049706
input_y_batch_pred.shape (64, 192)
miu_pred.shape (64, 192)
prediction
step: 49000
neg_log_likelihood_train:  4.9329557
neg_log_likelihood_prediction:  4.9664551561528985
RMSE_train:  0.15869887
RMSE_prediction:  0.25856687264008954
ND_train:  0.064325616
ND_pred:  0.08505346659909595
input_y_batch_pred.shape (64, 192)
miu_pred.shape (64, 192)
prediction
step: 49500
neg_log_likelihood_train:  4.2399554
neg_log_likelihood_prediction:  5.017570365558971
RMSE_train:  0.40842488
RMSE_prediction:  0.285822331905365
ND_train:  0.08003877
ND_pred:  0.09086881916631352
input_y_batch_pred.shape (64, 192)
miu_pred.shape (64, 192)
prediction
step: 50000
neg_log_likelihood_train:  4.796883
neg_log_likelihood_prediction:  4.969562140378085
RMSE_train:  0.24191234
RMSE_prediction:  0.2689388963309201
ND_train:  0.08405603
ND_pred:  0.08798218383030458
input_y_batch_pred.shape (64, 192)
miu_pred.shape (64, 192)
Update 1.png
###########  TIME  ##########
2018-09-01 18:55:13.322522
###########   5 Finish  #########
prediction
step: 50500
neg_log_likelihood_train:  4.820396
neg_log_likelihood_prediction:  4.978233944286
RMSE_train:  0.32843697
RMSE_prediction:  0.2684009617025202
ND_train:  0.065639906
ND_pred:  0.08735613389448686
input_y_batch_pred.shape (64, 192)
miu_pred.shape (64, 192)
prediction
step: 51000
neg_log_likelihood_train:  5.1031346
neg_log_likelihood_prediction:  4.980489427393133
RMSE_train:  0.24838029
RMSE_prediction:  0.2623563463037664
ND_train:  0.075722165
ND_pred:  0.08544879813085902
input_y_batch_pred.shape (64, 192)
miu_pred.shape (64, 192)
prediction
step: 51500
neg_log_likelihood_train:  4.4129214
neg_log_likelihood_prediction:  4.965525150299072
RMSE_train:  0.20530409
RMSE_prediction:  0.26201038468967786
ND_train:  0.077059746
ND_pred:  0.08495991744778374
input_y_batch_pred.shape (64, 192)
miu_pred.shape (64, 192)
prediction
step: 52000
neg_log_likelihood_train:  4.7895985
neg_log_likelihood_prediction:  4.984555851329457
RMSE_train:  0.6433433
RMSE_prediction:  0.26843306151303375
ND_train:  0.09681357
ND_pred:  0.08715069835836237
input_y_batch_pred.shape (64, 192)
miu_pred.shape (64, 192)
Update 1.png
prediction
step: 52500
neg_log_likelihood_train:  4.7372413
neg_log_likelihood_prediction:  4.968202677640048
RMSE_train:  0.18780425
RMSE_prediction:  0.2563517852263017
ND_train:  0.074683376
ND_pred:  0.08587965335358273
input_y_batch_pred.shape (64, 192)
miu_pred.shape (64, 192)
prediction
step: 53000
neg_log_likelihood_train:  5.083971
neg_log_likelihood_prediction:  4.923698858781294
RMSE_train:  0.2645453
RMSE_prediction:  0.26184954020110046
ND_train:  0.065367416
ND_pred:  0.08633530072190544
input_y_batch_pred.shape (64, 192)
miu_pred.shape (64, 192)
prediction
step: 53500
neg_log_likelihood_train:  4.550623
neg_log_likelihood_prediction:  4.9775120995261455
RMSE_train:  0.36357376
RMSE_prediction:  0.2552049593491988
ND_train:  0.09317985
ND_pred:  0.08653453940694983
input_y_batch_pred.shape (64, 192)
miu_pred.shape (64, 192)
prediction
step: 54000
neg_log_likelihood_train:  5.287662
neg_log_likelihood_prediction:  5.072276722301137
RMSE_train:  0.41903135
RMSE_prediction:  0.26368404112078925
ND_train:  0.100983664
ND_pred:  0.08510238033804027
input_y_batch_pred.shape (64, 192)
miu_pred.shape (64, 192)
Update 1.png
prediction
step: 54500
neg_log_likelihood_train:  5.3831067
neg_log_likelihood_prediction:  4.952816616405141
RMSE_train:  0.29666132
RMSE_prediction:  0.27422585406086664
ND_train:  0.093307
ND_pred:  0.08687435158274391
input_y_batch_pred.shape (64, 192)
miu_pred.shape (64, 192)
prediction
step: 55000
neg_log_likelihood_train:  4.368835
neg_log_likelihood_prediction:  4.949273326180198
RMSE_train:  0.20537522
RMSE_prediction:  0.26945218579335645
ND_train:  0.079326935
ND_pred:  0.08597513762387363
input_y_batch_pred.shape (64, 192)
miu_pred.shape (64, 192)
prediction
step: 55500
neg_log_likelihood_train:  4.7167
neg_log_likelihood_prediction:  4.967744913968173
RMSE_train:  0.19922255
RMSE_prediction:  0.2646056264638901
ND_train:  0.07484505
ND_pred:  0.08837038684975017
input_y_batch_pred.shape (64, 192)
miu_pred.shape (64, 192)
prediction
step: 56000
neg_log_likelihood_train:  4.8415504
neg_log_likelihood_prediction:  4.948051799427379
RMSE_train:  0.14850251
RMSE_prediction:  0.26639498499306763
ND_train:  0.07255226
ND_pred:  0.0866412263024937
input_y_batch_pred.shape (64, 192)
miu_pred.shape (64, 192)
Update 1.png
prediction
step: 56500
neg_log_likelihood_train:  4.816358
neg_log_likelihood_prediction:  4.949798193844882
RMSE_train:  0.19266011
RMSE_prediction:  0.2609601386568763
ND_train:  0.08035773
ND_pred:  0.08517627384174954
input_y_batch_pred.shape (64, 192)
miu_pred.shape (64, 192)
prediction
step: 57000
neg_log_likelihood_train:  4.975468
neg_log_likelihood_prediction:  5.034464185888117
RMSE_train:  1.0633307
RMSE_prediction:  0.2773587852716446
ND_train:  0.116866976
ND_pred:  0.09378968179225922
input_y_batch_pred.shape (64, 192)
miu_pred.shape (64, 192)
prediction
step: 57500
neg_log_likelihood_train:  5.1533394
neg_log_likelihood_prediction:  4.929936018857089
RMSE_train:  0.19832385
RMSE_prediction:  0.264719314195893
ND_train:  0.06677783
ND_pred:  0.0857734927399592
input_y_batch_pred.shape (64, 192)
miu_pred.shape (64, 192)
prediction
step: 58000
neg_log_likelihood_train:  5.5124526
neg_log_likelihood_prediction:  5.236100283536044
RMSE_train:  0.31121677
RMSE_prediction:  0.41109013286503876
ND_train:  0.11929156
ND_pred:  0.11926325275139375
input_y_batch_pred.shape (64, 192)
miu_pred.shape (64, 192)
Update 1.png
prediction
step: 58500
neg_log_likelihood_train:  4.7049613
neg_log_likelihood_prediction:  5.068491545590487
RMSE_train:  0.27460253
RMSE_prediction:  0.3035732087763873
ND_train:  0.090943
ND_pred:  0.09511122513901103
input_y_batch_pred.shape (64, 192)
miu_pred.shape (64, 192)
###########  TIME  ##########
2018-09-01 19:24:58.632602
###########   6 Finish  #########
prediction
step: 59000
neg_log_likelihood_train:  5.2592044
neg_log_likelihood_prediction:  5.029235969890248
RMSE_train:  0.23333767
RMSE_prediction:  0.28522681106220593
ND_train:  0.06287373
ND_pred:  0.09348276934840462
input_y_batch_pred.shape (64, 192)
miu_pred.shape (64, 192)
prediction
step: 59500
neg_log_likelihood_train:  5.3173885
neg_log_likelihood_prediction:  5.1035168387673115
RMSE_train:  0.45745292
RMSE_prediction:  0.32858435809612274
ND_train:  0.09648752
ND_pred:  0.09994768825444308
input_y_batch_pred.shape (64, 192)
miu_pred.shape (64, 192)
prediction
step: 60000
neg_log_likelihood_train:  4.8669257
neg_log_likelihood_prediction:  4.984982533888384
RMSE_train:  0.3590878
RMSE_prediction:  0.28233164684339
ND_train:  0.07852869
ND_pred:  0.0896159525622021
input_y_batch_pred.shape (64, 192)
miu_pred.shape (64, 192)
Update 1.png
prediction
step: 60500
neg_log_likelihood_train:  5.271733
neg_log_likelihood_prediction:  4.975400794636119
RMSE_train:  0.38045925
RMSE_prediction:  0.26909523931416596
ND_train:  0.1063817
ND_pred:  0.08722646805373105
input_y_batch_pred.shape (64, 192)
miu_pred.shape (64, 192)
prediction
step: 61000
neg_log_likelihood_train:  4.529548
neg_log_likelihood_prediction:  4.975567470897328
RMSE_train:  0.26242968
RMSE_prediction:  0.27687049318443646
ND_train:  0.08905672
ND_pred:  0.08804490281776949
input_y_batch_pred.shape (64, 192)
miu_pred.shape (64, 192)
prediction
step: 61500
neg_log_likelihood_train:  4.8010015
neg_log_likelihood_prediction:  4.959720654921099
RMSE_train:  0.21098152
RMSE_prediction:  0.2670323225584897
ND_train:  0.0786126
ND_pred:  0.08699488301168788
input_y_batch_pred.shape (64, 192)
miu_pred.shape (64, 192)
prediction
step: 62000
neg_log_likelihood_train:  5.177419
neg_log_likelihood_prediction:  4.993333599784157
RMSE_train:  0.9949604
RMSE_prediction:  0.2757451439445669
ND_train:  0.1301258
ND_pred:  0.08837557380849664
input_y_batch_pred.shape (64, 192)
miu_pred.shape (64, 192)
Update 1.png
prediction
step: 62500
neg_log_likelihood_train:  5.082067
neg_log_likelihood_prediction:  5.009373361414129
RMSE_train:  0.6774205
RMSE_prediction:  0.2805812941356139
ND_train:  0.0963609
ND_pred:  0.0888283293355595
input_y_batch_pred.shape (64, 192)
miu_pred.shape (64, 192)
prediction
step: 63000
neg_log_likelihood_train:  4.489961
neg_log_likelihood_prediction:  5.005467891693115
RMSE_train:  0.44706804
RMSE_prediction:  0.2685531269420277
ND_train:  0.08733467
ND_pred:  0.08762571892955086
input_y_batch_pred.shape (64, 192)
miu_pred.shape (64, 192)
prediction
step: 63500
neg_log_likelihood_train:  5.3730483
neg_log_likelihood_prediction:  4.958827885714444
RMSE_train:  0.293615
RMSE_prediction:  0.26802337576042523
ND_train:  0.08620933
ND_pred:  0.08598463237285614
input_y_batch_pred.shape (64, 192)
miu_pred.shape (64, 192)
prediction
step: 64000
neg_log_likelihood_train:  4.7948103
neg_log_likelihood_prediction:  4.953658407384699
RMSE_train:  0.23828293
RMSE_prediction:  0.2671535868536342
ND_train:  0.086165845
ND_pred:  0.08611266484314745
input_y_batch_pred.shape (64, 192)
miu_pred.shape (64, 192)
Update 1.png
prediction
step: 64500
neg_log_likelihood_train:  5.0260873
neg_log_likelihood_prediction:  4.9489076354286885
RMSE_train:  0.7604997
RMSE_prediction:  0.26674464074048126
ND_train:  0.09950446
ND_pred:  0.08640859174457463
input_y_batch_pred.shape (64, 192)
miu_pred.shape (64, 192)
prediction
step: 65000
neg_log_likelihood_train:  4.247761
neg_log_likelihood_prediction:  4.925182255831632
RMSE_train:  0.21353424
RMSE_prediction:  0.2631173756989566
ND_train:  0.078588665
ND_pred:  0.08576147698543289
input_y_batch_pred.shape (64, 192)
miu_pred.shape (64, 192)
prediction
step: 65500
neg_log_likelihood_train:  5.167954
neg_log_likelihood_prediction:  4.945565180345015
RMSE_train:  0.18662724
RMSE_prediction:  0.2606687843799591
ND_train:  0.058703184
ND_pred:  0.0852337706495415
input_y_batch_pred.shape (64, 192)
miu_pred.shape (64, 192)
prediction
step: 66000
neg_log_likelihood_train:  4.6685224
neg_log_likelihood_prediction:  4.959665081717751
RMSE_train:  0.6488739
RMSE_prediction:  0.27196208997206256
ND_train:  0.08618832
ND_pred:  0.08906307816505432
input_y_batch_pred.shape (64, 192)
miu_pred.shape (64, 192)
Update 1.png
prediction
step: 66500
neg_log_likelihood_train:  4.0084205
neg_log_likelihood_prediction:  4.926567337729714
RMSE_train:  0.44555902
RMSE_prediction:  0.2823428619991649
ND_train:  0.07561224
ND_pred:  0.08922261609272523
input_y_batch_pred.shape (64, 192)
miu_pred.shape (64, 192)
prediction
step: 67000
neg_log_likelihood_train:  4.4318686
neg_log_likelihood_prediction:  4.94385610927235
RMSE_train:  0.48061922
RMSE_prediction:  0.2719371522014791
ND_train:  0.08247667
ND_pred:  0.0878657420927828
input_y_batch_pred.shape (64, 192)
miu_pred.shape (64, 192)
###########  TIME  ##########
2018-09-01 19:54:43.630768
###########   7 Finish  #########
prediction
step: 67500
neg_log_likelihood_train:  4.923205
neg_log_likelihood_prediction:  4.944340185685591
RMSE_train:  0.30698246
RMSE_prediction:  0.27952872758561914
ND_train:  0.0659605
ND_pred:  0.08827678791501305
input_y_batch_pred.shape (64, 192)
miu_pred.shape (64, 192)
prediction
step: 68000
neg_log_likelihood_train:  4.9188204
neg_log_likelihood_prediction:  4.960085955533114
RMSE_train:  0.70133185
RMSE_prediction:  0.2751814993945035
ND_train:  0.10134193
ND_pred:  0.08697578514164145
input_y_batch_pred.shape (64, 192)
miu_pred.shape (64, 192)
Update 1.png
prediction
step: 68500
neg_log_likelihood_train:  4.863906
neg_log_likelihood_prediction:  4.942837758497759
RMSE_train:  0.28156382
RMSE_prediction:  0.2853391888466748
ND_train:  0.0712694
ND_pred:  0.09080567888238213
input_y_batch_pred.shape (64, 192)
miu_pred.shape (64, 192)
prediction
step: 69000
neg_log_likelihood_train:  4.6521134
neg_log_likelihood_prediction:  4.927026878703725
RMSE_train:  0.20463254
RMSE_prediction:  0.2658875598148866
ND_train:  0.08101405
ND_pred:  0.08768628402189775
input_y_batch_pred.shape (64, 192)
miu_pred.shape (64, 192)
prediction
step: 69500
neg_log_likelihood_train:  4.0249405
neg_log_likelihood_prediction:  4.964046478271484
RMSE_train:  0.2394142
RMSE_prediction:  0.2866608595306223
ND_train:  0.07186563
ND_pred:  0.08990321037444202
input_y_batch_pred.shape (64, 192)
miu_pred.shape (64, 192)
prediction
step: 70000
neg_log_likelihood_train:  5.0456653
neg_log_likelihood_prediction:  4.915937206961892
RMSE_train:  0.17405824
RMSE_prediction:  0.28086649694226007
ND_train:  0.07456624
ND_pred:  0.08997100760990923
input_y_batch_pred.shape (64, 192)
miu_pred.shape (64, 192)
Update 1.png
prediction
step: 70500
neg_log_likelihood_train:  4.472816
neg_log_likelihood_prediction:  4.910588958046653
RMSE_train:  0.28201738
RMSE_prediction:  0.29123185033147986
ND_train:  0.06548885
ND_pred:  0.08982510390606793
input_y_batch_pred.shape (64, 192)
miu_pred.shape (64, 192)
prediction
step: 71000
neg_log_likelihood_train:  4.4069734
neg_log_likelihood_prediction:  5.039299184625799
RMSE_train:  0.29876286
RMSE_prediction:  0.3152315386316993
ND_train:  0.0919436
ND_pred:  0.0959927195852453
input_y_batch_pred.shape (64, 192)
miu_pred.shape (64, 192)
prediction
step: 71500
neg_log_likelihood_train:  4.65743
neg_log_likelihood_prediction:  5.002974423495206
RMSE_train:  0.2671456
RMSE_prediction:  0.30078059434890747
ND_train:  0.093839906
ND_pred:  0.09193955294110558
input_y_batch_pred.shape (64, 192)
miu_pred.shape (64, 192)
prediction
step: 72000
neg_log_likelihood_train:  4.6862645
neg_log_likelihood_prediction:  4.985838369889692
RMSE_train:  0.28802544
RMSE_prediction:  0.2917173924771222
ND_train:  0.06277685
ND_pred:  0.09050243144685571
input_y_batch_pred.shape (64, 192)
miu_pred.shape (64, 192)
Update 1.png
prediction
step: 72500
neg_log_likelihood_train:  5.2437997
neg_log_likelihood_prediction:  4.962769638408314
RMSE_train:  0.21612732
RMSE_prediction:  0.2870647338303653
ND_train:  0.07721523
ND_pred:  0.09010972556742755
input_y_batch_pred.shape (64, 192)
miu_pred.shape (64, 192)
prediction
step: 73000
neg_log_likelihood_train:  4.5497365
neg_log_likelihood_prediction:  4.960860989310524
RMSE_train:  0.39108288
RMSE_prediction:  0.2767689824104309
ND_train:  0.09231618
ND_pred:  0.08822170374068347
input_y_batch_pred.shape (64, 192)
miu_pred.shape (64, 192)
prediction
step: 73500
neg_log_likelihood_train:  5.1026516
neg_log_likelihood_prediction:  4.935656287453392
RMSE_train:  0.6437355
RMSE_prediction:  0.27080985497344623
ND_train:  0.09393204
ND_pred:  0.086542316458442
input_y_batch_pred.shape (64, 192)
miu_pred.shape (64, 192)
prediction
step: 74000
neg_log_likelihood_train:  4.884308
neg_log_likelihood_prediction:  4.921574809334495
RMSE_train:  0.25801677
RMSE_prediction:  0.26757264272733167
ND_train:  0.08263815
ND_pred:  0.08620863035321236
input_y_batch_pred.shape (64, 192)
miu_pred.shape (64, 192)
Update 1.png
prediction
step: 74500
neg_log_likelihood_train:  5.396664
neg_log_likelihood_prediction:  4.910973245447332
RMSE_train:  0.953161
RMSE_prediction:  0.28772562877698377
ND_train:  0.10393581
ND_pred:  0.08851437947966835
input_y_batch_pred.shape (64, 192)
miu_pred.shape (64, 192)
prediction
step: 75000
neg_log_likelihood_train:  4.570398
neg_log_likelihood_prediction:  4.904079567302357
RMSE_train:  0.15736389
RMSE_prediction:  0.2686822590502826
ND_train:  0.06484437
ND_pred:  0.08546383678913116
input_y_batch_pred.shape (64, 192)
miu_pred.shape (64, 192)
prediction
step: 75500
neg_log_likelihood_train:  4.502548
neg_log_likelihood_prediction:  4.9108241254633125
RMSE_train:  0.17385103
RMSE_prediction:  0.26278832825747406
ND_train:  0.0757416
ND_pred:  0.0852492329749194
input_y_batch_pred.shape (64, 192)
miu_pred.shape (64, 192)
###########  TIME  ##########
2018-09-01 20:24:26.783045
###########   8 Finish  #########
prediction
step: 76000
neg_log_likelihood_train:  4.9793615
neg_log_likelihood_prediction:  4.903646469116211
RMSE_train:  0.6040883
RMSE_prediction:  0.2636703713373704
ND_train:  0.090326995
ND_pred:  0.08447111465714195
input_y_batch_pred.shape (64, 192)
miu_pred.shape (64, 192)
Update 1.png
prediction
step: 76500
neg_log_likelihood_train:  4.3465676
neg_log_likelihood_prediction:  4.885146834633567
RMSE_train:  0.30964947
RMSE_prediction:  0.26317597925662994
ND_train:  0.0858693
ND_pred:  0.08399448950182307
input_y_batch_pred.shape (64, 192)
miu_pred.shape (64, 192)
prediction
step: 77000
neg_log_likelihood_train:  4.4786077
neg_log_likelihood_prediction:  4.890500935641202
RMSE_train:  0.45475098
RMSE_prediction:  0.2603680125691674
ND_train:  0.08793354
ND_pred:  0.08488471399654042
input_y_batch_pred.shape (64, 192)
miu_pred.shape (64, 192)
prediction
step: 77500
neg_log_likelihood_train:  4.540626
neg_log_likelihood_prediction:  4.887677452780983
RMSE_train:  0.14479335
RMSE_prediction:  0.2581903582269495
ND_train:  0.064318754
ND_pred:  0.08493666147643869
input_y_batch_pred.shape (64, 192)
miu_pred.shape (64, 192)
prediction
step: 78000
neg_log_likelihood_train:  4.3156695
neg_log_likelihood_prediction:  4.888778296383944
RMSE_train:  0.178218
RMSE_prediction:  0.2697409824891524
ND_train:  0.08358113
ND_pred:  0.08684032952243631
input_y_batch_pred.shape (64, 192)
miu_pred.shape (64, 192)
Update 1.png
prediction
step: 78500
neg_log_likelihood_train:  4.861095
neg_log_likelihood_prediction:  4.881435957821933
RMSE_train:  0.14939696
RMSE_prediction:  0.2664691345258193
ND_train:  0.06652332
ND_pred:  0.08584973080591722
input_y_batch_pred.shape (64, 192)
miu_pred.shape (64, 192)
prediction
step: 79000
neg_log_likelihood_train:  4.736881
neg_log_likelihood_prediction:  4.886990070343018
RMSE_train:  0.19017199
RMSE_prediction:  0.26599656451832165
ND_train:  0.06910556
ND_pred:  0.08446482975374568
input_y_batch_pred.shape (64, 192)
miu_pred.shape (64, 192)
prediction
step: 79500
neg_log_likelihood_train:  4.6496778
neg_log_likelihood_prediction:  4.881762244484642
RMSE_train:  0.26605704
RMSE_prediction:  0.2689639519561421
ND_train:  0.06499616
ND_pred:  0.08729860322041945
input_y_batch_pred.shape (64, 192)
miu_pred.shape (64, 192)
prediction
step: 80000
neg_log_likelihood_train:  4.6473565
neg_log_likelihood_prediction:  4.902201435782692
RMSE_train:  0.45528704
RMSE_prediction:  0.2675451229919087
ND_train:  0.08232787
ND_pred:  0.08548433943228288
input_y_batch_pred.shape (64, 192)
miu_pred.shape (64, 192)
Update 1.png
prediction
step: 80500
neg_log_likelihood_train:  4.522755
neg_log_likelihood_prediction:  4.876424746079878
RMSE_train:  0.23775867
RMSE_prediction:  0.2750658799301494
ND_train:  0.073308244
ND_pred:  0.08672958273779262
input_y_batch_pred.shape (64, 192)
miu_pred.shape (64, 192)
prediction
step: 81000
neg_log_likelihood_train:  4.7800307
neg_log_likelihood_prediction:  4.8747875907204365
RMSE_train:  0.2972627
RMSE_prediction:  0.27427237548611383
ND_train:  0.06573728
ND_pred:  0.0860202441161329
input_y_batch_pred.shape (64, 192)
miu_pred.shape (64, 192)
prediction
step: 81500
neg_log_likelihood_train:  4.474207
neg_log_likelihood_prediction:  4.879934354261919
RMSE_train:  0.20595095
RMSE_prediction:  0.26737569814378565
ND_train:  0.06381187
ND_pred:  0.0848743116313761
input_y_batch_pred.shape (64, 192)
miu_pred.shape (64, 192)
prediction
step: 82000
neg_log_likelihood_train:  4.7958083
neg_log_likelihood_prediction:  4.896911924535578
RMSE_train:  0.35416812
RMSE_prediction:  0.2681289423595775
ND_train:  0.07522222
ND_pred:  0.08897881480780515
input_y_batch_pred.shape (64, 192)
miu_pred.shape (64, 192)
Update 1.png
prediction
step: 82500
neg_log_likelihood_train:  4.150041
neg_log_likelihood_prediction:  4.881589456038042
RMSE_train:  0.20952702
RMSE_prediction:  0.265812640840357
ND_train:  0.07782055
ND_pred:  0.08501659333705902
input_y_batch_pred.shape (64, 192)
miu_pred.shape (64, 192)
prediction
step: 83000
neg_log_likelihood_train:  4.464016
neg_log_likelihood_prediction:  4.875829263166948
RMSE_train:  0.76997393
RMSE_prediction:  0.26814800094474445
ND_train:  0.10056687
ND_pred:  0.0854044258594513
input_y_batch_pred.shape (64, 192)
miu_pred.shape (64, 192)
prediction
step: 83500
neg_log_likelihood_train:  4.762509
neg_log_likelihood_prediction:  4.911106933246959
RMSE_train:  0.5593901
RMSE_prediction:  0.29163721203804016
ND_train:  0.08120846
ND_pred:  0.08930686183951118
input_y_batch_pred.shape (64, 192)
miu_pred.shape (64, 192)
prediction
step: 84000
neg_log_likelihood_train:  4.662845
neg_log_likelihood_prediction:  4.910808953371915
RMSE_train:  0.1584335
RMSE_prediction:  0.27132468873804266
ND_train:  0.07224553
ND_pred:  0.08838044784285805
input_y_batch_pred.shape (64, 192)
miu_pred.shape (64, 192)
Update 1.png
###########  TIME  ##########
2018-09-01 20:54:13.685018
###########   9 Finish  #########
prediction
step: 84500
neg_log_likelihood_train:  4.7261777
neg_log_likelihood_prediction:  4.891516078602184
RMSE_train:  0.21979226
RMSE_prediction:  0.28115812756798486
ND_train:  0.07593852
ND_pred:  0.08790056678381833
input_y_batch_pred.shape (64, 192)
miu_pred.shape (64, 192)
prediction
step: 85000
neg_log_likelihood_train:  4.937247
neg_log_likelihood_prediction:  4.859661275690252
RMSE_train:  0.4375496
RMSE_prediction:  0.26201754943891004
ND_train:  0.07322098
ND_pred:  0.08422303809361024
input_y_batch_pred.shape (64, 192)
miu_pred.shape (64, 192)
prediction
step: 85500
neg_log_likelihood_train:  4.3897376
neg_log_likelihood_prediction:  4.875135855241255
RMSE_train:  0.224783
RMSE_prediction:  0.26508927751671185
ND_train:  0.0822956
ND_pred:  0.08577379922975194
input_y_batch_pred.shape (64, 192)
miu_pred.shape (64, 192)
prediction
step: 86000
neg_log_likelihood_train:  4.786486
neg_log_likelihood_prediction:  4.899474534121427
RMSE_train:  1.0640992
RMSE_prediction:  0.26345065100626514
ND_train:  0.12413999
ND_pred:  0.08541146394881335
input_y_batch_pred.shape (64, 192)
miu_pred.shape (64, 192)
Update 1.png
prediction
step: 86500
neg_log_likelihood_train:  4.254154
neg_log_likelihood_prediction:  4.873531991785223
RMSE_train:  0.5420718
RMSE_prediction:  0.2767590203068473
ND_train:  0.07810918
ND_pred:  0.08699865706942299
input_y_batch_pred.shape (64, 192)
miu_pred.shape (64, 192)
prediction
step: 87000
neg_log_likelihood_train:  4.245708
neg_log_likelihood_prediction:  4.9140142960981885
RMSE_train:  0.21850207
RMSE_prediction:  0.26326061243360693
ND_train:  0.075541124
ND_pred:  0.08581212975762108
input_y_batch_pred.shape (64, 192)
miu_pred.shape (64, 192)
prediction
step: 87500
neg_log_likelihood_train:  4.4521394
neg_log_likelihood_prediction:  4.89707764712247
RMSE_train:  0.5468343
RMSE_prediction:  0.26171764866872266
ND_train:  0.09124473
ND_pred:  0.0865689218044281
input_y_batch_pred.shape (64, 192)
miu_pred.shape (64, 192)
prediction
step: 88000
neg_log_likelihood_train:  4.582396
neg_log_likelihood_prediction:  4.88996562090787
RMSE_train:  0.8026246
RMSE_prediction:  0.2692418084903197
ND_train:  0.098889306
ND_pred:  0.08824162659319965
input_y_batch_pred.shape (64, 192)
miu_pred.shape (64, 192)
Update 1.png
prediction
step: 88500
neg_log_likelihood_train:  4.8882394
neg_log_likelihood_prediction:  4.912555087696422
RMSE_train:  0.33483198
RMSE_prediction:  0.2778440740975467
ND_train:  0.067640245
ND_pred:  0.08718910203738646
input_y_batch_pred.shape (64, 192)
miu_pred.shape (64, 192)
prediction
step: 89000
neg_log_likelihood_train:  4.6708837
neg_log_likelihood_prediction:  4.910631093111905
RMSE_train:  0.7403061
RMSE_prediction:  0.272029539400881
ND_train:  0.10295795
ND_pred:  0.08592186800458214
input_y_batch_pred.shape (64, 192)
miu_pred.shape (64, 192)
prediction
step: 89500
neg_log_likelihood_train:  4.250023
neg_log_likelihood_prediction:  4.8664421601728955
RMSE_train:  0.1401377
RMSE_prediction:  0.26565542952580884
ND_train:  0.066422686
ND_pred:  0.08508263392881914
input_y_batch_pred.shape (64, 192)
miu_pred.shape (64, 192)
prediction
step: 90000
neg_log_likelihood_train:  4.56979
neg_log_likelihood_prediction:  4.881674203005704
RMSE_train:  0.3286139
RMSE_prediction:  0.26481310752305115
ND_train:  0.07525185
ND_pred:  0.08562251688404517
input_y_batch_pred.shape (64, 192)
miu_pred.shape (64, 192)
Update 1.png
prediction
step: 90500
neg_log_likelihood_train:  5.276711
neg_log_likelihood_prediction:  4.904389424757524
RMSE_train:  0.23736764
RMSE_prediction:  0.27181456170298834
ND_train:  0.06559869
ND_pred:  0.08464503051205115
input_y_batch_pred.shape (64, 192)
miu_pred.shape (64, 192)
prediction
step: 91000
neg_log_likelihood_train:  4.8650565
neg_log_likelihood_prediction:  4.907409928061745
RMSE_train:  0.13744816
RMSE_prediction:  0.27680822529576044
ND_train:  0.057355564
ND_pred:  0.08775140683759343
input_y_batch_pred.shape (64, 192)
miu_pred.shape (64, 192)
prediction
step: 91500
neg_log_likelihood_train:  4.095369
neg_log_likelihood_prediction:  4.909493403001265
RMSE_train:  0.38618535
RMSE_prediction:  0.2653758769685572
ND_train:  0.072194956
ND_pred:  0.08579996499148282
input_y_batch_pred.shape (64, 192)
miu_pred.shape (64, 192)
prediction
step: 92000
neg_log_likelihood_train:  4.7647204
neg_log_likelihood_prediction:  4.904407631267201
RMSE_train:  0.23084897
RMSE_prediction:  0.26440328088673676
ND_train:  0.08091194
ND_pred:  0.0842150090770288
input_y_batch_pred.shape (64, 192)
miu_pred.shape (64, 192)
Update 1.png
###########  TIME  ##########
2018-09-01 21:23:52.079756
###########   10 Finish  #########
prediction
step: 92500
neg_log_likelihood_train:  4.789177
neg_log_likelihood_prediction:  4.900295170870694
RMSE_train:  0.30317807
RMSE_prediction:  0.2570073902606964
ND_train:  0.06143153
ND_pred:  0.084930862554095
input_y_batch_pred.shape (64, 192)
miu_pred.shape (64, 192)
prediction
step: 93000
neg_log_likelihood_train:  5.0692444
neg_log_likelihood_prediction:  4.941013466228139
RMSE_train:  0.2528631
RMSE_prediction:  0.2618485553698106
ND_train:  0.06866349
ND_pred:  0.0865511494604024
input_y_batch_pred.shape (64, 192)
miu_pred.shape (64, 192)
prediction
step: 93500
neg_log_likelihood_train:  4.4041033
neg_log_likelihood_prediction:  4.869796406139027
RMSE_train:  0.18811052
RMSE_prediction:  0.2632990005341443
ND_train:  0.07256971
ND_pred:  0.08635462685064836
input_y_batch_pred.shape (64, 192)
miu_pred.shape (64, 192)
prediction
step: 94000
neg_log_likelihood_train:  4.7172694
neg_log_likelihood_prediction:  4.896372101523659
RMSE_train:  0.61328334
RMSE_prediction:  0.264181757515127
ND_train:  0.08920564
ND_pred:  0.08468511971560391
input_y_batch_pred.shape (64, 192)
miu_pred.shape (64, 192)
Update 1.png
prediction
step: 94500
neg_log_likelihood_train:  4.7005935
neg_log_likelihood_prediction:  4.839709065177224
RMSE_train:  0.18938886
RMSE_prediction:  0.25516986034133216
ND_train:  0.07166624
ND_pred:  0.0843932418660684
input_y_batch_pred.shape (64, 192)
miu_pred.shape (64, 192)
prediction
step: 95000
neg_log_likelihood_train:  4.9830537
neg_log_likelihood_prediction:  4.914255402304909
RMSE_train:  0.23890375
RMSE_prediction:  0.25922520187768067
ND_train:  0.06321585
ND_pred:  0.0851541046391834
input_y_batch_pred.shape (64, 192)
miu_pred.shape (64, 192)
prediction
step: 95500
neg_log_likelihood_train:  4.440081
neg_log_likelihood_prediction:  4.894630822268399
RMSE_train:  0.3220489
RMSE_prediction:  0.2576610351150686
ND_train:  0.08262514
ND_pred:  0.08330664851448753
input_y_batch_pred.shape (64, 192)
miu_pred.shape (64, 192)
prediction
step: 96000
neg_log_likelihood_train:  5.1767144
neg_log_likelihood_prediction:  4.895529140125621
RMSE_train:  0.33745137
RMSE_prediction:  0.26733080636371265
ND_train:  0.08375077
ND_pred:  0.08590216731483286
input_y_batch_pred.shape (64, 192)
miu_pred.shape (64, 192)
Update 1.png
prediction
step: 96500
neg_log_likelihood_train:  5.249871
neg_log_likelihood_prediction:  4.848353125832298
RMSE_train:  0.2626145
RMSE_prediction:  0.25787569853392517
ND_train:  0.080296576
ND_pred:  0.08334839073094455
input_y_batch_pred.shape (64, 192)
miu_pred.shape (64, 192)
prediction
step: 97000
neg_log_likelihood_train:  4.3415265
neg_log_likelihood_prediction:  4.907115242697976
RMSE_train:  0.17914371
RMSE_prediction:  0.26660072938962415
ND_train:  0.07420048
ND_pred:  0.08774734762581912
input_y_batch_pred.shape (64, 192)
miu_pred.shape (64, 192)
prediction
step: 97500
neg_log_likelihood_train:  4.804573
neg_log_likelihood_prediction:  5.016679590398615
RMSE_train:  0.1839899
RMSE_prediction:  0.3349485018036582
ND_train:  0.074625954
ND_pred:  0.10944963043386285
input_y_batch_pred.shape (64, 192)
miu_pred.shape (64, 192)
prediction
step: 98000
neg_log_likelihood_train:  4.9115067
neg_log_likelihood_prediction:  4.877891453829679
RMSE_train:  0.134509
RMSE_prediction:  0.2756826159628955
ND_train:  0.06625415
ND_pred:  0.08753258193081076
input_y_batch_pred.shape (64, 192)
miu_pred.shape (64, 192)
Update 1.png
prediction
step: 98500
neg_log_likelihood_train:  4.780983
neg_log_likelihood_prediction:  4.869706413962624
RMSE_train:  0.20218176
RMSE_prediction:  0.2662117752161893
ND_train:  0.080060005
ND_pred:  0.08678764917633751
input_y_batch_pred.shape (64, 192)
miu_pred.shape (64, 192)
prediction
step: 99000
neg_log_likelihood_train:  4.633043
neg_log_likelihood_prediction:  4.850439981980757
RMSE_train:  0.685187
RMSE_prediction:  0.26498753238808026
ND_train:  0.07736724
ND_pred:  0.08419262143698605
input_y_batch_pred.shape (64, 192)
miu_pred.shape (64, 192)
prediction
step: 99500
neg_log_likelihood_train:  5.104428
neg_log_likelihood_prediction:  4.868489612232555
RMSE_train:  0.20913793
RMSE_prediction:  0.25847034698182886
ND_train:  0.06608965
ND_pred:  0.08512878282503648
input_y_batch_pred.shape (64, 192)
miu_pred.shape (64, 192)
prediction
step: 100000
neg_log_likelihood_train:  5.188206
neg_log_likelihood_prediction:  4.9928740154613145
RMSE_train:  0.24145684
RMSE_prediction:  0.32734680717641657
ND_train:  0.08707485
ND_pred:  0.09836807237430052
input_y_batch_pred.shape (64, 192)
miu_pred.shape (64, 192)
Update 1.png
prediction
step: 100500
neg_log_likelihood_train:  4.625413
neg_log_likelihood_prediction:  4.955137729644775
RMSE_train:  0.2521273
RMSE_prediction:  0.2906093231656335
ND_train:  0.079799265
ND_pred:  0.09058409116484901
input_y_batch_pred.shape (64, 192)
miu_pred.shape (64, 192)
###########  TIME  ##########
2018-09-01 21:53:43.928162
###########   11 Finish  #########
prediction
step: 101000
neg_log_likelihood_train:  5.1136074
neg_log_likelihood_prediction:  4.934770757501775
RMSE_train:  0.16065969
RMSE_prediction:  0.2720830277963118
ND_train:  0.05074394
ND_pred:  0.08728475326841528
input_y_batch_pred.shape (64, 192)
miu_pred.shape (64, 192)
prediction
step: 101500
neg_log_likelihood_train:  4.988204
neg_log_likelihood_prediction:  4.9254913763566455
RMSE_train:  0.40754044
RMSE_prediction:  0.27225814353335986
ND_train:  0.08168005
ND_pred:  0.08693498339165341
input_y_batch_pred.shape (64, 192)
miu_pred.shape (64, 192)
prediction
step: 102000
neg_log_likelihood_train:  4.7500596
neg_log_likelihood_prediction:  4.884871959686279
RMSE_train:  0.3222973
RMSE_prediction:  0.26621632413430646
ND_train:  0.07125723
ND_pred:  0.0860098735852675
input_y_batch_pred.shape (64, 192)
miu_pred.shape (64, 192)
Update 1.png
prediction
step: 102500
neg_log_likelihood_train:  5.202362
neg_log_likelihood_prediction:  4.903073657642711
RMSE_train:  0.35547638
RMSE_prediction:  0.266833249818195
ND_train:  0.102106705
ND_pred:  0.08626456694169478
input_y_batch_pred.shape (64, 192)
miu_pred.shape (64, 192)
prediction
step: 103000
neg_log_likelihood_train:  4.4763103
neg_log_likelihood_prediction:  4.883246985348788
RMSE_train:  0.21194375
RMSE_prediction:  0.2641046629710631
ND_train:  0.075650916
ND_pred:  0.08574896102601831
input_y_batch_pred.shape (64, 192)
miu_pred.shape (64, 192)
prediction
step: 103500
neg_log_likelihood_train:  4.756321
neg_log_likelihood_prediction:  4.873468962582675
RMSE_train:  0.23162408
RMSE_prediction:  0.2625023058869622
ND_train:  0.080788665
ND_pred:  0.08429516580971805
input_y_batch_pred.shape (64, 192)
miu_pred.shape (64, 192)
prediction
step: 104000
neg_log_likelihood_train:  5.0304127
neg_log_likelihood_prediction:  4.88246523250233
RMSE_train:  0.6455202
RMSE_prediction:  0.2783663882450624
ND_train:  0.10096756
ND_pred:  0.08733991533517838
input_y_batch_pred.shape (64, 192)
miu_pred.shape (64, 192)
Update 1.png
prediction
step: 104500
neg_log_likelihood_train:  4.967151
neg_log_likelihood_prediction:  4.879112373698842
RMSE_train:  0.8442262
RMSE_prediction:  0.2635116834532131
ND_train:  0.10935451
ND_pred:  0.08465875278819691
input_y_batch_pred.shape (64, 192)
miu_pred.shape (64, 192)
prediction
step: 105000
neg_log_likelihood_train:  4.396797
neg_log_likelihood_prediction:  4.925272984938188
RMSE_train:  0.34697378
RMSE_prediction:  0.2630222182382237
ND_train:  0.073656365
ND_pred:  0.08616397665305571
input_y_batch_pred.shape (64, 192)
miu_pred.shape (64, 192)
prediction
step: 105500
neg_log_likelihood_train:  5.2552695
neg_log_likelihood_prediction:  4.87521353634921
RMSE_train:  0.31268144
RMSE_prediction:  0.27219288322058593
ND_train:  0.08353546
ND_pred:  0.08539621328765695
input_y_batch_pred.shape (64, 192)
miu_pred.shape (64, 192)
prediction
step: 106000
neg_log_likelihood_train:  4.721752
neg_log_likelihood_prediction:  4.915707761591131
RMSE_train:  0.21699348
RMSE_prediction:  0.25939989767291327
ND_train:  0.07857565
ND_pred:  0.083717096935619
input_y_batch_pred.shape (64, 192)
miu_pred.shape (64, 192)
Update 1.png
prediction
step: 106500
neg_log_likelihood_train:  4.9494157
neg_log_likelihood_prediction:  4.912240245125511
RMSE_train:  0.82445806
RMSE_prediction:  0.2602750076489015
ND_train:  0.097828224
ND_pred:  0.08390314504504204
input_y_batch_pred.shape (64, 192)
miu_pred.shape (64, 192)
prediction
step: 107000
neg_log_likelihood_train:  4.1760745
neg_log_likelihood_prediction:  4.91654109954834
RMSE_train:  0.23772761
RMSE_prediction:  0.2620586671612479
ND_train:  0.077103816
ND_pred:  0.0848610990426757
input_y_batch_pred.shape (64, 192)
miu_pred.shape (64, 192)
prediction
step: 107500
neg_log_likelihood_train:  5.1349406
neg_log_likelihood_prediction:  4.93250187960538
RMSE_train:  0.22285466
RMSE_prediction:  0.25970960611646826
ND_train:  0.06131722
ND_pred:  0.08390860259532928
input_y_batch_pred.shape (64, 192)
miu_pred.shape (64, 192)
prediction
step: 108000
neg_log_likelihood_train:  4.498883
neg_log_likelihood_prediction:  4.920585458928889
RMSE_train:  0.4716388
RMSE_prediction:  0.2677761641415683
ND_train:  0.07073372
ND_pred:  0.08536479181864044
input_y_batch_pred.shape (64, 192)
miu_pred.shape (64, 192)
Update 1.png
prediction
step: 108500
neg_log_likelihood_train:  3.9532259
neg_log_likelihood_prediction:  4.847015164115212
RMSE_train:  0.4049066
RMSE_prediction:  0.26069271293553437
ND_train:  0.07160621
ND_pred:  0.08430465988137505
input_y_batch_pred.shape (64, 192)
miu_pred.shape (64, 192)
prediction
step: 109000
neg_log_likelihood_train:  4.3751435
neg_log_likelihood_prediction:  4.910067818381569
RMSE_train:  0.47582912
RMSE_prediction:  0.2553259500048377
ND_train:  0.077265404
ND_pred:  0.08311528102918105
input_y_batch_pred.shape (64, 192)
miu_pred.shape (64, 192)
###########  TIME  ##########
2018-09-01 22:23:26.001016
###########   12 Finish  #########
prediction
step: 109500
neg_log_likelihood_train:  4.9208074
neg_log_likelihood_prediction:  4.965192144567316
RMSE_train:  0.2859311
RMSE_prediction:  0.27983245524493133
ND_train:  0.063372724
ND_pred:  0.09089082140814174
input_y_batch_pred.shape (64, 192)
miu_pred.shape (64, 192)
prediction
step: 110000
neg_log_likelihood_train:  4.8965
neg_log_likelihood_prediction:  4.917243047194048
RMSE_train:  0.546828
RMSE_prediction:  0.2637099569494074
ND_train:  0.08492183
ND_pred:  0.08415529876947403
input_y_batch_pred.shape (64, 192)
miu_pred.shape (64, 192)
Update 1.png
prediction
step: 110500
neg_log_likelihood_train:  4.7964034
neg_log_likelihood_prediction:  4.866440079428933
RMSE_train:  0.26733604
RMSE_prediction:  0.2667240392078053
ND_train:  0.072065815
ND_pred:  0.0843031917783347
input_y_batch_pred.shape (64, 192)
miu_pred.shape (64, 192)
prediction
step: 111000
neg_log_likelihood_train:  4.5461817
neg_log_likelihood_prediction:  4.910863529552113
RMSE_train:  0.20969652
RMSE_prediction:  0.2567528106949546
ND_train:  0.08115292
ND_pred:  0.08335244824940508
input_y_batch_pred.shape (64, 192)
miu_pred.shape (64, 192)
prediction
step: 111500
neg_log_likelihood_train:  4.230517
neg_log_likelihood_prediction:  4.989446119828657
RMSE_train:  0.23013207
RMSE_prediction:  0.28691392730582843
ND_train:  0.06934106
ND_pred:  0.08949880708347667
input_y_batch_pred.shape (64, 192)
miu_pred.shape (64, 192)
prediction
step: 112000
neg_log_likelihood_train:  5.0727363
neg_log_likelihood_prediction:  4.903669487346303
RMSE_train:  0.20152333
RMSE_prediction:  0.2755018323659897
ND_train:  0.08292233
ND_pred:  0.09139133041555231
input_y_batch_pred.shape (64, 192)
miu_pred.shape (64, 192)
Update 1.png
prediction
step: 112500
neg_log_likelihood_train:  4.462192
neg_log_likelihood_prediction:  4.8753016645258125
RMSE_train:  0.25384128
RMSE_prediction:  0.25449149175123736
ND_train:  0.062130872
ND_pred:  0.08288521150296385
input_y_batch_pred.shape (64, 192)
miu_pred.shape (64, 192)
prediction
step: 113000
neg_log_likelihood_train:  4.153414
neg_log_likelihood_prediction:  4.851560679349032
RMSE_train:  0.25668788
RMSE_prediction:  0.26310356096787885
ND_train:  0.08155388
ND_pred:  0.0846294682811607
input_y_batch_pred.shape (64, 192)
miu_pred.shape (64, 192)
prediction
step: 113500
neg_log_likelihood_train:  4.4978933
neg_log_likelihood_prediction:  4.8525660688226875
RMSE_train:  0.3047117
RMSE_prediction:  0.26263468915765936
ND_train:  0.097835265
ND_pred:  0.08367850936271927
input_y_batch_pred.shape (64, 192)
miu_pred.shape (64, 192)
prediction
step: 114000
neg_log_likelihood_train:  4.528375
neg_log_likelihood_prediction:  4.882400252602317
RMSE_train:  0.31712535
RMSE_prediction:  0.27603020857680927
ND_train:  0.06502346
ND_pred:  0.09096599979834123
input_y_batch_pred.shape (64, 192)
miu_pred.shape (64, 192)
Update 1.png
prediction
step: 114500
neg_log_likelihood_train:  5.133758
neg_log_likelihood_prediction:  4.8565842888572
RMSE_train:  0.15606897
RMSE_prediction:  0.2611075124957345
ND_train:  0.060661975
ND_pred:  0.0837381079115651
input_y_batch_pred.shape (64, 192)
miu_pred.shape (64, 192)
prediction
step: 115000
neg_log_likelihood_train:  4.4596477
neg_log_likelihood_prediction:  4.917594172737815
RMSE_train:  0.31047103
RMSE_prediction:  0.2641239951957356
ND_train:  0.084545605
ND_pred:  0.08366846496408636
input_y_batch_pred.shape (64, 192)
miu_pred.shape (64, 192)
prediction
step: 115500
neg_log_likelihood_train:  5.016046
neg_log_likelihood_prediction:  4.906384338032115
RMSE_train:  0.74792993
RMSE_prediction:  0.2562172467058355
ND_train:  0.1039525
ND_pred:  0.0833526842973449
input_y_batch_pred.shape (64, 192)
miu_pred.shape (64, 192)
prediction
step: 116000
neg_log_likelihood_train:  4.8014417
neg_log_likelihood_prediction:  4.920795267278498
RMSE_train:  0.32446092
RMSE_prediction:  0.29006288810209796
ND_train:  0.0854404
ND_pred:  0.08899124542420561
input_y_batch_pred.shape (64, 192)
miu_pred.shape (64, 192)
Update 1.png
prediction
step: 116500
neg_log_likelihood_train:  5.2623067
neg_log_likelihood_prediction:  4.910136612978849
RMSE_train:  1.0320104
RMSE_prediction:  0.27938527681610803
ND_train:  0.11697082
ND_pred:  0.08732974935661662
input_y_batch_pred.shape (64, 192)
miu_pred.shape (64, 192)
prediction
step: 117000
neg_log_likelihood_train:  4.5113645
neg_log_likelihood_prediction:  4.851121122186834
RMSE_train:  0.14084093
RMSE_prediction:  0.26208467239683325
ND_train:  0.060712162
ND_pred:  0.08332055536183444
input_y_batch_pred.shape (64, 192)
miu_pred.shape (64, 192)
prediction
step: 117500
neg_log_likelihood_train:  4.4227867
neg_log_likelihood_prediction:  4.913162448189476
RMSE_train:  0.17401499
RMSE_prediction:  0.26934109899130737
ND_train:  0.072762884
ND_pred:  0.08545090799981897
input_y_batch_pred.shape (64, 192)
miu_pred.shape (64, 192)
###########  TIME  ##########
2018-09-01 22:53:15.610348
###########   13 Finish  #########
prediction
step: 118000
neg_log_likelihood_train:  4.9401927
neg_log_likelihood_prediction:  4.869136897000399
RMSE_train:  0.49138346
RMSE_prediction:  0.2830013253472068
ND_train:  0.07762832
ND_pred:  0.08748523552309383
input_y_batch_pred.shape (64, 192)
miu_pred.shape (64, 192)
Update 1.png
prediction
step: 118500
neg_log_likelihood_train:  4.284414
neg_log_likelihood_prediction:  4.912116961045698
RMSE_train:  0.2659972
RMSE_prediction:  0.26456570760770276
ND_train:  0.074171215
ND_pred:  0.08411436866630208
input_y_batch_pred.shape (64, 192)
miu_pred.shape (64, 192)
prediction
step: 119000
neg_log_likelihood_train:  4.431098
neg_log_likelihood_prediction:  4.906228629025546
RMSE_train:  0.41738638
RMSE_prediction:  0.26775727895173157
ND_train:  0.08036575
ND_pred:  0.0844763456420465
input_y_batch_pred.shape (64, 192)
miu_pred.shape (64, 192)
prediction
step: 119500
neg_log_likelihood_train:  4.4872518
neg_log_likelihood_prediction:  4.9073051972822705
RMSE_train:  0.14303212
RMSE_prediction:  0.26705394143407996
ND_train:  0.06545026
ND_pred:  0.08590337634086609
input_y_batch_pred.shape (64, 192)
miu_pred.shape (64, 192)
prediction
step: 120000
neg_log_likelihood_train:  4.3237176
neg_log_likelihood_prediction:  4.881585511294278
RMSE_train:  0.17547087
RMSE_prediction:  0.26258792118592694
ND_train:  0.07935316
ND_pred:  0.08499865064566786
input_y_batch_pred.shape (64, 192)
miu_pred.shape (64, 192)
Update 1.png
prediction
step: 120500
neg_log_likelihood_train:  4.9530144
neg_log_likelihood_prediction:  4.900355902585116
RMSE_train:  0.15483168
RMSE_prediction:  0.2650100819089196
ND_train:  0.07082084
ND_pred:  0.08514544638720425
input_y_batch_pred.shape (64, 192)
miu_pred.shape (64, 192)
prediction
step: 121000
neg_log_likelihood_train:  4.774661
neg_log_likelihood_prediction:  4.891745697368275
RMSE_train:  0.20605922
RMSE_prediction:  0.2761752280321988
ND_train:  0.074662164
ND_pred:  0.0863448449156501
input_y_batch_pred.shape (64, 192)
miu_pred.shape (64, 192)
prediction
step: 121500
neg_log_likelihood_train:  4.6575356
neg_log_likelihood_prediction:  4.873424833471125
RMSE_train:  0.23936863
RMSE_prediction:  0.2792044539343227
ND_train:  0.057326335
ND_pred:  0.08664485879919746
input_y_batch_pred.shape (64, 192)
miu_pred.shape (64, 192)
prediction
step: 122000
neg_log_likelihood_train:  4.6126504
neg_log_likelihood_prediction:  4.863155234943736
RMSE_train:  0.4359729
RMSE_prediction:  0.26852430403232574
ND_train:  0.079169415
ND_pred:  0.0845987776463682
input_y_batch_pred.shape (64, 192)
miu_pred.shape (64, 192)
Update 1.png
prediction
step: 122500
neg_log_likelihood_train:  4.5136776
neg_log_likelihood_prediction:  4.854813532395796
RMSE_train:  0.2475563
RMSE_prediction:  0.26534783975644544
ND_train:  0.07715578
ND_pred:  0.08457163314927708
input_y_batch_pred.shape (64, 192)
miu_pred.shape (64, 192)
prediction
step: 123000
neg_log_likelihood_train:  4.7791576
neg_log_likelihood_prediction:  4.858468185771596
RMSE_train:  0.3352176
RMSE_prediction:  0.2717506099830974
ND_train:  0.06224159
ND_pred:  0.08591405302286148
input_y_batch_pred.shape (64, 192)
miu_pred.shape (64, 192)
prediction
step: 123500
neg_log_likelihood_train:  4.4165535
neg_log_likelihood_prediction:  4.850593913685191
RMSE_train:  0.1973821
RMSE_prediction:  0.2576590370048176
ND_train:  0.06654771
ND_pred:  0.0829615139148452
input_y_batch_pred.shape (64, 192)
miu_pred.shape (64, 192)
prediction
step: 124000
neg_log_likelihood_train:  4.7740645
neg_log_likelihood_prediction:  4.85461087660356
RMSE_train:  0.32730117
RMSE_prediction:  0.2621205056255514
ND_train:  0.0663394
ND_pred:  0.0857896080071276
input_y_batch_pred.shape (64, 192)
miu_pred.shape (64, 192)
Update 1.png
prediction
step: 124500
neg_log_likelihood_train:  4.1399217
neg_log_likelihood_prediction:  4.8708742748607285
RMSE_train:  0.19474722
RMSE_prediction:  0.26244803179394116
ND_train:  0.07346406
ND_pred:  0.08722749454053966
input_y_batch_pred.shape (64, 192)
miu_pred.shape (64, 192)
prediction
step: 125000
neg_log_likelihood_train:  4.52725
neg_log_likelihood_prediction:  4.93081656369296
RMSE_train:  0.6287025
RMSE_prediction:  0.2954238097776066
ND_train:  0.08245414
ND_pred:  0.09663579951633107
input_y_batch_pred.shape (64, 192)
miu_pred.shape (64, 192)
prediction
step: 125500
neg_log_likelihood_train:  4.6935515
neg_log_likelihood_prediction:  4.886980706995184
RMSE_train:  0.6382595
RMSE_prediction:  0.27120983600616455
ND_train:  0.09517331
ND_pred:  0.08869243413209915
input_y_batch_pred.shape (64, 192)
miu_pred.shape (64, 192)
prediction
step: 126000
neg_log_likelihood_train:  4.6382017
neg_log_likelihood_prediction:  4.881602070548317
RMSE_train:  0.17500919
RMSE_prediction:  0.268159804019061
ND_train:  0.07651127
ND_pred:  0.08735221759839491
input_y_batch_pred.shape (64, 192)
miu_pred.shape (64, 192)
Update 1.png
###########  TIME  ##########
2018-09-01 23:23:02.245822
###########   14 Finish  #########
prediction
step: 126500
neg_log_likelihood_train:  4.981911
neg_log_likelihood_prediction: 