2018-09-03 15:39:52.254820: I tensorflow/core/platform/cpu_feature_guard.cc:141] Your CPU supports instructions that this TensorFlow binary was not compiled to use: AVX2 FMA
2018-09-03 15:39:52.357776: I tensorflow/stream_executor/cuda/cuda_gpu_executor.cc:897] successful NUMA node read from SysFS had negative value (-1), but there must be at least one NUMA node, so returning NUMA node zero
2018-09-03 15:39:52.358275: I tensorflow/core/common_runtime/gpu/gpu_device.cc:1405] Found device 0 with properties: 
name: GeForce GTX 1080 major: 6 minor: 1 memoryClockRate(GHz): 1.7335
pciBusID: 0000:02:00.0
totalMemory: 7.93GiB freeMemory: 7.81GiB
2018-09-03 15:39:52.358288: I tensorflow/core/common_runtime/gpu/gpu_device.cc:1484] Adding visible gpu devices: 0
2018-09-03 15:39:52.549349: I tensorflow/core/common_runtime/gpu/gpu_device.cc:965] Device interconnect StreamExecutor with strength 1 edge matrix:
2018-09-03 15:39:52.549385: I tensorflow/core/common_runtime/gpu/gpu_device.cc:971]      0 
2018-09-03 15:39:52.549390: I tensorflow/core/common_runtime/gpu/gpu_device.cc:984] 0:   N 
2018-09-03 15:39:52.549560: I tensorflow/core/common_runtime/gpu/gpu_device.cc:1097] Created TensorFlow device (/job:localhost/replica:0/task:0/device:GPU:0 with 2703 MB memory) -> physical GPU (device: 0, name: GeForce GTX 1080, pci bus id: 0000:02:00.0, compute capability: 6.1)
shift_train_data.shape:  (99992, 192, 1)
shift_train_onehot.shape:  (0,)
v_all.shape:  (99992, 1)
shift_train_label.shape:  (99992, 192)
param.shape:  (8,)
index_list.shape:  (1562, 64)
indexs_pred_list.shape:  (15, 64)
0 168 24 1 0 40 3 192
************************************************
cnn_input.shape:  (?, 192, 1, 1)
cnn_output.shape:  (?, 169, 40)
cnn_output_padding.shape:  (?, 23, 40)
self.cnn_output.shape:  (?, 192, 40)
cnn_output_pad.shape:  (?, 24, 40)
lstm_input_with_cnn.shape:  (?, 192, 41)
inputs_shape[1].value:  41
inputs_shape[1].value:  40
inputs_shape[1].value:  40
hidden_states_all.shape:  (3, 2, ?, 40, 192)
###########     TIME     ##########
2018-09-03 15:39:54.648947
###########  TRAIN START ############
prediction
step: 500
neg_log_likelihood_train:  1.0294427
neg_log_likelihood_prediction:  1.0078565041224161
RMSE_train:  0.28821707
RMSE_prediction:  0.5918085237344106
ND_train:  0.15186231
ND_pred:  0.35577198266983034
input_y_batch_pred.shape (64, 192)
miu_pred.shape (64, 192)
prediction
step: 1000
neg_log_likelihood_train:  0.95866966
neg_log_likelihood_prediction:  0.9768977483113607
RMSE_train:  0.2438782
RMSE_prediction:  0.5444329043229421
ND_train:  0.120596975
ND_pred:  0.2763402074575424
input_y_batch_pred.shape (64, 192)
miu_pred.shape (64, 192)
prediction
step: 1500
neg_log_likelihood_train:  0.9114649
neg_log_likelihood_prediction:  1.073219068845113
RMSE_train:  0.22822429
RMSE_prediction:  0.6243435680866242
ND_train:  0.13087645
ND_pred:  0.339771177371343
input_y_batch_pred.shape (64, 192)
miu_pred.shape (64, 192)
###########  TIME  ##########
2018-09-03 15:46:27.623469
###########   0 Finish  #########
prediction
step: 2000
neg_log_likelihood_train:  0.8798482
neg_log_likelihood_prediction:  0.9450864752133687
RMSE_train:  0.21339239
RMSE_prediction:  0.707247006893158
ND_train:  0.11081204
ND_pred:  0.31889659563700357
input_y_batch_pred.shape (64, 192)
miu_pred.shape (64, 192)
Update 1.png
prediction
step: 2500
neg_log_likelihood_train:  0.855859
neg_log_likelihood_prediction:  0.9630029122034709
RMSE_train:  0.19651368
RMSE_prediction:  0.577614289522171
ND_train:  0.111096
ND_pred:  0.32305754025777184
input_y_batch_pred.shape (64, 192)
miu_pred.shape (64, 192)
prediction
step: 3000
neg_log_likelihood_train:  0.87857133
neg_log_likelihood_prediction:  0.8894032955169677
RMSE_train:  0.19709343
RMSE_prediction:  0.5901389340559642
ND_train:  0.111616395
ND_pred:  0.2669080307086309
input_y_batch_pred.shape (64, 192)
miu_pred.shape (64, 192)
###########  TIME  ##########
2018-09-03 15:51:45.571903
###########   1 Finish  #########
prediction
step: 3500
neg_log_likelihood_train:  0.88911825
neg_log_likelihood_prediction:  0.9037497679392497
RMSE_train:  0.2625486
RMSE_prediction:  0.6850041011969249
ND_train:  0.12436102
ND_pred:  0.273473846912384
input_y_batch_pred.shape (64, 192)
miu_pred.shape (64, 192)
prediction
step: 4000
neg_log_likelihood_train:  0.9129448
neg_log_likelihood_prediction:  1.1265205939610798
RMSE_train:  0.2330739
RMSE_prediction:  0.5987908184528351
ND_train:  0.110281035
ND_pred:  0.21739846616983413
input_y_batch_pred.shape (64, 192)
miu_pred.shape (64, 192)
Update 1.png
prediction
step: 4500
neg_log_likelihood_train:  0.85316616
neg_log_likelihood_prediction:  0.8051293849945068
RMSE_train:  0.22555852
RMSE_prediction:  0.41325396398703257
ND_train:  0.10932651
ND_pred:  0.17171647846698762
input_y_batch_pred.shape (64, 192)
miu_pred.shape (64, 192)
###########  TIME  ##########
2018-09-03 15:57:02.177007
###########   2 Finish  #########
prediction
step: 5000
neg_log_likelihood_train:  0.87277126
neg_log_likelihood_prediction:  0.8094584981600443
RMSE_train:  0.22166857
RMSE_prediction:  0.43857088685035706
ND_train:  0.105743445
ND_pred:  0.1886210064093272
input_y_batch_pred.shape (64, 192)
miu_pred.shape (64, 192)
prediction
step: 5500
neg_log_likelihood_train:  0.7841652
neg_log_likelihood_prediction:  0.7947537223498027
RMSE_train:  0.23690645
RMSE_prediction:  0.46584076682726544
ND_train:  0.11479415
ND_pred:  0.17482387721538545
input_y_batch_pred.shape (64, 192)
miu_pred.shape (64, 192)
prediction
step: 6000
neg_log_likelihood_train:  0.86846256
neg_log_likelihood_prediction:  0.7799535950024923
RMSE_train:  0.20549321
RMSE_prediction:  0.3658183733622233
ND_train:  0.113312565
ND_pred:  0.1566129669547081
input_y_batch_pred.shape (64, 192)
miu_pred.shape (64, 192)
Update 1.png
###########  TIME  ##########
2018-09-03 16:02:19.761874
###########   3 Finish  #########
prediction
step: 6500
neg_log_likelihood_train:  0.8218072
neg_log_likelihood_prediction:  1.0171149770418804
RMSE_train:  0.23018032
RMSE_prediction:  0.6633154799540838
ND_train:  0.105935946
ND_pred:  0.22614657431840895
input_y_batch_pred.shape (64, 192)
miu_pred.shape (64, 192)
prediction
step: 7000
neg_log_likelihood_train:  0.81498307
neg_log_likelihood_prediction:  0.7828310370445252
RMSE_train:  0.24651209
RMSE_prediction:  0.3839449276526769
ND_train:  0.11498422
ND_pred:  0.16288823733727137
input_y_batch_pred.shape (64, 192)
miu_pred.shape (64, 192)
prediction
step: 7500
neg_log_likelihood_train:  0.84278846
neg_log_likelihood_prediction:  0.7768535296122233
RMSE_train:  0.26731014
RMSE_prediction:  0.3919207751750946
ND_train:  0.11137373
ND_pred:  0.1604380374153455
input_y_batch_pred.shape (64, 192)
miu_pred.shape (64, 192)
###########  TIME  ##########
2018-09-03 16:07:36.739705
###########   4 Finish  #########
prediction
step: 8000
neg_log_likelihood_train:  0.7561393
neg_log_likelihood_prediction:  0.7757044315338135
RMSE_train:  0.23336472
RMSE_prediction:  0.3906839897235235
ND_train:  0.10354094
ND_pred:  0.16059831281503043
input_y_batch_pred.shape (64, 192)
miu_pred.shape (64, 192)
Update 1.png
prediction
step: 8500
neg_log_likelihood_train:  0.8430827
neg_log_likelihood_prediction:  0.7815940499305725
RMSE_train:  0.23283093
RMSE_prediction:  0.3781001538038254
ND_train:  0.10396688
ND_pred:  0.15659622699022294
input_y_batch_pred.shape (64, 192)
miu_pred.shape (64, 192)
prediction
step: 9000
neg_log_likelihood_train:  0.8137818
neg_log_likelihood_prediction:  0.7607972780863445
RMSE_train:  0.19700958
RMSE_prediction:  0.3386375725269318
ND_train:  0.09500985
ND_pred:  0.13217597405115764
input_y_batch_pred.shape (64, 192)
miu_pred.shape (64, 192)
###########  TIME  ##########
2018-09-03 16:12:55.931792
###########   5 Finish  #########
prediction
step: 9500
neg_log_likelihood_train:  0.8336024
neg_log_likelihood_prediction:  0.7699617107709249
RMSE_train:  0.23051298
RMSE_prediction:  0.4143906831741333
ND_train:  0.09952382
ND_pred:  0.1659110779563586
input_y_batch_pred.shape (64, 192)
miu_pred.shape (64, 192)
prediction
step: 10000
neg_log_likelihood_train:  0.8287719
neg_log_likelihood_prediction:  0.7910576740900676
RMSE_train:  0.1382165
RMSE_prediction:  0.3731909215450287
ND_train:  0.09487031
ND_pred:  0.13007799585660298
input_y_batch_pred.shape (64, 192)
miu_pred.shape (64, 192)
Update 1.png
prediction
step: 10500
neg_log_likelihood_train:  0.7761665
neg_log_likelihood_prediction:  0.7665471792221069
RMSE_train:  0.23434949
RMSE_prediction:  0.33983470102151236
ND_train:  0.11107865
ND_pred:  0.12851562549670537
input_y_batch_pred.shape (64, 192)
miu_pred.shape (64, 192)
###########  TIME  ##########
2018-09-03 16:18:12.627440
###########   6 Finish  #########
prediction
step: 11000
neg_log_likelihood_train:  0.8007987
neg_log_likelihood_prediction:  0.7528950095176696
RMSE_train:  0.17032053
RMSE_prediction:  0.35678907732168835
ND_train:  0.09673464
ND_pred:  0.14044575492540995
input_y_batch_pred.shape (64, 192)
miu_pred.shape (64, 192)
prediction
step: 11500
neg_log_likelihood_train:  0.8254719
neg_log_likelihood_prediction:  0.7337339361508687
RMSE_train:  0.20072035
RMSE_prediction:  0.29295210937658944
ND_train:  0.10569173
ND_pred:  0.12149938543637594
input_y_batch_pred.shape (64, 192)
miu_pred.shape (64, 192)
prediction
step: 12000
neg_log_likelihood_train:  0.83010703
neg_log_likelihood_prediction:  0.8179333647092183
RMSE_train:  0.20354335
RMSE_prediction:  0.6011195441087087
ND_train:  0.09499923
ND_pred:  0.2400529662768046
input_y_batch_pred.shape (64, 192)
miu_pred.shape (64, 192)
Update 1.png
###########  TIME  ##########
2018-09-03 16:23:32.064222
###########   7 Finish  #########
prediction
step: 12500
neg_log_likelihood_train:  0.77584547
neg_log_likelihood_prediction:  0.7314404884974162
RMSE_train:  0.13451515
RMSE_prediction:  0.2795580416917801
ND_train:  0.085895255
ND_pred:  0.11519669046004613
input_y_batch_pred.shape (64, 192)
miu_pred.shape (64, 192)
prediction
step: 13000
neg_log_likelihood_train:  0.7772357
neg_log_likelihood_prediction:  0.7536117951075236
RMSE_train:  0.19465807
RMSE_prediction:  0.3646012286345164
ND_train:  0.098863415
ND_pred:  0.14066484868526458
input_y_batch_pred.shape (64, 192)
miu_pred.shape (64, 192)
prediction
step: 13500
neg_log_likelihood_train:  0.81706333
neg_log_likelihood_prediction:  0.7586075067520142
RMSE_train:  0.19495554
RMSE_prediction:  0.3911909798781077
ND_train:  0.10032827
ND_pred:  0.14762574086586636
input_y_batch_pred.shape (64, 192)
miu_pred.shape (64, 192)
prediction
step: 14000
neg_log_likelihood_train:  0.7730432
neg_log_likelihood_prediction:  0.7556961059570313
RMSE_train:  0.17436199
RMSE_prediction:  0.34330961505572
ND_train:  0.0850502
ND_pred:  0.12245779782533646
input_y_batch_pred.shape (64, 192)
miu_pred.shape (64, 192)
Update 1.png
###########  TIME  ##########
2018-09-03 16:28:54.491031
###########   8 Finish  #########
prediction
step: 14500
neg_log_likelihood_train:  0.8095226
neg_log_likelihood_prediction:  0.7289452433586121
RMSE_train:  0.21433423
RMSE_prediction:  0.28817811906337737
ND_train:  0.095289014
ND_pred:  0.11239229838053386
input_y_batch_pred.shape (64, 192)
miu_pred.shape (64, 192)
prediction
step: 15000
neg_log_likelihood_train:  0.790646
neg_log_likelihood_prediction:  0.7375078638394673
RMSE_train:  0.2284774
RMSE_prediction:  0.30373820165793103
ND_train:  0.09967105
ND_pred:  0.11650088081757227
input_y_batch_pred.shape (64, 192)
miu_pred.shape (64, 192)
prediction
step: 15500
neg_log_likelihood_train:  0.78431207
neg_log_likelihood_prediction:  0.7426599423090617
RMSE_train:  0.20517614
RMSE_prediction:  0.32388509114583336
ND_train:  0.10536749
ND_pred:  0.1282550791899363
input_y_batch_pred.shape (64, 192)
miu_pred.shape (64, 192)
###########  TIME  ##########
2018-09-03 16:33:48.839729
###########   9 Finish  #########
prediction
step: 16000
neg_log_likelihood_train:  0.8437545
neg_log_likelihood_prediction:  0.771218458811442
RMSE_train:  0.21643192
RMSE_prediction:  0.47030066649119057
ND_train:  0.10577584
ND_pred:  0.16336544702450434
input_y_batch_pred.shape (64, 192)
miu_pred.shape (64, 192)
Update 1.png
prediction
step: 16500
neg_log_likelihood_train:  0.8098011
neg_log_likelihood_prediction:  0.7651227513949076
RMSE_train:  0.16154511
RMSE_prediction:  0.35599711040655774
ND_train:  0.09285592
ND_pred:  0.1306810016433398
input_y_batch_pred.shape (64, 192)
miu_pred.shape (64, 192)
prediction
step: 17000
neg_log_likelihood_train:  0.7809987
neg_log_likelihood_prediction:  0.7345087925593058
RMSE_train:  0.19307743
RMSE_prediction:  0.27418752511342365
ND_train:  0.09098206
ND_pred:  0.11531942784786224
input_y_batch_pred.shape (64, 192)
miu_pred.shape (64, 192)
###########  TIME  ##########
2018-09-03 16:38:37.457525
###########   10 Finish  #########
prediction
step: 17500
neg_log_likelihood_train:  0.812784
neg_log_likelihood_prediction:  0.7260378956794739
RMSE_train:  0.22664659
RMSE_prediction:  0.2796517511208852
ND_train:  0.10636565
ND_pred:  0.11129825164874395
input_y_batch_pred.shape (64, 192)
miu_pred.shape (64, 192)
prediction
step: 18000
neg_log_likelihood_train:  0.80916244
neg_log_likelihood_prediction:  0.737764843304952
RMSE_train:  0.18594138
RMSE_prediction:  0.30859158635139466
ND_train:  0.097559005
ND_pred:  0.12247416079044342
input_y_batch_pred.shape (64, 192)
miu_pred.shape (64, 192)
Update 1.png
prediction
step: 18500
neg_log_likelihood_train:  0.7943253
neg_log_likelihood_prediction:  0.7439909974733988
RMSE_train:  0.19529673
RMSE_prediction:  0.33987535039583844
ND_train:  0.102156274
ND_pred:  0.13468413452307385
input_y_batch_pred.shape (64, 192)
miu_pred.shape (64, 192)
###########  TIME  ##########
2018-09-03 16:43:28.121368
###########   11 Finish  #########
prediction
step: 19000
neg_log_likelihood_train:  0.8186686
neg_log_likelihood_prediction:  0.7258070707321167
RMSE_train:  0.17202523
RMSE_prediction:  0.27359340091546375
ND_train:  0.09999606
ND_pred:  0.10700202832619349
input_y_batch_pred.shape (64, 192)
miu_pred.shape (64, 192)
prediction
step: 19500
neg_log_likelihood_train:  0.7753045
neg_log_likelihood_prediction:  0.7401863098144531
RMSE_train:  0.20906495
RMSE_prediction:  0.30940859019756317
ND_train:  0.103439264
ND_pred:  0.1159937600294749
input_y_batch_pred.shape (64, 192)
miu_pred.shape (64, 192)
prediction
step: 20000
neg_log_likelihood_train:  0.8247135
neg_log_likelihood_prediction:  0.9167650977770487
RMSE_train:  0.2274047
RMSE_prediction:  0.48689058621724446
ND_train:  0.10059946
ND_pred:  0.1579451267917951
input_y_batch_pred.shape (64, 192)
miu_pred.shape (64, 192)
Update 1.png
###########  TIME  ##########
2018-09-03 16:48:17.212470
###########   12 Finish  #########
prediction
step: 20500
neg_log_likelihood_train:  0.79951686
neg_log_likelihood_prediction:  0.7322213570276896
RMSE_train:  0.20813021
RMSE_prediction:  0.2965746303399404
ND_train:  0.09458709
ND_pred:  0.1134903093179067
input_y_batch_pred.shape (64, 192)
miu_pred.shape (64, 192)
prediction
step: 21000
neg_log_likelihood_train:  0.798781
neg_log_likelihood_prediction:  0.7265942613283793
RMSE_train:  0.21325952
RMSE_prediction:  0.23385167717933655
ND_train:  0.10079425
ND_pred:  0.10174350291490555
input_y_batch_pred.shape (64, 192)
miu_pred.shape (64, 192)
prediction
step: 21500
neg_log_likelihood_train:  0.77194005
neg_log_likelihood_prediction:  0.7286321640014648
RMSE_train:  0.16523862
RMSE_prediction:  0.22460222840309144
ND_train:  0.08643498
ND_pred:  0.09344638089338939
input_y_batch_pred.shape (64, 192)
miu_pred.shape (64, 192)
###########  TIME  ##########
2018-09-03 16:53:04.096135
###########   13 Finish  #########
prediction
step: 22000
neg_log_likelihood_train:  0.7886481
neg_log_likelihood_prediction:  0.7300254384676615
RMSE_train:  0.18203211
RMSE_prediction:  0.29088679055372874
ND_train:  0.093429975
ND_pred:  0.10657455573479334
input_y_batch_pred.shape (64, 192)
miu_pred.shape (64, 192)
Update 1.png
prediction
step: 22500
neg_log_likelihood_train:  0.7616102
neg_log_likelihood_prediction:  0.7428111473719279
RMSE_train:  0.2006868
RMSE_prediction:  0.29889832933743793
ND_train:  0.09315645
ND_pred:  0.11333937446276347
input_y_batch_pred.shape (64, 192)
miu_pred.shape (64, 192)
prediction
step: 23000
neg_log_likelihood_train:  0.7815895
neg_log_likelihood_prediction:  0.7184076468149821
RMSE_train:  0.1935396
RMSE_prediction:  0.2475607365369797
ND_train:  0.094014905
ND_pred:  0.09524706602096558
input_y_batch_pred.shape (64, 192)
miu_pred.shape (64, 192)
###########  TIME  ##########
2018-09-03 16:58:01.248979
###########   14 Finish  #########
prediction
step: 23500
neg_log_likelihood_train:  0.7568524
neg_log_likelihood_prediction:  0.729056159655253
RMSE_train:  0.15769252
RMSE_prediction:  0.2660584360361099
ND_train:  0.08870039
ND_pred:  0.10899134427309036
input_y_batch_pred.shape (64, 192)
miu_pred.shape (64, 192)
prediction
step: 24000
neg_log_likelihood_train:  0.7230838
neg_log_likelihood_prediction:  0.7449639360109965
RMSE_train:  0.14986882
RMSE_prediction:  0.2672119826078415
ND_train:  0.08565426
ND_pred:  0.10441988160212835
input_y_batch_pred.shape (64, 192)
miu_pred.shape (64, 192)
Update 1.png
prediction
step: 24500
neg_log_likelihood_train:  0.8202477
neg_log_likelihood_prediction:  0.7565729260444641
RMSE_train:  0.22380576
RMSE_prediction:  0.29806940952936806
ND_train:  0.11554206
ND_pred:  0.13306225587924322
input_y_batch_pred.shape (64, 192)
miu_pred.shape (64, 192)
###########  TIME  ##########
2018-09-03 17:03:17.092273
###########   15 Finish  #########
prediction
step: 25000
neg_log_likelihood_train:  0.756218
neg_log_likelihood_prediction:  0.7269132097562154
RMSE_train:  0.21287078
RMSE_prediction:  0.27442704836527504
ND_train:  0.09597066
ND_pred:  0.10635304550329844
input_y_batch_pred.shape (64, 192)
miu_pred.shape (64, 192)
prediction
step: 25500
neg_log_likelihood_train:  0.7680622
neg_log_likelihood_prediction:  0.7249995191891988
RMSE_train:  0.20923665
RMSE_prediction:  0.25237699250380197
ND_train:  0.100746274
ND_pred:  0.10646062393983205
input_y_batch_pred.shape (64, 192)
miu_pred.shape (64, 192)
prediction
step: 26000
neg_log_likelihood_train:  0.8046469
neg_log_likelihood_prediction:  0.7363211790720622
RMSE_train:  0.17638023
RMSE_prediction:  0.2772355943918228
ND_train:  0.097301215
ND_pred:  0.11271090358495713
input_y_batch_pred.shape (64, 192)
miu_pred.shape (64, 192)
Update 1.png
prediction
step: 26500
neg_log_likelihood_train:  0.7871371
neg_log_likelihood_prediction:  0.7161890784899394
RMSE_train:  0.22718982
RMSE_prediction:  0.21980239550272623
ND_train:  0.10210637
ND_pred:  0.09412517696619034
input_y_batch_pred.shape (64, 192)
miu_pred.shape (64, 192)
###########  TIME  ##########
2018-09-03 17:08:37.803297
###########   16 Finish  #########
prediction
step: 27000
neg_log_likelihood_train:  0.78896254
neg_log_likelihood_prediction:  0.7132764299710591
RMSE_train:  0.19964108
RMSE_prediction:  0.2058184524377187
ND_train:  0.09752127
ND_pred:  0.0869714135924975
input_y_batch_pred.shape (64, 192)
miu_pred.shape (64, 192)
prediction
step: 27500
neg_log_likelihood_train:  0.79808146
neg_log_likelihood_prediction:  0.72244260708491
RMSE_train:  0.20169617
RMSE_prediction:  0.23867598176002502
ND_train:  0.1045045
ND_pred:  0.09736117521921793
input_y_batch_pred.shape (64, 192)
miu_pred.shape (64, 192)
prediction
step: 28000
neg_log_likelihood_train:  0.7792004
neg_log_likelihood_prediction:  0.7565270662307739
RMSE_train:  0.18988
RMSE_prediction:  0.2522639940182368
ND_train:  0.096607864
ND_pred:  0.10119348516066869
input_y_batch_pred.shape (64, 192)
miu_pred.shape (64, 192)
Update 1.png
###########  TIME  ##########
2018-09-03 17:13:50.456808
###########   17 Finish  #########
prediction
step: 28500
neg_log_likelihood_train:  0.78616935
neg_log_likelihood_prediction:  0.7115514516830445
RMSE_train:  0.1797754
RMSE_prediction:  0.2069635639588038
ND_train:  0.09066212
ND_pred:  0.08534960349400839
input_y_batch_pred.shape (64, 192)
miu_pred.shape (64, 192)
prediction
step: 29000
neg_log_likelihood_train:  0.77813774
neg_log_likelihood_prediction:  0.7239424149195354
RMSE_train:  0.16854142
RMSE_prediction:  0.26187483767668407
ND_train:  0.087839864
ND_pred:  0.10163119683663051
input_y_batch_pred.shape (64, 192)
miu_pred.shape (64, 192)
prediction
step: 29500
neg_log_likelihood_train:  0.7664275
neg_log_likelihood_prediction:  0.7275837222735088
RMSE_train:  0.17351267
RMSE_prediction:  0.2856167644262314
ND_train:  0.09356837
ND_pred:  0.10725199282169343
input_y_batch_pred.shape (64, 192)
miu_pred.shape (64, 192)
###########  TIME  ##########
2018-09-03 17:19:06.743332
###########   18 Finish  #########
prediction
step: 30000
neg_log_likelihood_train:  0.83034164
neg_log_likelihood_prediction:  0.7455571969350179
RMSE_train:  0.19288808
RMSE_prediction:  0.3816142112016678
ND_train:  0.09800782
ND_pred:  0.13522788534561794
input_y_batch_pred.shape (64, 192)
miu_pred.shape (64, 192)
Update 1.png
prediction
step: 30500
neg_log_likelihood_train:  0.83297664
neg_log_likelihood_prediction:  0.7452105085055033
RMSE_train:  0.22839178
RMSE_prediction:  0.35455872615178424
ND_train:  0.09458633
ND_pred:  0.11893023153146108
input_y_batch_pred.shape (64, 192)
miu_pred.shape (64, 192)
prediction
step: 31000
neg_log_likelihood_train:  0.80204374
neg_log_likelihood_prediction:  0.72929793993632
RMSE_train:  0.19593038
RMSE_prediction:  0.28377240896224976
ND_train:  0.093982644
ND_pred:  0.09990160266558329
input_y_batch_pred.shape (64, 192)
miu_pred.shape (64, 192)
###########  TIME  ##########
2018-09-03 17:24:20.676585
###########   19 Finish  #########
