2018-09-07 20:39:00.652188: I tensorflow/core/platform/cpu_feature_guard.cc:141] Your CPU supports instructions that this TensorFlow binary was not compiled to use: AVX2 FMA
2018-09-07 20:39:00.813800: I tensorflow/core/common_runtime/gpu/gpu_device.cc:1405] Found device 0 with properties: 
name: TITAN X (Pascal) major: 6 minor: 1 memoryClockRate(GHz): 1.531
pciBusID: 0000:05:00.0
totalMemory: 11.90GiB freeMemory: 11.68GiB
2018-09-07 20:39:00.813834: I tensorflow/core/common_runtime/gpu/gpu_device.cc:1484] Adding visible gpu devices: 0
2018-09-07 20:39:01.030721: I tensorflow/core/common_runtime/gpu/gpu_device.cc:965] Device interconnect StreamExecutor with strength 1 edge matrix:
2018-09-07 20:39:01.030762: I tensorflow/core/common_runtime/gpu/gpu_device.cc:971]      0 
2018-09-07 20:39:01.030768: I tensorflow/core/common_runtime/gpu/gpu_device.cc:984] 0:   N 
2018-09-07 20:39:01.031036: I tensorflow/core/common_runtime/gpu/gpu_device.cc:1097] Created TensorFlow device (/job:localhost/replica:0/task:0/device:GPU:0 with 4058 MB memory) -> physical GPU (device: 0, name: TITAN X (Pascal), pci bus id: 0000:05:00.0, compute capability: 6.1)
shift_train_data.shape:  (603331, 192, 3)
shift_train_onehot.shape:  (603331, 10)
v_all.shape:  (603331, 1)
shift_train_label.shape:  (603331, 192)
param.shape:  (8,)
index_list.shape:  (9427, 64)
indexs_pred_list.shape:  (942, 64)
mean_all.shape:  (603331, 1)
2 168 24 10 5 10 3 192
************************************************
cnn_input.shape:  (?, 192, 1, 1)
cnn_output.shape:  (?, 169, 10)
cnn_output.shape after padding:  (?, 192, 10)
inputs_shape[1].value:  18
inputs_shape[1].value:  10
inputs_shape[1].value:  10
hidden_states_all.shape:  (3, 2, ?, 10, 192)
###########     TIME     ##########
2018-09-07 20:39:03.487699
###########  TRAIN START ############
prediction
step: 2000
neg_log_likelihood_train:  43.68852
neg_log_likelihood_prediction:  18.572126704922653
RMSE_train:  3.3984358
RMSE_prediction:  1.830792024162165
ND_train:  0.5857401
ND_pred:  0.4382423893044329
input_y_batch_pred.shape (64, 192)
miu_pred.shape (64, 192)
Update 1.png
prediction
step: 4000
neg_log_likelihood_train:  15.261495
neg_log_likelihood_prediction:  11.296379538351816
RMSE_train:  0.5651356
RMSE_prediction:  1.8306037609301302
ND_train:  0.08427826
ND_pred:  0.4378969718142553
input_y_batch_pred.shape (64, 192)
miu_pred.shape (64, 192)
Update 1.png
prediction
step: 6000
neg_log_likelihood_train:  9.936982
neg_log_likelihood_prediction:  8.750203937481922
RMSE_train:  2.12771
RMSE_prediction:  1.8305576983087888
ND_train:  0.48434567
ND_pred:  0.4378102372248208
input_y_batch_pred.shape (64, 192)
miu_pred.shape (64, 192)
Update 1.png
prediction
step: 8000
neg_log_likelihood_train:  6.9919014
neg_log_likelihood_prediction:  7.523116015071828
RMSE_train:  1.1118923
RMSE_prediction:  1.830644210970579
ND_train:  0.39783645
ND_pred:  0.43797241484710747
input_y_batch_pred.shape (64, 192)
miu_pred.shape (64, 192)
Update 1.png
###########  TIME  ##########
2018-09-07 21:44:14.657051
###########   0 Finish  #########
prediction
step: 10000
neg_log_likelihood_train:  9.440408
neg_log_likelihood_prediction:  6.908956662864442
RMSE_train:  1.2263292
RMSE_prediction:  1.830843622960356
ND_train:  0.32471648
ND_pred:  0.43833482735286095
input_y_batch_pred.shape (64, 192)
miu_pred.shape (64, 192)
Update 1.png
prediction
step: 12000
neg_log_likelihood_train:  7.692015
neg_log_likelihood_prediction:  6.573223587307454
RMSE_train:  0.9959057
RMSE_prediction:  1.8305986324946086
ND_train:  0.15371855
ND_pred:  0.43788735951334556
input_y_batch_pred.shape (64, 192)
miu_pred.shape (64, 192)
Update 1.png
prediction
step: 14000
neg_log_likelihood_train:  5.6845593
neg_log_likelihood_prediction:  5.995548653754459
RMSE_train:  0.90554136
RMSE_prediction:  1.8313562565042207
ND_train:  0.30918157
ND_pred:  0.43867060972373706
input_y_batch_pred.shape (64, 192)
miu_pred.shape (64, 192)
Update 1.png
prediction
step: 16000
neg_log_likelihood_train:  5.5348306
neg_log_likelihood_prediction:  5.916777126348702
RMSE_train:  2.4967446
RMSE_prediction:  1.8309760084039592
ND_train:  0.6236729
ND_pred:  0.4380591527861395
input_y_batch_pred.shape (64, 192)
miu_pred.shape (64, 192)
Update 1.png
prediction
step: 18000
neg_log_likelihood_train:  5.818405
neg_log_likelihood_prediction:  5.782103885764023
RMSE_train:  1.2069484
RMSE_prediction:  1.8301467287597384
ND_train:  0.3146493
ND_pred:  0.434938076108441
input_y_batch_pred.shape (64, 192)
miu_pred.shape (64, 192)
Update 1.png
###########  TIME  ##########
2018-09-07 22:49:56.262919
###########   1 Finish  #########
prediction
step: 20000
neg_log_likelihood_train:  5.926912
neg_log_likelihood_prediction:  5.641860579229464
RMSE_train:  3.3671904
RMSE_prediction:  1.8328784808611414
ND_train:  0.6219851
ND_pred:  0.40630016908160316
input_y_batch_pred.shape (64, 192)
miu_pred.shape (64, 192)
Update 1.png
prediction
step: 22000
neg_log_likelihood_train:  5.8311276
neg_log_likelihood_prediction:  5.5910136537693615
RMSE_train:  1.6075785
RMSE_prediction:  1.8073541421894055
ND_train:  0.3382622
ND_pred:  0.40283930451547895
input_y_batch_pred.shape (64, 192)
miu_pred.shape (64, 192)
Update 1.png
prediction
step: 24000
neg_log_likelihood_train:  5.2090554
neg_log_likelihood_prediction:  5.545814038335391
RMSE_train:  0.9306276
RMSE_prediction:  1.7839810204733708
ND_train:  0.27170095
ND_pred:  0.4383966187153589
input_y_batch_pred.shape (64, 192)
miu_pred.shape (64, 192)
Update 1.png
prediction
step: 26000
neg_log_likelihood_train:  5.4448643
neg_log_likelihood_prediction:  5.525540842878337
RMSE_train:  1.9799087
RMSE_prediction:  1.6523921426915567
ND_train:  0.4050881
ND_pred:  0.3920095712183767
input_y_batch_pred.shape (64, 192)
miu_pred.shape (64, 192)
Update 1.png
prediction
step: 28000
neg_log_likelihood_train:  5.7203712
neg_log_likelihood_prediction:  5.510876450062811
RMSE_train:  0.70883536
RMSE_prediction:  1.8921203153749686
ND_train:  0.2509297
ND_pred:  0.4425866385198133
input_y_batch_pred.shape (64, 192)
miu_pred.shape (64, 192)
Update 1.png
###########  TIME  ##########
2018-09-07 23:55:44.980739
###########   2 Finish  #########
prediction
step: 30000
neg_log_likelihood_train:  5.792936
neg_log_likelihood_prediction:  5.4731099646056025
RMSE_train:  4.2901893
RMSE_prediction:  1.623341127296795
ND_train:  0.57508
ND_pred:  0.384633427248544
input_y_batch_pred.shape (64, 192)
miu_pred.shape (64, 192)
Update 1.png
prediction
step: 32000
neg_log_likelihood_train:  5.394551
neg_log_likelihood_prediction:  5.526674067645063
RMSE_train:  1.2032048
RMSE_prediction:  2.0312974732013265
ND_train:  0.33847448
ND_pred:  0.48160442450497054
input_y_batch_pred.shape (64, 192)
miu_pred.shape (64, 192)
Update 1.png
prediction
step: 34000
neg_log_likelihood_train:  4.9468274
neg_log_likelihood_prediction:  5.5590071657913755
RMSE_train:  1.8508348
RMSE_prediction:  1.7713674881560788
ND_train:  0.33420333
ND_pred:  0.40118387299975394
input_y_batch_pred.shape (64, 192)
miu_pred.shape (64, 192)
Update 1.png
prediction
step: 36000
neg_log_likelihood_train:  5.543115
neg_log_likelihood_prediction:  5.43868569862058
RMSE_train:  1.9527807
RMSE_prediction:  1.783621988146548
ND_train:  0.3919424
ND_pred:  0.42179069666868185
input_y_batch_pred.shape (64, 192)
miu_pred.shape (64, 192)
Update 1.png
###########  TIME  ##########
2018-09-08 00:59:30.659105
###########   3 Finish  #########
prediction
step: 38000
neg_log_likelihood_train:  5.503395
neg_log_likelihood_prediction:  5.419472057095505
RMSE_train:  2.183312
RMSE_prediction:  1.7024594129808643
ND_train:  0.42903632
ND_pred:  0.40726236669611654
input_y_batch_pred.shape (64, 192)
miu_pred.shape (64, 192)
Update 1.png
prediction
step: 40000
neg_log_likelihood_train:  5.784776
neg_log_likelihood_prediction:  5.395559208155184
RMSE_train:  4.0984745
RMSE_prediction:  1.6041592787120753
ND_train:  0.5196441
ND_pred:  0.38921138937654265
input_y_batch_pred.shape (64, 192)
miu_pred.shape (64, 192)
Update 1.png
prediction
step: 42000
neg_log_likelihood_train:  5.235201
neg_log_likelihood_prediction:  5.389932888075551
RMSE_train:  4.636041
RMSE_prediction:  1.5734204148474267
ND_train:  0.5919631
ND_pred:  0.38326020224411395
input_y_batch_pred.shape (64, 192)
miu_pred.shape (64, 192)
Update 1.png
prediction
step: 44000
neg_log_likelihood_train:  4.6900296
neg_log_likelihood_prediction:  5.376430708385071
RMSE_train:  4.3166046
RMSE_prediction:  1.591021335001584
ND_train:  0.5247391
ND_pred:  0.3914548436381445
input_y_batch_pred.shape (64, 192)
miu_pred.shape (64, 192)
Update 1.png
prediction
step: 46000
neg_log_likelihood_train:  5.5278916
neg_log_likelihood_prediction:  5.387805556542301
RMSE_train:  1.3934236
RMSE_prediction:  1.6430711307564865
ND_train:  0.33548814
ND_pred:  0.39827827680579164
input_y_batch_pred.shape (64, 192)
miu_pred.shape (64, 192)
Update 1.png
###########  TIME  ##########
2018-09-08 02:03:48.605524
###########   4 Finish  #########
prediction
step: 48000
neg_log_likelihood_train:  5.3776584
neg_log_likelihood_prediction:  5.385278212290155
RMSE_train:  0.6742793
RMSE_prediction:  1.6536566021431023
ND_train:  0.2308062
ND_pred:  0.3992036226780931
input_y_batch_pred.shape (64, 192)
miu_pred.shape (64, 192)
Update 1.png
prediction
step: 50000
neg_log_likelihood_train:  5.410953
neg_log_likelihood_prediction:  5.345122122713968
RMSE_train:  3.3574088
RMSE_prediction:  1.6149932881006517
ND_train:  0.4687884
ND_pred:  0.39139837497991614
input_y_batch_pred.shape (64, 192)
miu_pred.shape (64, 192)
Update 1.png
prediction
step: 52000
neg_log_likelihood_train:  5.498118
neg_log_likelihood_prediction:  5.346085515498102
RMSE_train:  6.6934586
RMSE_prediction:  1.621037394694209
ND_train:  0.62374413
ND_pred:  0.38973442850250856
input_y_batch_pred.shape (64, 192)
miu_pred.shape (64, 192)
Update 1.png
prediction
step: 54000
neg_log_likelihood_train:  5.468618
neg_log_likelihood_prediction:  5.342632043640072
RMSE_train:  0.611745
RMSE_prediction:  1.5389265270306554
ND_train:  0.21139571
ND_pred:  0.3662086097511706
input_y_batch_pred.shape (64, 192)
miu_pred.shape (64, 192)
Update 1.png
prediction
step: 56000
neg_log_likelihood_train:  5.7314568
neg_log_likelihood_prediction:  5.3331334692151176
RMSE_train:  1.6723682
RMSE_prediction:  1.5895500056714515
ND_train:  0.43471158
ND_pred:  0.381856070843282
input_y_batch_pred.shape (64, 192)
miu_pred.shape (64, 192)
Update 1.png
###########  TIME  ##########
2018-09-08 03:06:50.017546
###########   5 Finish  #########
prediction
step: 58000
neg_log_likelihood_train:  4.806887
neg_log_likelihood_prediction:  5.340648800957228
RMSE_train:  1.6324985
RMSE_prediction:  1.5806291227381195
ND_train:  0.27397984
ND_pred:  0.37589643311522697
input_y_batch_pred.shape (64, 192)
miu_pred.shape (64, 192)
Update 1.png
prediction
step: 60000
neg_log_likelihood_train:  5.2095947
neg_log_likelihood_prediction:  5.346705773327255
RMSE_train:  1.659065
RMSE_prediction:  1.6550028310839537
ND_train:  0.37529525
ND_pred:  0.39204789123907213
input_y_batch_pred.shape (64, 192)
miu_pred.shape (64, 192)
Update 1.png
prediction
step: 62000
neg_log_likelihood_train:  5.5032177
neg_log_likelihood_prediction:  5.315421297292041
RMSE_train:  0.5586957
RMSE_prediction:  1.5609757556498935
ND_train:  0.17151095
ND_pred:  0.3739576272492449
input_y_batch_pred.shape (64, 192)
miu_pred.shape (64, 192)
Update 1.png
prediction
step: 64000
neg_log_likelihood_train:  5.070314
neg_log_likelihood_prediction:  5.321064586092712
RMSE_train:  0.38056812
RMSE_prediction:  1.5531240406183173
ND_train:  0.09741325
ND_pred:  0.3747476387428883
input_y_batch_pred.shape (64, 192)
miu_pred.shape (64, 192)
Update 1.png
###########  TIME  ##########
2018-09-08 04:07:48.172505
###########   6 Finish  #########
prediction
step: 66000
neg_log_likelihood_train:  5.2174125
neg_log_likelihood_prediction:  5.314619144816308
RMSE_train:  2.3429892
RMSE_prediction:  1.5306171572701945
ND_train:  0.49693322
ND_pred:  0.3674503308374854
input_y_batch_pred.shape (64, 192)
miu_pred.shape (64, 192)
Update 1.png
prediction
step: 68000
neg_log_likelihood_train:  4.8733363
neg_log_likelihood_prediction:  5.394583272326524
RMSE_train:  1.3177423
RMSE_prediction:  1.8790552706443833
ND_train:  0.35990492
ND_pred:  0.4415075304599641
input_y_batch_pred.shape (64, 192)
miu_pred.shape (64, 192)
Update 1.png
prediction
step: 70000
neg_log_likelihood_train:  5.8575234
neg_log_likelihood_prediction:  5.298942891402356
RMSE_train:  1.0872192
RMSE_prediction:  1.52599734509257
ND_train:  0.31567934
ND_pred:  0.37016222043053865
input_y_batch_pred.shape (64, 192)
miu_pred.shape (64, 192)
Update 1.png
prediction
step: 72000
neg_log_likelihood_train:  5.49868
neg_log_likelihood_prediction:  5.290746772365206
RMSE_train:  0.6346064
RMSE_prediction:  1.5315653806089595
ND_train:  0.15091637
ND_pred:  0.36790158488489133
input_y_batch_pred.shape (64, 192)
miu_pred.shape (64, 192)
Update 1.png
prediction
step: 74000
neg_log_likelihood_train:  5.159517
neg_log_likelihood_prediction:  5.30481330351212
RMSE_train:  1.0681186
RMSE_prediction:  1.6370116173430107
ND_train:  0.31595418
ND_pred:  0.3884297340412302
input_y_batch_pred.shape (64, 192)
miu_pred.shape (64, 192)
Update 1.png
###########  TIME  ##########
2018-09-08 05:10:36.246278
###########   7 Finish  #########
prediction
step: 76000
neg_log_likelihood_train:  5.279716
neg_log_likelihood_prediction:  5.3336834973337295
RMSE_train:  1.411776
RMSE_prediction:  1.5942660631520986
ND_train:  0.34014034
ND_pred:  0.37704388697625724
input_y_batch_pred.shape (64, 192)
miu_pred.shape (64, 192)
Update 1.png
prediction
step: 78000
neg_log_likelihood_train:  5.794801
neg_log_likelihood_prediction:  5.323406405762755
RMSE_train:  3.6245174
RMSE_prediction:  1.5237217734067556
ND_train:  0.5564381
ND_pred:  0.36861528866309395
input_y_batch_pred.shape (64, 192)
miu_pred.shape (64, 192)
Update 1.png
prediction
step: 80000
neg_log_likelihood_train:  5.512013
neg_log_likelihood_prediction:  5.294534164882263
RMSE_train:  3.4118295
RMSE_prediction:  1.504992055348783
ND_train:  0.42438322
ND_pred:  0.3617829739090427
input_y_batch_pred.shape (64, 192)
miu_pred.shape (64, 192)
Update 1.png
prediction
step: 82000
neg_log_likelihood_train:  6.3539166
neg_log_likelihood_prediction:  5.2882110085457
RMSE_train:  0.6705265
RMSE_prediction:  1.532444140302401
ND_train:  0.1277528
ND_pred:  0.3686534657346721
input_y_batch_pred.shape (64, 192)
miu_pred.shape (64, 192)
Update 1.png
prediction
step: 84000
neg_log_likelihood_train:  5.7005157
neg_log_likelihood_prediction:  5.285694010445014
RMSE_train:  0.98104215
RMSE_prediction:  1.5244106189713609
ND_train:  0.22001319
ND_pred:  0.3677200199185916
input_y_batch_pred.shape (64, 192)
miu_pred.shape (64, 192)
Update 1.png
###########  TIME  ##########
2018-09-08 06:13:20.867635
###########   8 Finish  #########
prediction
step: 86000
neg_log_likelihood_train:  5.489788
neg_log_likelihood_prediction:  5.295478671978993
RMSE_train:  0.88642645
RMSE_prediction:  1.5317133005447447
ND_train:  0.25838253
ND_pred:  0.3715984754960375
input_y_batch_pred.shape (64, 192)
miu_pred.shape (64, 192)
Update 1.png
prediction
step: 88000
neg_log_likelihood_train:  5.1832795
neg_log_likelihood_prediction:  5.309456209215136
RMSE_train:  2.1307228
RMSE_prediction:  1.5478925313919214
ND_train:  0.33790994
ND_pred:  0.37216239008506774
input_y_batch_pred.shape (64, 192)
miu_pred.shape (64, 192)
Update 1.png
prediction
step: 90000
neg_log_likelihood_train:  5.7722573
neg_log_likelihood_prediction:  5.298968900287734
RMSE_train:  1.1635463
RMSE_prediction:  1.5412676003296917
ND_train:  0.32190838
ND_pred:  0.36513722107020025
input_y_batch_pred.shape (64, 192)
miu_pred.shape (64, 192)
Update 1.png
prediction
step: 92000
neg_log_likelihood_train:  5.6838627
neg_log_likelihood_prediction:  5.292336202730798
RMSE_train:  1.2414025
RMSE_prediction:  1.5525844845042867
ND_train:  0.29633436
ND_pred:  0.37520403458465945
input_y_batch_pred.shape (64, 192)
miu_pred.shape (64, 192)
Update 1.png
prediction
step: 94000
neg_log_likelihood_train:  5.554287
neg_log_likelihood_prediction:  5.285065178152355
RMSE_train:  2.1069102
RMSE_prediction:  1.5271458611240305
ND_train:  0.35095066
ND_pred:  0.36515515453860387
input_y_batch_pred.shape (64, 192)
miu_pred.shape (64, 192)
Update 1.png
###########  TIME  ##########
2018-09-08 07:16:13.625704
###########   9 Finish  #########
prediction
step: 96000
neg_log_likelihood_train:  5.4620514
neg_log_likelihood_prediction:  5.305311621627483
RMSE_train:  1.1905599
RMSE_prediction:  1.5533508814222747
ND_train:  0.34015825
ND_pred:  0.37989100722513003
input_y_batch_pred.shape (64, 192)
miu_pred.shape (64, 192)
Update 1.png
prediction
step: 98000
neg_log_likelihood_train:  5.877798
neg_log_likelihood_prediction:  5.2934090650765
RMSE_train:  0.5083962
RMSE_prediction:  1.5262666698347485
ND_train:  0.18189824
ND_pred:  0.36834825816586014
input_y_batch_pred.shape (64, 192)
miu_pred.shape (64, 192)
Update 1.png
prediction
step: 100000
neg_log_likelihood_train:  5.6194425
neg_log_likelihood_prediction:  5.261858988719381
RMSE_train:  1.5791533
RMSE_prediction:  1.5289267593255216
ND_train:  0.3928684
ND_pred:  0.3713020387791777
input_y_batch_pred.shape (64, 192)
miu_pred.shape (64, 192)
Update 1.png
prediction
step: 102000
neg_log_likelihood_train:  5.0574365
neg_log_likelihood_prediction:  5.2606558835177415
RMSE_train:  1.1720374
RMSE_prediction:  1.5229197022546628