2018-09-01 15:44:19.492922: I tensorflow/core/platform/cpu_feature_guard.cc:141] Your CPU supports instructions that this TensorFlow binary was not compiled to use: AVX2 FMA
2018-09-01 15:44:19.606826: I tensorflow/stream_executor/cuda/cuda_gpu_executor.cc:897] successful NUMA node read from SysFS had negative value (-1), but there must be at least one NUMA node, so returning NUMA node zero
2018-09-01 15:44:19.607282: I tensorflow/core/common_runtime/gpu/gpu_device.cc:1405] Found device 0 with properties: 
name: GeForce GTX 1080 major: 6 minor: 1 memoryClockRate(GHz): 1.7335
pciBusID: 0000:03:00.0
totalMemory: 7.93GiB freeMemory: 7.81GiB
2018-09-01 15:44:19.607294: I tensorflow/core/common_runtime/gpu/gpu_device.cc:1484] Adding visible gpu devices: 0
2018-09-01 15:44:20.363475: I tensorflow/core/common_runtime/gpu/gpu_device.cc:965] Device interconnect StreamExecutor with strength 1 edge matrix:
2018-09-01 15:44:20.363512: I tensorflow/core/common_runtime/gpu/gpu_device.cc:971]      0 
2018-09-01 15:44:20.363518: I tensorflow/core/common_runtime/gpu/gpu_device.cc:984] 0:   N 
2018-09-01 15:44:20.364553: I tensorflow/core/common_runtime/gpu/gpu_device.cc:1097] Created TensorFlow device (/job:localhost/replica:0/task:0/device:GPU:0 with 2703 MB memory) -> physical GPU (device: 0, name: GeForce GTX 1080, pci bus id: 0000:03:00.0, compute capability: 6.1)
inputs_shape[1].value:  64
inputs_shape[1].value:  40
inputs_shape[1].value:  40
hidden_states_all.shape:  (3, 2, ?, 192, 40)
###########     TIME     ##########
2018-09-01 15:44:22.724269
###########  TRAIN START ############
prediction
step: 500
neg_log_likelihood_train:  22.841934
neg_log_likelihood_prediction:  19.12315542047674
RMSE_train:  0.862194
RMSE_prediction:  0.7692475373094733
ND_train:  0.31371483
ND_pred:  0.2612145041877573
input_y_batch_pred.shape (64, 192)
miu_pred.shape (64, 192)
prediction
step: 1000
neg_log_likelihood_train:  34.425205
neg_log_likelihood_prediction:  11.725309805436568
RMSE_train:  1.6892037
RMSE_prediction:  0.7662891799753363
ND_train:  0.2958886
ND_pred:  0.2618568661538037
input_y_batch_pred.shape (64, 192)
miu_pred.shape (64, 192)
prediction
step: 1500
neg_log_likelihood_train:  8.660172
neg_log_likelihood_prediction:  9.602991320870139
RMSE_train:  0.7913392
RMSE_prediction:  0.7641964608972723
ND_train:  0.32722884
ND_pred:  0.2624600827693939
input_y_batch_pred.shape (64, 192)
miu_pred.shape (64, 192)
prediction
step: 2000
neg_log_likelihood_train:  39.51141
neg_log_likelihood_prediction:  8.550998774441807
RMSE_train:  3.7315755
RMSE_prediction:  0.7623790285804055
ND_train:  0.52333134
ND_pred:  0.2629557089372115
input_y_batch_pred.shape (64, 192)
miu_pred.shape (64, 192)
Update 1.png
prediction
step: 2500
neg_log_likelihood_train:  9.776226
neg_log_likelihood_prediction:  7.997618761929599
RMSE_train:  1.7092053
RMSE_prediction:  0.7640782540494745
ND_train:  0.26707074
ND_pred:  0.262498758055947
input_y_batch_pred.shape (64, 192)
miu_pred.shape (64, 192)
prediction
step: 3000
neg_log_likelihood_train:  6.4077926
neg_log_likelihood_prediction:  7.638460679487749
RMSE_train:  0.8115726
RMSE_prediction:  0.7610498720949347
ND_train:  0.298858
ND_pred:  0.26327574388547376
input_y_batch_pred.shape (64, 192)
miu_pred.shape (64, 192)
prediction
step: 3500
neg_log_likelihood_train:  18.969793
neg_log_likelihood_prediction:  7.403416980396617
RMSE_train:  2.1708
RMSE_prediction:  0.7641492269255898
ND_train:  0.38920885
ND_pred:  0.2623923705382781
input_y_batch_pred.shape (64, 192)
miu_pred.shape (64, 192)
prediction
step: 4000
neg_log_likelihood_train:  29.104065
neg_log_likelihood_prediction:  7.206680731339888
RMSE_train:  3.894105
RMSE_prediction:  0.7637481689453125
ND_train:  0.5206041
ND_pred:  0.26251725446094165
input_y_batch_pred.shape (64, 192)
miu_pred.shape (64, 192)
Update 1.png
prediction
step: 4500
neg_log_likelihood_train:  9.970895
neg_log_likelihood_prediction:  7.072165489196777
RMSE_train:  1.3820938
RMSE_prediction:  0.7634603543715044
ND_train:  0.2992386
ND_pred:  0.26257864995436236
input_y_batch_pred.shape (64, 192)
miu_pred.shape (64, 192)
prediction
step: 5000
neg_log_likelihood_train:  24.757895
neg_log_likelihood_prediction:  6.970547676086426
RMSE_train:  2.7299223
RMSE_prediction:  0.7610006765885786
ND_train:  0.4353984
ND_pred:  0.2631421387195587
input_y_batch_pred.shape (64, 192)
miu_pred.shape (64, 192)
prediction
step: 5500
neg_log_likelihood_train:  5.97501
neg_log_likelihood_prediction:  6.89512114091353
RMSE_train:  0.49431434
RMSE_prediction:  0.7635501189665361
ND_train:  0.25083104
ND_pred:  0.26216221668503503
input_y_batch_pred.shape (64, 192)
miu_pred.shape (64, 192)
prediction
step: 6000
neg_log_likelihood_train:  8.674748
neg_log_likelihood_prediction:  6.8087834444913
RMSE_train:  1.2598606
RMSE_prediction:  0.7585841742428866
ND_train:  0.29349998
ND_pred:  0.2611530247059735
input_y_batch_pred.shape (64, 192)
miu_pred.shape (64, 192)
Update 1.png
prediction
step: 6500
neg_log_likelihood_train:  8.02661
neg_log_likelihood_prediction:  6.367511922662908
RMSE_train:  0.7610486
RMSE_prediction:  0.4569692205299031
ND_train:  0.20850167
ND_pred:  0.16062282703139566
input_y_batch_pred.shape (64, 192)
miu_pred.shape (64, 192)
prediction
step: 7000
neg_log_likelihood_train:  6.4425244
neg_log_likelihood_prediction:  6.265864892439409
RMSE_train:  0.4955857
RMSE_prediction:  0.35561550611799414
ND_train:  0.18484478
ND_pred:  0.12506823309443213
input_y_batch_pred.shape (64, 192)
miu_pred.shape (64, 192)
prediction
step: 7500
neg_log_likelihood_train:  6.6978755
neg_log_likelihood_prediction:  6.2570624784989795
RMSE_train:  1.0214143
RMSE_prediction:  0.3461990708654577
ND_train:  0.1795117
ND_pred:  0.11738774654540149
input_y_batch_pred.shape (64, 192)
miu_pred.shape (64, 192)
prediction
step: 8000
neg_log_likelihood_train:  6.34574
neg_log_likelihood_prediction:  6.251160361550071
RMSE_train:  0.49148175
RMSE_prediction:  0.3459542989730835
ND_train:  0.18388504
ND_pred:  0.12090988931330768
input_y_batch_pred.shape (64, 192)
miu_pred.shape (64, 192)
Update 1.png
###########  TIME  ##########
2018-09-01 16:18:40.370128
###########   0 Finish  #########
prediction
step: 8500
neg_log_likelihood_train:  6.4626565
neg_log_likelihood_prediction:  6.237225835973566
RMSE_train:  0.73178625
RMSE_prediction:  0.3242602280595086
ND_train:  0.15011884
ND_pred:  0.11643343554301695
input_y_batch_pred.shape (64, 192)
miu_pred.shape (64, 192)
prediction
step: 9000
neg_log_likelihood_train:  6.621248
neg_log_likelihood_prediction:  6.256230441006747
RMSE_train:  0.6209998
RMSE_prediction:  0.3326204392043027
ND_train:  0.16454513
ND_pred:  0.11934050172567368
input_y_batch_pred.shape (64, 192)
miu_pred.shape (64, 192)
prediction
step: 9500
neg_log_likelihood_train:  5.9007225
neg_log_likelihood_prediction:  6.248124209317294
RMSE_train:  0.3360703
RMSE_prediction:  0.32821153646165674
ND_train:  0.14410014
ND_pred:  0.11410066146742213
input_y_batch_pred.shape (64, 192)
miu_pred.shape (64, 192)
prediction
step: 10000
neg_log_likelihood_train:  6.9460893
neg_log_likelihood_prediction:  6.231036923148415
RMSE_train:  1.1272557
RMSE_prediction:  0.30659739673137665
ND_train:  0.16727968
ND_pred:  0.1075699119405313
input_y_batch_pred.shape (64, 192)
miu_pred.shape (64, 192)
Update 1.png
prediction
step: 10500
neg_log_likelihood_train:  6.0136676
neg_log_likelihood_prediction:  6.228827303106135
RMSE_train:  0.34682724
RMSE_prediction:  0.3148935843597759
ND_train:  0.13790289
ND_pred:  0.10959807715632698
input_y_batch_pred.shape (64, 192)
miu_pred.shape (64, 192)
prediction
step: 11000
neg_log_likelihood_train:  6.39887
neg_log_likelihood_prediction:  6.183352513746782
RMSE_train:  0.40187284
RMSE_prediction:  0.3635593910108913
ND_train:  0.122814305
ND_pred:  0.11792321367697282
input_y_batch_pred.shape (64, 192)
miu_pred.shape (64, 192)
prediction
step: 11500
neg_log_likelihood_train:  5.8562493
neg_log_likelihood_prediction:  6.158857995813543
RMSE_train:  0.5126875
RMSE_prediction:  0.40167054398493335
ND_train:  0.14955613
ND_pred:  0.12367630479010669
input_y_batch_pred.shape (64, 192)
miu_pred.shape (64, 192)
prediction
step: 12000
neg_log_likelihood_train:  6.355971
neg_log_likelihood_prediction:  6.171978083523837
RMSE_train:  0.4881191
RMSE_prediction:  0.5167117985812101
ND_train:  0.15670764
ND_pred:  0.1797771386124871
input_y_batch_pred.shape (64, 192)
miu_pred.shape (64, 192)
Update 1.png
prediction
step: 12500
neg_log_likelihood_train:  6.2856636
neg_log_likelihood_prediction:  5.91774168881503
RMSE_train:  0.39065698
RMSE_prediction:  0.3193326836282557
ND_train:  0.13182516
ND_pred:  0.11144665628671646
input_y_batch_pred.shape (64, 192)
miu_pred.shape (64, 192)
prediction
step: 13000
neg_log_likelihood_train:  5.443733
neg_log_likelihood_prediction:  5.9431893608786845
RMSE_train:  0.2904018
RMSE_prediction:  0.31675830347971484
ND_train:  0.12485432
ND_pred:  0.12121624973687259
input_y_batch_pred.shape (64, 192)
miu_pred.shape (64, 192)
prediction
step: 13500
neg_log_likelihood_train:  5.4812546
neg_log_likelihood_prediction:  5.773458177393133
RMSE_train:  0.2599601
RMSE_prediction:  0.3149062679572539
ND_train:  0.1078868
ND_pred:  0.11514780534939333
input_y_batch_pred.shape (64, 192)
miu_pred.shape (64, 192)
prediction
step: 14000
neg_log_likelihood_train:  5.635533
neg_log_likelihood_prediction:  5.751272331584584
RMSE_train:  0.22812147
RMSE_prediction:  0.39224295859987085
ND_train:  0.11159701
ND_pred:  0.12453631040724841
input_y_batch_pred.shape (64, 192)
miu_pred.shape (64, 192)
Update 1.png
prediction
step: 14500
neg_log_likelihood_train:  5.4810185
neg_log_likelihood_prediction:  5.627295450730757
RMSE_train:  0.3014922
RMSE_prediction:  0.30831173197789624
ND_train:  0.1318022
ND_pred:  0.10640891302715648
input_y_batch_pred.shape (64, 192)
miu_pred.shape (64, 192)
prediction
step: 15000
neg_log_likelihood_train:  6.024878
neg_log_likelihood_prediction:  5.514204545454546
RMSE_train:  1.235766
RMSE_prediction:  0.3249606774611907
ND_train:  0.13569672
ND_pred:  0.10936533659696579
input_y_batch_pred.shape (64, 192)
miu_pred.shape (64, 192)
prediction
step: 15500
neg_log_likelihood_train:  5.5893664
neg_log_likelihood_prediction:  5.32684950395064
RMSE_train:  0.26111764
RMSE_prediction:  0.2994919595393268
ND_train:  0.09703147
ND_pred:  0.10225082527507436
input_y_batch_pred.shape (64, 192)
miu_pred.shape (64, 192)
prediction
step: 16000
neg_log_likelihood_train:  6.3747983
neg_log_likelihood_prediction:  6.124362858858976
RMSE_train:  0.42369902
RMSE_prediction:  0.37007012692364777
ND_train:  0.16852742
ND_pred:  0.12706792625513944
input_y_batch_pred.shape (64, 192)
miu_pred.shape (64, 192)
Update 1.png
prediction
step: 16500
neg_log_likelihood_train:  5.584562
neg_log_likelihood_prediction:  6.04528773914684
RMSE_train:  0.3799645
RMSE_prediction:  0.32294181802056054
ND_train:  0.1394752
ND_pred:  0.11312568932771683
input_y_batch_pred.shape (64, 192)
miu_pred.shape (64, 192)
###########  TIME  ##########
2018-09-01 16:52:08.899047
###########   1 Finish  #########
prediction
step: 17000
neg_log_likelihood_train:  6.152389
neg_log_likelihood_prediction:  5.935053088448265
RMSE_train:  0.32834005
RMSE_prediction:  0.320271914655512
ND_train:  0.09657757
ND_pred:  0.11400915546850725
input_y_batch_pred.shape (64, 192)
miu_pred.shape (64, 192)
prediction
step: 17500
neg_log_likelihood_train:  5.9737663
neg_log_likelihood_prediction:  5.786101818084717
RMSE_train:  0.55617476
RMSE_prediction:  0.4395418844439767
ND_train:  0.14070661
ND_pred:  0.14285182681950656
input_y_batch_pred.shape (64, 192)
miu_pred.shape (64, 192)
prediction
step: 18000
neg_log_likelihood_train:  5.5944076
neg_log_likelihood_prediction:  5.622751105915416
RMSE_train:  0.46735823
RMSE_prediction:  0.37497607415372675
ND_train:  0.1197862
ND_pred:  0.12470510872927579
input_y_batch_pred.shape (64, 192)
miu_pred.shape (64, 192)
Update 1.png
prediction
step: 18500
neg_log_likelihood_train:  5.87685
neg_log_likelihood_prediction:  5.467971975153143
RMSE_train:  0.46816337
RMSE_prediction:  0.3298429115252061
ND_train:  0.1494848
ND_pred:  0.1138261766596274
input_y_batch_pred.shape (64, 192)
miu_pred.shape (64, 192)
prediction
step: 19000
neg_log_likelihood_train:  5.061563
neg_log_likelihood_prediction:  5.4190920482982285
RMSE_train:  0.40954742
RMSE_prediction:  0.3142423507842151
ND_train:  0.14931552
ND_pred:  0.10902550884268501
input_y_batch_pred.shape (64, 192)
miu_pred.shape (64, 192)
prediction
step: 19500
neg_log_likelihood_train:  5.3135314
neg_log_likelihood_prediction:  5.35576226494529
RMSE_train:  0.32952338
RMSE_prediction:  0.3028349415822463
ND_train:  0.13158116
ND_pred:  0.10601811381903561
input_y_batch_pred.shape (64, 192)
miu_pred.shape (64, 192)
prediction
step: 20000
neg_log_likelihood_train:  5.8077416
neg_log_likelihood_prediction:  5.303660869598389
RMSE_train:  1.1070894
RMSE_prediction:  0.3065311759710312
ND_train:  0.1617193
ND_pred:  0.10478993302041834
input_y_batch_pred.shape (64, 192)
miu_pred.shape (64, 192)
Update 1.png
prediction
step: 20500
neg_log_likelihood_train:  5.5869117
neg_log_likelihood_prediction:  5.2845284722068095
RMSE_train:  0.87975705
RMSE_prediction:  0.3012911623174494
ND_train:  0.12525049
ND_pred:  0.10351368107578972
input_y_batch_pred.shape (64, 192)
miu_pred.shape (64, 192)
prediction
step: 21000
neg_log_likelihood_train:  4.872019
neg_log_likelihood_prediction:  5.26578409021551
RMSE_train:  0.549021
RMSE_prediction:  0.3104419410228729
ND_train:  0.107185796
ND_pred:  0.10337219929153268
input_y_batch_pred.shape (64, 192)
miu_pred.shape (64, 192)
prediction
step: 21500
neg_log_likelihood_train:  6.344673
neg_log_likelihood_prediction:  5.211152683604848
RMSE_train:  0.4081462
RMSE_prediction:  0.3026075728914954
ND_train:  0.12456789
ND_pred:  0.10124622014435855
input_y_batch_pred.shape (64, 192)
miu_pred.shape (64, 192)
prediction
step: 22000
neg_log_likelihood_train:  5.085411
neg_log_likelihood_prediction:  5.188133109699596
RMSE_train:  0.35099742
RMSE_prediction:  0.30818901414220984
ND_train:  0.118030615
ND_pred:  0.10182616927407005
input_y_batch_pred.shape (64, 192)
miu_pred.shape (64, 192)
Update 1.png
prediction
step: 22500
neg_log_likelihood_train:  5.852694
neg_log_likelihood_prediction:  5.19100960818204
RMSE_train:  1.0738683
RMSE_prediction:  0.3015626208348708
ND_train:  0.14775345
ND_pred:  0.10121007805520837
input_y_batch_pred.shape (64, 192)
miu_pred.shape (64, 192)
prediction
step: 23000
neg_log_likelihood_train:  4.478232
neg_log_likelihood_prediction:  5.1492860533974385
RMSE_train:  0.2694371
RMSE_prediction:  0.3030665015632456
ND_train:  0.10003641
ND_pred:  0.1002379676157778
input_y_batch_pred.shape (64, 192)
miu_pred.shape (64, 192)
prediction
step: 23500
neg_log_likelihood_train:  5.4424663
neg_log_likelihood_prediction:  5.140791806307706
RMSE_train:  0.2932231
RMSE_prediction:  0.3094067627733404
ND_train:  0.08752868
ND_pred:  0.09888359633359042
input_y_batch_pred.shape (64, 192)
miu_pred.shape (64, 192)
prediction
step: 24000
neg_log_likelihood_train:  4.920493
neg_log_likelihood_prediction:  5.11475844816728
RMSE_train:  0.78025717
RMSE_prediction:  0.2930320325222882
ND_train:  0.10030166
ND_pred:  0.096313399347392
input_y_batch_pred.shape (64, 192)
miu_pred.shape (64, 192)
Update 1.png
prediction
step: 24500
neg_log_likelihood_train:  4.317652
neg_log_likelihood_prediction:  5.140011700716886
RMSE_train:  0.62775815
RMSE_prediction:  0.30027832090854645
ND_train:  0.0977907
ND_pred:  0.1002564091574062
input_y_batch_pred.shape (64, 192)
miu_pred.shape (64, 192)
prediction
step: 25000
neg_log_likelihood_train:  4.658426
neg_log_likelihood_prediction:  5.133016196164218
RMSE_train:  0.5442811
RMSE_prediction:  0.306477504697713
ND_train:  0.08959568
ND_pred:  0.10020108995112506
input_y_batch_pred.shape (64, 192)
miu_pred.shape (64, 192)
###########  TIME  ##########
2018-09-01 17:25:33.010371
###########   2 Finish  #########
prediction
step: 25500
neg_log_likelihood_train:  5.743973
neg_log_likelihood_prediction:  5.605122392827814
RMSE_train:  0.82025206
RMSE_prediction:  0.7905875498598273
ND_train:  0.15670325
ND_pred:  0.21623824807730588
input_y_batch_pred.shape (64, 192)
miu_pred.shape (64, 192)
prediction
step: 26000
neg_log_likelihood_train:  5.6690445
neg_log_likelihood_prediction:  5.120901367881081
RMSE_train:  0.8247237
RMSE_prediction:  0.3053676756945523
ND_train:  0.12561637
ND_pred:  0.0977168083190918
input_y_batch_pred.shape (64, 192)
miu_pred.shape (64, 192)
Update 1.png
prediction
step: 26500
neg_log_likelihood_train:  5.2075877
neg_log_likelihood_prediction:  5.1870525966991075
RMSE_train:  0.37594062
RMSE_prediction:  0.31541576846079394
ND_train:  0.10341132
ND_pred:  0.09918831221081993
input_y_batch_pred.shape (64, 192)
miu_pred.shape (64, 192)
prediction
step: 27000
neg_log_likelihood_train:  4.86353
neg_log_likelihood_prediction:  5.15163686058738
RMSE_train:  0.27485788
RMSE_prediction:  0.32056783817031165
ND_train:  0.105784506
ND_pred:  0.0995671498504552
input_y_batch_pred.shape (64, 192)
miu_pred.shape (64, 192)
prediction
step: 27500
neg_log_likelihood_train:  4.242747
neg_log_likelihood_prediction:  5.096405679529363
RMSE_train:  0.32383862
RMSE_prediction:  0.30721490626985376
ND_train:  0.09560931
ND_pred:  0.09679196300831708
input_y_batch_pred.shape (64, 192)
miu_pred.shape (64, 192)
prediction
step: 28000
neg_log_likelihood_train:  5.2463093
neg_log_likelihood_prediction:  5.08372688293457
RMSE_train:  0.2279089
RMSE_prediction:  0.29773034019903705
ND_train:  0.09579021
ND_pred:  0.0970486571842974
input_y_batch_pred.shape (64, 192)
miu_pred.shape (64, 192)
Update 1.png
prediction
step: 28500
neg_log_likelihood_train:  5.1704283
neg_log_likelihood_prediction:  5.442692626606334
RMSE_train:  0.43690652
RMSE_prediction:  0.40328051014380023
ND_train:  0.09871117
ND_pred:  0.12025786462155255
input_y_batch_pred.shape (64, 192)
miu_pred.shape (64, 192)
prediction
step: 29000
neg_log_likelihood_train:  4.698444
neg_log_likelihood_prediction:  5.204412286931818
RMSE_train:  0.30255085
RMSE_prediction:  0.32061966169964184
ND_train:  0.10595318
ND_pred:  0.10299785096536983
input_y_batch_pred.shape (64, 192)
miu_pred.shape (64, 192)
prediction
step: 29500
neg_log_likelihood_train:  4.8721766
neg_log_likelihood_prediction:  5.12906534021551
RMSE_train:  0.3925893
RMSE_prediction:  0.31957665898583154
ND_train:  0.123783626
ND_pred:  0.10123207149180499
input_y_batch_pred.shape (64, 192)
miu_pred.shape (64, 192)
prediction
step: 30000
neg_log_likelihood_train:  4.8556294
neg_log_likelihood_prediction:  5.105384436520663
RMSE_train:  0.45944005
RMSE_prediction:  0.30184549499641766
ND_train:  0.087129235
ND_pred:  0.0965710925784978
input_y_batch_pred.shape (64, 192)
miu_pred.shape (64, 192)
Update 1.png
prediction
step: 30500
neg_log_likelihood_train:  5.427794
neg_log_likelihood_prediction:  5.087201205166903
RMSE_train:  0.23028992
RMSE_prediction:  0.29244132475419476
ND_train:  0.08742183
ND_pred:  0.0957590863108635
input_y_batch_pred.shape (64, 192)
miu_pred.shape (64, 192)
prediction
step: 31000
neg_log_likelihood_train:  4.8226657
neg_log_likelihood_prediction:  5.134504361586138
RMSE_train:  0.4450825
RMSE_prediction:  0.28557279028675775
ND_train:  0.11356555
ND_pred:  0.09448726610703902
input_y_batch_pred.shape (64, 192)
miu_pred.shape (64, 192)
prediction
step: 31500
neg_log_likelihood_train:  5.3185067
neg_log_likelihood_prediction:  5.087622555819425
RMSE_train:  0.77960443
RMSE_prediction:  0.2757930714975704
ND_train:  0.107318066
ND_pred:  0.09190681576728821
input_y_batch_pred.shape (64, 192)
miu_pred.shape (64, 192)
prediction
step: 32000
neg_log_likelihood_train:  4.9959083
neg_log_likelihood_prediction:  5.094471671364524
RMSE_train:  0.31980726
RMSE_prediction:  0.2897108942270279
ND_train:  0.09693895
ND_pred:  0.09318221699107777
input_y_batch_pred.shape (64, 192)
miu_pred.shape (64, 192)
Update 1.png
prediction
step: 32500
neg_log_likelihood_train:  5.7796445
neg_log_likelihood_prediction:  5.065124815160578
RMSE_train:  1.0807066
RMSE_prediction:  0.3060724139213562
ND_train:  0.13275477
ND_pred:  0.0958491475744681
input_y_batch_pred.shape (64, 192)
miu_pred.shape (64, 192)
prediction
step: 33000
neg_log_likelihood_train:  4.704354
neg_log_likelihood_prediction:  5.073934901844371
RMSE_train:  0.2093616
RMSE_prediction:  0.268481121821837
ND_train:  0.081441306
ND_pred:  0.08882996236736124
input_y_batch_pred.shape (64, 192)
miu_pred.shape (64, 192)
prediction
step: 33500
neg_log_likelihood_train:  4.705463
neg_log_likelihood_prediction:  5.082191120494496
RMSE_train:  0.20582163
RMSE_prediction:  0.278475207361308
ND_train:  0.08799418
ND_pred:  0.09107061001387509
input_y_batch_pred.shape (64, 192)
miu_pred.shape (64, 192)
###########  TIME  ##########
2018-09-01 17:59:29.349402
###########   3 Finish  #########
prediction
step: 34000
neg_log_likelihood_train:  5.1518717
neg_log_likelihood_prediction:  5.181586785749956
RMSE_train:  0.5468836
RMSE_prediction:  0.2977626459165053
ND_train:  0.08608459
ND_pred:  0.09604618630625984
input_y_batch_pred.shape (64, 192)
miu_pred.shape (64, 192)
Update 1.png
prediction
step: 34500
neg_log_likelihood_train:  4.48782
neg_log_likelihood_prediction:  5.110093636946245
RMSE_train:  0.36070466
RMSE_prediction:  0.28682261976328766
ND_train:  0.099185586
ND_pred:  0.09439896385778081
input_y_batch_pred.shape (64, 192)
miu_pred.shape (64, 192)
prediction
step: 35000
neg_log_likelihood_train:  4.6725054
neg_log_likelihood_prediction:  5.103135499087247
RMSE_train:  0.34613374
RMSE_prediction:  0.2664263912222602
ND_train:  0.076596424
ND_pred:  0.08931137418205087
input_y_batch_pred.shape (64, 192)
miu_pred.shape (64, 192)
prediction
step: 35500
neg_log_likelihood_train:  4.6830153
neg_log_likelihood_prediction:  5.073724833401767
RMSE_train:  0.16207202
RMSE_prediction:  0.27167767557230865
ND_train:  0.076176204
ND_pred:  0.09036211398514835
input_y_batch_pred.shape (64, 192)
miu_pred.shape (64, 192)
prediction
step: 36000
neg_log_likelihood_train:  4.4536386
neg_log_likelihood_prediction:  5.038984818892046
RMSE_train:  0.18339211
RMSE_prediction:  0.27775204994461755
ND_train:  0.09104191
ND_pred:  0.09076121314005418
input_y_batch_pred.shape (64, 192)
miu_pred.shape (64, 192)
Update 1.png
prediction
step: 36500
neg_log_likelihood_train:  5.101096
neg_log_likelihood_prediction:  5.040673125873912
RMSE_train:  0.1699555
RMSE_prediction:  0.2592736672271382
ND_train:  0.07802164
ND_pred:  0.08725807680325075
input_y_batch_pred.shape (64, 192)
miu_pred.shape (64, 192)
prediction
step: 37000
neg_log_likelihood_train:  4.908364
neg_log_likelihood_prediction:  5.067086479880593
RMSE_train:  0.228489
RMSE_prediction:  0.2714170109141957
ND_train:  0.08242586
ND_pred:  0.09017008543014526
input_y_batch_pred.shape (64, 192)
miu_pred.shape (64, 192)
prediction
step: 37500
neg_log_likelihood_train:  4.7551208
neg_log_likelihood_prediction:  5.048497460105202
RMSE_train:  0.310122
RMSE_prediction:  0.280699992721731
ND_train:  0.07177929
ND_pred:  0.09102125533602455
input_y_batch_pred.shape (64, 192)
miu_pred.shape (64, 192)
prediction
step: 38000
neg_log_likelihood_train:  4.7651935
neg_log_likelihood_prediction:  5.049187963659113
RMSE_train:  0.634758
RMSE_prediction:  0.2629627571864562
ND_train:  0.10349521
ND_pred:  0.08695970611138777
input_y_batch_pred.shape (64, 192)
miu_pred.shape (64, 192)
Update 1.png
prediction
step: 38500
neg_log_likelihood_train:  4.68105
neg_log_likelihood_prediction:  5.0353804501620205
RMSE_train:  0.30351606
RMSE_prediction:  0.25830729576674377
ND_train:  0.091677755
ND_pred:  0.0868147157809951
input_y_batch_pred.shape (64, 192)
miu_pred.shape (64, 192)
prediction
step: 39000
neg_log_likelihood_train:  4.8740773
neg_log_likelihood_prediction:  5.040843400088224
RMSE_train:  0.34550738
RMSE_prediction:  0.2694607986645265
ND_train:  0.07179692
ND_pred:  0.09005601839585738
input_y_batch_pred.shape (64, 192)
miu_pred.shape (64, 192)
prediction
step: 39500
neg_log_likelihood_train:  4.572525
neg_log_likelihood_prediction:  5.024320298975164
RMSE_train:  0.23553033
RMSE_prediction:  0.26868064972487365
ND_train:  0.07518575
ND_pred:  0.09088001264767213
input_y_batch_pred.shape (64, 192)
miu_pred.shape (64, 192)
prediction
step: 40000
neg_log_likelihood_train:  4.9544263
neg_log_likelihood_prediction:  5.060647574338046
RMSE_train:  0.32965317
RMSE_prediction:  0.2500545382499695
ND_train:  0.07365476
ND_pred:  0.08534662086855281
input_y_batch_pred.shape (64, 192)
miu_pred.shape (64, 192)
Update 1.png
prediction
step: 40500
neg_log_likelihood_train:  4.288058
neg_log_likelihood_prediction:  5.038411313837225
RMSE_train:  0.21232563
RMSE_prediction:  0.25392224165526306
ND_train:  0.08176428
ND_pred:  0.08657525682991202
input_y_batch_pred.shape (64, 192)
miu_pred.shape (64, 192)
prediction
step: 41000
neg_log_likelihood_train:  4.64576
neg_log_likelihood_prediction:  5.070105119185015
RMSE_train:  0.8991727
RMSE_prediction:  0.2801508199084889
ND_train:  0.107657164
ND_pred:  0.09079710732806813
input_y_batch_pred.shape (64, 192)
miu_pred.shape (64, 192)
prediction
step: 41500
neg_log_likelihood_train:  4.8468475
neg_log_likelihood_prediction:  5.017698764801025
RMSE_train:  0.5443355
RMSE_prediction:  0.2583385096354918
ND_train:  0.09227671
ND_pred:  0.08678334883668205
input_y_batch_pred.shape (64, 192)
miu_pred.shape (64, 192)
prediction
step: 42000
neg_log_likelihood_train:  4.777222
neg_log_likelihood_prediction:  4.998510620810769
RMSE_train:  0.18004099
RMSE_prediction:  0.2620426985350522
ND_train:  0.08042791
ND_pred:  0.08856831084598195
input_y_batch_pred.shape (64, 192)
miu_pred.shape (64, 192)
Update 1.png
###########  TIME  ##########
2018-09-01 18:33:24.859650
###########   4 Finish  #########
prediction
step: 42500
neg_log_likelihood_train:  4.8933544
neg_log_likelihood_prediction:  4.995514739643443
RMSE_train:  0.23576623
RMSE_prediction:  0.27558106861331244
ND_train:  0.08072017
ND_pred:  0.08933060683987358
input_y_batch_pred.shape (64, 192)
miu_pred.shape (64, 192)
prediction
step: 43000
neg_log_likelihood_train:  5.082163
neg_log_likelihood_prediction:  5.000638268210671
RMSE_train:  0.48898825
RMSE_prediction:  0.24929551644758743
ND_train:  0.077703
ND_pred:  0.08426184004003351
input_y_batch_pred.shape (64, 192)
miu_pred.shape (64, 192)
prediction
step: 43500
neg_log_likelihood_train:  4.454273
neg_log_likelihood_prediction:  4.976502375169233
RMSE_train:  0.23183179
RMSE_prediction:  0.29070533134720544
ND_train:  0.09024739
ND_pred:  0.09243155744942752
input_y_batch_pred.shape (64, 192)
miu_pred.shape (64, 192)
prediction
step: 44000
neg_log_likelihood_train:  4.973185
neg_log_likelihood_prediction:  5.001900239424272
RMSE_train:  1.251579
RMSE_prediction:  0.26124227995222266
ND_train:  0.13057506
ND_pred:  0.08602606843818318
input_y_batch_pred.shape (64, 192)
miu_pred.shape (64, 192)
Update 1.png
prediction
step: 44500
neg_log_likelihood_train:  4.4673653
neg_log_likelihood_prediction:  5.036601673473012
RMSE_train:  0.58842176
RMSE_prediction:  0.2847298722375523
ND_train:  0.08251351
ND_pred:  0.0935154990716414
input_y_batch_pred.shape (64, 192)
miu_pred.shape (64, 192)
prediction
step: 45000
neg_log_likelihood_train:  4.3384476
neg_log_likelihood_prediction:  5.003519708460027
RMSE_train:  0.21688046
RMSE_prediction:  0.3029701912944967
ND_train:  0.079531655
ND_pred:  0.09166490828449075
input_y_batch_pred.shape (64, 192)
miu_pred.shape (64, 192)
prediction
step: 45500
neg_log_likelihood_train:  4.5715213
neg_log_likelihood_prediction:  5.001037684353915
RMSE_train:  0.498423
RMSE_prediction:  0.2634547691453587
ND_train:  0.089588046
ND_pred:  0.08542630482803691
input_y_batch_pred.shape (64, 192)
miu_pred.shape (64, 192)
prediction
step: 46000
neg_log_likelihood_train:  4.76872
neg_log_likelihood_prediction:  4.960870265960693
RMSE_train:  0.90620005
RMSE_prediction:  0.2510217753323642
ND_train:  0.10903843
ND_pred:  0.08364437520503998
input_y_batch_pred.shape (64, 192)
miu_pred.shape (64, 192)
Update 1.png
prediction
step: 46500
neg_log_likelihood_train:  4.981048
neg_log_likelihood_prediction:  4.9687556786970655
RMSE_train:  0.42796516
RMSE_prediction:  0.2975657501003959
ND_train:  0.08295392
ND_pred:  0.0906328714706681
input_y_batch_pred.shape (64, 192)
miu_pred.shape (64, 192)
prediction
step: 47000
neg_log_likelihood_train:  4.8195825
neg_log_likelihood_prediction:  4.968834183432839
RMSE_train:  0.76353896
RMSE_prediction:  0.26036068390716205
ND_train:  0.10309783
ND_pred:  0.08583097633990375
input_y_batch_pred.shape (64, 192)
miu_pred.shape (64, 192)
prediction
step: 47500
neg_log_likelihood_train:  4.324862
neg_log_likelihood_prediction:  4.981877196918834
RMSE_train:  0.1505352
RMSE_prediction:  0.2677771367809989
ND_train:  0.070812665
ND_pred:  0.0865421782840382
input_y_batch_pred.shape (64, 192)
miu_pred.shape (64, 192)
prediction
step: 48000
neg_log_likelihood_train:  4.672014
neg_log_likelihood_prediction:  4.9821648597717285
RMSE_train:  0.42556217
RMSE_prediction:  0.2646460939537395
ND_train:  0.08857151
ND_pred:  0.08601919493891975
input_y_batch_pred.shape (64, 192)
miu_pred.shape (64, 192)
Update 1.png
prediction
step: 48500
neg_log_likelihood_train:  5.3700824
neg_log_likelihood_prediction:  4.9885524836453525
RMSE_train:  0.25147152
RMSE_prediction:  0.2739583457058126
ND_train:  0.0685841
ND_pred:  0.08595535057512196
input_y_batch_pred.shape (64, 192)
miu_pred.shape (64, 192)
prediction
step: 49000
neg_log_likelihood_train:  5.003524
neg_log_likelihood_prediction:  5.016168117523193
RMSE_train:  0.15728346
RMSE_prediction:  0.26427124034274707
ND_train:  0.064922765
ND_pred:  0.08725445040247658
input_y_batch_pred.shape (64, 192)
miu_pred.shape (64, 192)
prediction
step: 49500
neg_log_likelihood_train:  4.213827
neg_log_likelihood_prediction:  4.9880571798844775
RMSE_train:  0.4632221
RMSE_prediction:  0.2611301907084205
ND_train:  0.08437341
ND_pred:  0.08495315435257825
input_y_batch_pred.shape (64, 192)
miu_pred.shape (64, 192)
prediction
step: 50000
neg_log_likelihood_train:  4.8603005
neg_log_likelihood_prediction:  4.977767077359286
RMSE_train:  0.21016525
RMSE_prediction:  0.25925832851366565
ND_train:  0.0770403
ND_pred:  0.08403952826153148
input_y_batch_pred.shape (64, 192)
miu_pred.shape (64, 192)
Update 1.png
###########  TIME  ##########
2018-09-01 19:06:11.628815
###########   5 Finish  #########
prediction
step: 50500
neg_log_likelihood_train:  4.957764
neg_log_likelihood_prediction:  5.123213724656538
RMSE_train:  0.33494365
RMSE_prediction:  0.2618990608237006
ND_train:  0.069962576
ND_pred:  0.08873584731058641
input_y_batch_pred.shape (64, 192)
miu_pred.shape (64, 192)
prediction
step: 51000
neg_log_likelihood_train:  5.1448636
neg_log_likelihood_prediction:  5.066138397563588
RMSE_train:  0.4178249
RMSE_prediction:  0.3304372091184963
ND_train:  0.0994602
ND_pred:  0.10095146772536365
input_y_batch_pred.shape (64, 192)
miu_pred.shape (64, 192)
prediction
step: 51500
neg_log_likelihood_train:  4.4619336
neg_log_likelihood_prediction:  4.988644729961049
RMSE_train:  0.20831639
RMSE_prediction:  0.2837779711593281
ND_train:  0.07600184
ND_pred:  0.08964447744868019
input_y_batch_pred.shape (64, 192)
miu_pred.shape (64, 192)
prediction
step: 52000
neg_log_likelihood_train:  4.861192
neg_log_likelihood_prediction:  4.982230099764737
RMSE_train:  0.87318
RMSE_prediction:  0.2735113271258094
ND_train:  0.121399425
ND_pred:  0.08868618309497833
input_y_batch_pred.shape (64, 192)
miu_pred.shape (64, 192)
Update 1.png
prediction
step: 52500
neg_log_likelihood_train:  4.7667494
neg_log_likelihood_prediction:  4.961093469099565
RMSE_train:  0.19820939
RMSE_prediction:  0.25832242180000653
ND_train:  0.07779041
ND_pred:  0.08521220900795677
input_y_batch_pred.shape (64, 192)
miu_pred.shape (64, 192)
prediction
step: 53000
neg_log_likelihood_train:  5.074615
neg_log_likelihood_prediction:  4.962505167180842
RMSE_train:  0.25498757
RMSE_prediction:  0.25613618980754504
ND_train:  0.070924744
ND_pred:  0.08434047685428099
input_y_batch_pred.shape (64, 192)
miu_pred.shape (64, 192)
prediction
step: 53500
neg_log_likelihood_train:  4.462362
neg_log_likelihood_prediction:  5.007926767522639
RMSE_train:  0.35460207
RMSE_prediction:  0.25410368225791236
ND_train:  0.08904199
ND_pred:  0.08749196746132591
input_y_batch_pred.shape (64, 192)
miu_pred.shape (64, 192)
prediction
step: 54000
neg_log_likelihood_train:  5.296565
neg_log_likelihood_prediction:  5.007768110795454
RMSE_train:  0.3227671
RMSE_prediction:  0.2555236504836516
ND_train:  0.08981145
ND_pred:  0.08558048172430559
input_y_batch_pred.shape (64, 192)
miu_pred.shape (64, 192)
Update 1.png
prediction
step: 54500
neg_log_likelihood_train:  5.3439546
neg_log_likelihood_prediction:  4.956762834028765
RMSE_train:  0.30451205
RMSE_prediction:  0.2479968721216375
ND_train:  0.09127693
ND_pred:  0.08240535177967766
input_y_batch_pred.shape (64, 192)
miu_pred.shape (64, 192)
prediction
step: 55000
neg_log_likelihood_train:  4.398491
neg_log_likelihood_prediction:  4.959727807478472
RMSE_train:  0.22954167
RMSE_prediction:  0.24666539511897348
ND_train:  0.08923431
ND_pred:  0.08154206011782993
input_y_batch_pred.shape (64, 192)
miu_pred.shape (64, 192)
prediction
step: 55500
neg_log_likelihood_train:  4.8325934
neg_log_likelihood_prediction:  5.0072549039667305
RMSE_train:  0.21522053
RMSE_prediction:  0.254988969726996
ND_train:  0.08129892
ND_pred:  0.08475052023475821
input_y_batch_pred.shape (64, 192)
miu_pred.shape (64, 192)
prediction
step: 56000
neg_log_likelihood_train:  4.97008
neg_log_likelihood_prediction:  4.983796683224765
RMSE_train:  0.14853914
RMSE_prediction:  0.24797653610056097
ND_train:  0.06996629
ND_pred:  0.08370937745679509
input_y_batch_pred.shape (64, 192)
miu_pred.shape (64, 192)
Update 1.png
prediction
step: 56500
neg_log_likelihood_train:  4.922754
neg_log_likelihood_prediction:  4.987008224834096
RMSE_train:  0.21494974
RMSE_prediction:  0.25877796655351465
ND_train:  0.08606162
ND_pred:  0.08721457895907489
input_y_batch_pred.shape (64, 192)
miu_pred.shape (64, 192)
prediction
step: 57000
neg_log_likelihood_train:  4.7916846
neg_log_likelihood_prediction:  4.967548413710161
RMSE_train:  0.85115623
RMSE_prediction:  0.26125631820071826
ND_train:  0.10348123
ND_pred:  0.08434541591189125
input_y_batch_pred.shape (64, 192)
miu_pred.shape (64, 192)
prediction
step: 57500
neg_log_likelihood_train:  5.169349
neg_log_likelihood_prediction:  4.987091758034446
RMSE_train:  0.21176735
RMSE_prediction:  0.24619978666305542
ND_train:  0.070910916
ND_pred:  0.08363791826096448
input_y_batch_pred.shape (64, 192)
miu_pred.shape (64, 192)
prediction
step: 58000
neg_log_likelihood_train:  5.1754684
neg_log_likelihood_prediction:  5.010413993488658
RMSE_train:  0.22845931
RMSE_prediction:  0.25393078272992914
ND_train:  0.08497961
ND_pred:  0.0841781727292321
input_y_batch_pred.shape (64, 192)
miu_pred.shape (64, 192)
Update 1.png
prediction
step: 58500
neg_log_likelihood_train:  4.5817003
neg_log_likelihood_prediction:  5.003902391953901
RMSE_train:  0.29459423
RMSE_prediction:  0.25191061063246295
ND_train:  0.08422211
ND_pred:  0.08420587534254248
input_y_batch_pred.shape (64, 192)
miu_pred.shape (64, 192)
###########  TIME  ##########
2018-09-01 19:37:49.690909
###########   6 Finish  #########
prediction
step: 59000
neg_log_likelihood_train:  5.1673994
neg_log_likelihood_prediction:  4.951772603121671
RMSE_train:  0.27273583
RMSE_prediction:  0.2575456500053406
ND_train:  0.06444661
ND_pred:  0.08216311850331047
input_y_batch_pred.shape (64, 192)
miu_pred.shape (64, 192)
prediction
step: 59500
neg_log_likelihood_train:  4.926617
neg_log_likelihood_prediction:  4.981595386158336
RMSE_train:  0.38088545
RMSE_prediction:  0.2516467855735259
ND_train:  0.08263455
ND_pred:  0.08392722498286855
input_y_batch_pred.shape (64, 192)
miu_pred.shape (64, 192)
prediction
step: 60000
neg_log_likelihood_train:  4.775534
neg_log_likelihood_prediction:  5.010459856553511
RMSE_train:  0.4178365
RMSE_prediction:  0.25111285664818506
ND_train:  0.083028406
ND_pred:  0.08424230868166144
input_y_batch_pred.shape (64, 192)
miu_pred.shape (64, 192)
Update 1.png
prediction
step: 60500
neg_log_likelihood_train:  5.212161
neg_log_likelihood_prediction:  5.0015295202081855
RMSE_train:  0.32018003
RMSE_prediction:  0.2518504871563478
ND_train:  0.09826512
ND_pred:  0.08273535763675516
input_y_batch_pred.shape (64, 192)
miu_pred.shape (64, 192)
prediction
step: 61000
neg_log_likelihood_train:  4.510257
neg_log_likelihood_prediction:  4.94289155439897
RMSE_train:  0.25124604
RMSE_prediction:  0.2588978667150844
ND_train:  0.08398576
ND_pred:  0.08602747253396294
input_y_batch_pred.shape (64, 192)
miu_pred.shape (64, 192)
prediction
step: 61500
neg_log_likelihood_train:  4.783763
neg_log_likelihood_prediction:  4.9328201900828965
RMSE_train:  0.2319548
RMSE_prediction:  0.2570655725219033
ND_train:  0.08061641
ND_pred:  0.08569420061328194
input_y_batch_pred.shape (64, 192)
miu_pred.shape (64, 192)
prediction
step: 62000
neg_log_likelihood_train:  5.041314
neg_log_likelihood_prediction:  4.966423988342285
RMSE_train:  0.93040764
RMSE_prediction:  0.2549034993756901
ND_train:  0.12837897
ND_pred:  0.08295536244457419
input_y_batch_pred.shape (64, 192)
miu_pred.shape (64, 192)
Update 1.png
prediction
step: 62500
neg_log_likelihood_train:  5.047066
neg_log_likelihood_prediction:  4.9579831036654385
RMSE_train:  0.65911573
RMSE_prediction:  0.2532482445240021
ND_train:  0.09697365
ND_pred:  0.0831497155807235
input_y_batch_pred.shape (64, 192)
miu_pred.shape (64, 192)
prediction
step: 63000
neg_log_likelihood_train:  4.4855733
neg_log_likelihood_prediction:  4.954769264567982
RMSE_train:  0.38092193
RMSE_prediction:  0.2509112872860648
ND_train:  0.08375974
ND_pred:  0.08309702913869511
input_y_batch_pred.shape (64, 192)
miu_pred.shape (64, 192)
prediction
step: 63500
neg_log_likelihood_train:  5.35939
neg_log_likelihood_prediction:  4.945495302026922
RMSE_train:  0.33811954
RMSE_prediction:  0.24744970012794842
ND_train:  0.08689378
ND_pred:  0.08253819258375601
input_y_batch_pred.shape (64, 192)
miu_pred.shape (64, 192)
prediction
step: 64000
neg_log_likelihood_train:  4.7390933
neg_log_likelihood_prediction:  4.971587527881969
RMSE_train:  0.24817781
RMSE_prediction:  0.25940297544002533
ND_train:  0.087051004
ND_pred:  0.08459396186200055
input_y_batch_pred.shape (64, 192)
miu_pred.shape (64, 192)
Update 1.png
prediction
step: 64500
neg_log_likelihood_train:  5.0979524
neg_log_likelihood_prediction:  4.956766171888872
RMSE_train:  0.6969521
RMSE_prediction:  0.26005932146852667
ND_train:  0.091745436
ND_pred:  0.08644471791657535
input_y_batch_pred.shape (64, 192)
miu_pred.shape (64, 192)
prediction
step: 65000
neg_log_likelihood_train:  4.2165775
neg_log_likelihood_prediction:  4.955218271775679
RMSE_train:  0.24917252
RMSE_prediction:  0.26233919913118536
ND_train:  0.08103315
ND_pred:  0.0852808261459524
input_y_batch_pred.shape (64, 192)
miu_pred.shape (64, 192)
prediction
step: 65500
neg_log_likelihood_train:  5.162202
neg_log_likelihood_prediction:  4.94286433133212
RMSE_train:  0.16163766
RMSE_prediction:  0.25446733155033807
ND_train:  0.052038386
ND_pred:  0.08591327274387534
input_y_batch_pred.shape (64, 192)
miu_pred.shape (64, 192)
prediction
step: 66000
neg_log_likelihood_train:  4.666694
neg_log_likelihood_prediction:  4.964191523465243
RMSE_train:  0.63737774
RMSE_prediction:  0.2508311867713928
ND_train:  0.088124946
ND_pred:  0.08345390991731123
input_y_batch_pred.shape (64, 192)
miu_pred.shape (64, 192)
Update 1.png
prediction
step: 66500
neg_log_likelihood_train:  4.136678
neg_log_likelihood_prediction:  5.092316454107111
RMSE_train:  0.6648712
RMSE_prediction:  0.2812229056249965
ND_train:  0.10480237
ND_pred:  0.09329902448437431
input_y_batch_pred.shape (64, 192)
miu_pred.shape (64, 192)
prediction
step: 67000
neg_log_likelihood_train:  4.4880667
neg_log_likelihood_prediction:  5.002813902768222
RMSE_train:  0.43244603
RMSE_prediction:  0.27629437229850073
ND_train:  0.075726144
ND_pred:  0.09039570187980478
input_y_batch_pred.shape (64, 192)
miu_pred.shape (64, 192)
###########  TIME  ##########
2018-09-01 20:09:30.753291
###########   7 Finish  #########
prediction
step: 67500
neg_log_likelihood_train:  4.9830594
neg_log_likelihood_prediction:  5.062797329642556
RMSE_train:  0.47986513
RMSE_prediction:  0.5771319757808339
ND_train:  0.084667645
ND_pred:  0.12829264592040668
input_y_batch_pred.shape (64, 192)
miu_pred.shape (64, 192)
prediction
step: 68000
neg_log_likelihood_train:  4.992218
neg_log_likelihood_prediction:  5.006057002327659
RMSE_train:  0.523326
RMSE_prediction:  0.25716683674942364
ND_train:  0.08056865
ND_pred:  0.08700448951937935
input_y_batch_pred.shape (64, 192)
miu_pred.shape (64, 192)
Update 1.png
prediction
step: 68500
neg_log_likelihood_train:  4.880301
neg_log_likelihood_prediction:  4.962880221280185
RMSE_train:  0.32812414
RMSE_prediction:  0.2593217424371026
ND_train:  0.08190757
ND_pred:  0.08801360360600731
input_y_batch_pred.shape (64, 192)
miu_pred.shape (64, 192)
prediction
step: 69000
neg_log_likelihood_train:  4.6203723
neg_log_likelihood_prediction:  4.98629110509699
RMSE_train:  0.22554256
RMSE_prediction:  0.2779082967476411
ND_train:  0.08716616
ND_pred:  0.08784098313613371
input_y_batch_pred.shape (64, 192)
miu_pred.shape (64, 192)
prediction
step: 69500
neg_log_likelihood_train:  4.0472465
neg_log_likelihood_prediction:  4.9872495911338115
RMSE_train:  0.25859657
RMSE_prediction:  0.24513823200355878
ND_train:  0.075196154
ND_pred:  0.08410567925734953
input_y_batch_pred.shape (64, 192)
miu_pred.shape (64, 192)
prediction
step: 70000
neg_log_likelihood_train:  5.055699
neg_log_likelihood_prediction:  4.988913145932284
RMSE_train:  0.19674566
RMSE_prediction:  0.24212340333245017
ND_train:  0.082946196
ND_pred:  0.08272986859083176
input_y_batch_pred.shape (64, 192)
miu_pred.shape (64, 192)
Update 1.png
prediction
step: 70500
neg_log_likelihood_train:  4.498655
neg_log_likelihood_prediction:  4.999647964130748
RMSE_train:  0.32882994
RMSE_prediction:  0.2558807690035213
ND_train:  0.06876653
ND_pred:  0.08631738478487189
input_y_batch_pred.shape (64, 192)
miu_pred.shape (64, 192)
prediction
step: 71000
neg_log_likelihood_train:  4.1679726
neg_log_likelihood_prediction:  4.989801927046343
RMSE_train:  0.24865644
RMSE_prediction:  0.2600779316642068
ND_train:  0.08785546
ND_pred:  0.08995427665385333
input_y_batch_pred.shape (64, 192)
miu_pred.shape (64, 192)
prediction
step: 71500
neg_log_likelihood_train:  4.5225644
neg_log_likelihood_prediction:  4.981778361580589
RMSE_train:  0.3233233
RMSE_prediction:  0.24425446851686997
ND_train:  0.10013712
ND_pred:  0.08470558578317816
input_y_batch_pred.shape (64, 192)
miu_pred.shape (64, 192)
prediction
step: 72000
neg_log_likelihood_train:  4.571649
neg_log_likelihood_prediction:  4.980820915915749
RMSE_train:  0.25753614
RMSE_prediction:  0.25330532816323365
ND_train:  0.06059328
ND_pred:  0.08628528632900932
input_y_batch_pred.shape (64, 192)
miu_pred.shape (64, 192)
Update 1.png
prediction
step: 72500
neg_log_likelihood_train:  5.1424575
neg_log_likelihood_prediction:  4.94431868466464
RMSE_train:  0.16939671
RMSE_prediction:  0.25225646658377215
ND_train:  0.06802114
ND_pred:  0.08575345372611826
input_y_batch_pred.shape (64, 192)
miu_pred.shape (64, 192)
prediction
step: 73000
neg_log_likelihood_train:  4.507628
neg_log_likelihood_prediction:  4.941410498185591
RMSE_train:  0.3648703
RMSE_prediction:  0.24851203235712918
ND_train:  0.09140878
ND_pred:  0.08376856215975502
input_y_batch_pred.shape (64, 192)
miu_pred.shape (64, 192)
prediction
step: 73500
neg_log_likelihood_train:  5.0652704
neg_log_likelihood_prediction:  4.949688651344993
RMSE_train:  0.64121693
RMSE_prediction:  0.26756461371075024
ND_train:  0.091166355
ND_pred:  0.08950453116135164
input_y_batch_pred.shape (64, 192)
miu_pred.shape (64, 192)
prediction
step: 74000
neg_log_likelihood_train:  4.8132167
neg_log_likelihood_prediction:  4.923710476268422
RMSE_train:  0.29107872
RMSE_prediction:  0.253219183195721
ND_train:  0.08734529
ND_pred:  0.08613454753702338
input_y_batch_pred.shape (64, 192)
miu_pred.shape (64, 192)
Update 1.png
prediction
step: 74500
neg_log_likelihood_train:  5.6377845
neg_log_likelihood_prediction:  5.166235533627597
RMSE_train:  1.1828877
RMSE_prediction:  0.3914649351076646
ND_train:  0.13689582
ND_pred:  0.12041213092478839
input_y_batch_pred.shape (64, 192)
miu_pred.shape (64, 192)
prediction
step: 75000
neg_log_likelihood_train:  4.617231
neg_log_likelihood_prediction:  4.95410780473189
RMSE_train:  0.18360735
RMSE_prediction:  0.25364826077764685
ND_train:  0.07278579
ND_pred:  0.08727638626640494
input_y_batch_pred.shape (64, 192)
miu_pred.shape (64, 192)
prediction
step: 75500
neg_log_likelihood_train:  4.557612
neg_log_likelihood_prediction:  4.933286493474787
RMSE_train:  0.18433419
RMSE_prediction:  0.25090555440295825
ND_train:  0.07827518
ND_pred:  0.0841874514113773
input_y_batch_pred.shape (64, 192)
miu_pred.shape (64, 192)
###########  TIME  ##########
2018-09-01 20:41:14.973203
###########   8 Finish  #########
prediction
step: 76000
neg_log_likelihood_train:  4.9925747
neg_log_likelihood_prediction:  4.923876935785467
RMSE_train:  0.58256197
RMSE_prediction:  0.2505008185451681
ND_train:  0.08260067
ND_pred:  0.08360879732803865
input_y_batch_pred.shape (64, 192)
miu_pred.shape (64, 192)
Update 1.png
prediction
step: 76500
neg_log_likelihood_train:  4.328472
neg_log_likelihood_prediction:  4.927891471169212
RMSE_train:  0.29252592
RMSE_prediction:  0.2555472959171642
ND_train:  0.08264108
ND_pred:  0.08696357364004309
input_y_batch_pred.shape (64, 192)
miu_pred.shape (64, 192)
prediction
step: 77000
neg_log_likelihood_train:  4.494591
neg_log_likelihood_prediction:  4.947169043801048
RMSE_train:  0.4699332
RMSE_prediction:  0.2451777309179306
ND_train:  0.09037849
ND_pred:  0.083927182988687
input_y_batch_pred.shape (64, 192)
miu_pred.shape (64, 192)
prediction
step: 77500
neg_log_likelihood_train:  4.531814
neg_log_likelihood_prediction:  4.962884339419278
RMSE_train:  0.14766367
RMSE_prediction:  0.24323082241145047
ND_train:  0.068054214
ND_pred:  0.08551515503363176
input_y_batch_pred.shape (64, 192)
miu_pred.shape (64, 192)
prediction
step: 78000
neg_log_likelihood_train:  4.3074694
neg_log_likelihood_prediction:  4.943877436897972
RMSE_train:  0.1819671
RMSE_prediction:  0.24692766774784436
ND_train:  0.08409257
ND_pred:  0.08475892042571848
input_y_batch_pred.shape (64, 192)
miu_pred.shape (64, 192)
Update 1.png
prediction
step: 78500
neg_log_likelihood_train:  4.915568
neg_log_likelihood_prediction:  4.934156938032671
RMSE_train:  0.165964
RMSE_prediction:  0.24623861773447556
ND_train:  0.07383439
ND_pred:  0.08394628966396506
input_y_batch_pred.shape (64, 192)
miu_pred.shape (64, 192)
prediction
step: 79000
neg_log_likelihood_train:  4.7764916
neg_log_likelihood_prediction:  4.9072511846368965
RMSE_train:  0.21109113
RMSE_prediction:  0.2468886903741143
ND_train:  0.07379905
ND_pred:  0.08452225273305719
input_y_batch_pred.shape (64, 192)
miu_pred.shape (64, 192)
prediction
step: 79500
neg_log_likelihood_train:  4.6500688
neg_log_likelihood_prediction:  4.924793330105868
RMSE_train:  0.22822551
RMSE_prediction:  0.2590377059849826
ND_train:  0.058041286
ND_pred:  0.08872029320760207
input_y_batch_pred.shape (64, 192)
miu_pred.shape (64, 192)
prediction
step: 80000
neg_log_likelihood_train:  4.635275
neg_log_likelihood_prediction:  4.903989878567782
RMSE_train:  0.56017786
RMSE_prediction:  0.25558364391326904
ND_train:  0.093830764
ND_pred:  0.08451939712871205
input_y_batch_pred.shape (64, 192)
miu_pred.shape (64, 192)
Update 1.png
prediction
step: 80500
neg_log_likelihood_train:  4.567534
neg_log_likelihood_prediction:  4.901355309919878
RMSE_train:  0.272088
RMSE_prediction:  0.2495224421674555
ND_train:  0.0826388
ND_pred:  0.0832100815393708
input_y_batch_pred.shape (64, 192)
miu_pred.shape (64, 192)
prediction
step: 81000
neg_log_likelihood_train:  4.7809815
neg_log_likelihood_prediction:  4.912524873560125
RMSE_train:  0.3233889
RMSE_prediction:  0.24335062910210004
ND_train:  0.06712153
ND_pred:  0.08378075469623912
input_y_batch_pred.shape (64, 192)
miu_pred.shape (64, 192)
prediction
step: 81500
neg_log_likelihood_train:  4.5742636
neg_log_likelihood_prediction:  4.9884234775196425
RMSE_train:  0.25786158
RMSE_prediction:  0.2519003843719309
ND_train:  0.07417111
ND_pred:  0.0856304487044161
input_y_batch_pred.shape (64, 192)
miu_pred.shape (64, 192)
prediction
step: 82000
neg_log_likelihood_train:  4.875114
neg_log_likelihood_prediction:  4.960663838820024
RMSE_train:  0.32979628
RMSE_prediction:  0.2531515508890152
ND_train:  0.072056
ND_pred:  0.08450546251101927
input_y_batch_pred.shape (64, 192)
miu_pred.shape (64, 192)
Update 1.png
prediction
step: 82500
neg_log_likelihood_train:  4.2282786
neg_log_likelihood_prediction:  4.940032352100719
RMSE_train:  0.19464046
RMSE_prediction:  0.26194157519123773
ND_train:  0.07286787
ND_pred:  0.08837509968064049
input_y_batch_pred.shape (64, 192)
miu_pred.shape (64, 192)
prediction
step: 83000
neg_log_likelihood_train:  4.73473
neg_log_likelihood_prediction:  5.130057291551069
RMSE_train:  0.6317124
RMSE_prediction:  0.30810626122084533
ND_train:  0.08398339
ND_pred:  0.09668600356036966
input_y_batch_pred.shape (64, 192)
miu_pred.shape (64, 192)
prediction
step: 83500
neg_log_likelihood_train:  4.7591767
neg_log_likelihood_prediction:  5.003010706468062
RMSE_train:  0.58371824
RMSE_prediction:  0.2692932987754995
ND_train:  0.09362683
ND_pred:  0.08826225657354701
input_y_batch_pred.shape (64, 192)
miu_pred.shape (64, 192)
prediction
step: 84000
neg_log_likelihood_train:  4.8892274
neg_log_likelihood_prediction:  4.981040781194514
RMSE_train:  0.16795895
RMSE_prediction:  0.2517572207884355
ND_train:  0.074491926
ND_pred:  0.08659613742069765
input_y_batch_pred.shape (64, 192)
miu_pred.shape (64, 192)
Update 1.png
###########  TIME  ##########
2018-09-01 21:12:54.229717
###########   9 Finish  #########
prediction
step: 84500
neg_log_likelihood_train:  4.7174115
neg_log_likelihood_prediction:  4.984187256206166
RMSE_train:  0.20918776
RMSE_prediction:  0.25647272034124896
ND_train:  0.07415112
ND_pred:  0.08590807697989723
input_y_batch_pred.shape (64, 192)
miu_pred.shape (64, 192)
prediction
step: 85000
neg_log_likelihood_train:  4.985254
neg_log_likelihood_prediction:  4.974165873094038
RMSE_train:  0.35327628
RMSE_prediction:  0.25525313344868744
ND_train:  0.06801845
ND_pred:  0.08755165473981337
input_y_batch_pred.shape (64, 192)
miu_pred.shape (64, 192)
prediction
step: 85500
neg_log_likelihood_train:  4.4117227
neg_log_likelihood_prediction:  4.91548338803378
RMSE_train:  0.24340476
RMSE_prediction:  0.25081765245307575
ND_train:  0.0887062
ND_pred:  0.08456697382710197
input_y_batch_pred.shape (64, 192)
miu_pred.shape (64, 192)
prediction
step: 86000
neg_log_likelihood_train:  4.869182
neg_log_likelihood_prediction:  4.9473700523376465
RMSE_train:  1.1515099
RMSE_prediction:  0.25634209269827063
ND_train:  0.12078916
ND_pred:  0.08561525426127693
input_y_batch_pred.shape (64, 192)
miu_pred.shape (64, 192)
Update 1.png
prediction
step: 86500
neg_log_likelihood_train:  4.263141
neg_log_likelihood_prediction:  4.942972269925204
RMSE_train:  0.4970951
RMSE_prediction:  0.25464561717076734
ND_train:  0.069120675
ND_pred:  0.08765569261529228
input_y_batch_pred.shape (64, 192)
miu_pred.shape (64, 192)
prediction
step: 87000
neg_log_likelihood_train:  4.229943
neg_log_likelihood_prediction:  4.972866058349609
RMSE_train:  0.21707815
RMSE_prediction:  0.2574953220107339
ND_train:  0.07486215
ND_pred:  0.08555873957547275
input_y_batch_pred.shape (64, 192)
miu_pred.shape (64, 192)
prediction
step: 87500
neg_log_likelihood_train:  4.474466
neg_log_likelihood_prediction:  4.908191074024547
RMSE_train:  0.5580939
RMSE_prediction:  0.24505832926793533
ND_train:  0.10052059
ND_pred:  0.08302342823960564
input_y_batch_pred.shape (64, 192)
miu_pred.shape (64, 192)
prediction
step: 88000
neg_log_likelihood_train:  4.611713
neg_log_likelihood_prediction:  4.9088945388793945
RMSE_train:  1.052648
RMSE_prediction:  0.24025134877725082
ND_train:  0.1188379
ND_pred:  0.08139316602186723
input_y_batch_pred.shape (64, 192)
miu_pred.shape (64, 192)
Update 1.png
prediction
step: 88500
neg_log_likelihood_train:  4.9195976
neg_log_likelihood_prediction:  4.9030023054643115
RMSE_train:  0.4197225
RMSE_prediction:  0.2619029906663028
ND_train:  0.081719
ND_pred:  0.08395368470387025
input_y_batch_pred.shape (64, 192)
miu_pred.shape (64, 192)
prediction
step: 89000
neg_log_likelihood_train:  4.7365746
neg_log_likelihood_prediction:  4.933662804690274
RMSE_train:  0.54600483
RMSE_prediction:  0.2583951083096591
ND_train:  0.08687388
ND_pred:  0.08588518066839738
input_y_batch_pred.shape (64, 192)
miu_pred.shape (64, 192)
prediction
step: 89500
neg_log_likelihood_train:  4.325667
neg_log_likelihood_prediction:  4.923840652812611
RMSE_train:  0.1411813
RMSE_prediction:  0.2556409632617777
ND_train:  0.067255266
ND_pred:  0.08572425219145688
input_y_batch_pred.shape (64, 192)
miu_pred.shape (64, 192)
prediction
step: 90000
neg_log_likelihood_train:  4.6788516
neg_log_likelihood_prediction:  4.978489008816806
RMSE_train:  0.36279237
RMSE_prediction:  0.2560194500467994
ND_train:  0.07889523
ND_pred:  0.08565157651901245
input_y_batch_pred.shape (64, 192)
miu_pred.shape (64, 192)
Update 1.png
prediction
step: 90500
neg_log_likelihood_train:  5.3270016
neg_log_likelihood_prediction:  4.932176633314653
RMSE_train:  0.26799062
RMSE_prediction:  0.24465442381121896
ND_train:  0.06922656
ND_pred:  0.08509187264875932
input_y_batch_pred.shape (64, 192)
miu_pred.shape (64, 192)
prediction
step: 91000
neg_log_likelihood_train:  4.910155
neg_log_likelihood_prediction:  4.91007323698564
RMSE_train:  0.1554295
RMSE_prediction:  0.2397186593575911
ND_train:  0.062342037
ND_pred:  0.08251567591320384
input_y_batch_pred.shape (64, 192)
miu_pred.shape (64, 192)
prediction
step: 91500
neg_log_likelihood_train:  4.1531687
neg_log_likelihood_prediction:  4.916751298037442
RMSE_train:  0.48024842
RMSE_prediction:  0.24178909713571722
ND_train:  0.08010155
ND_pred:  0.08254130252382973
input_y_batch_pred.shape (64, 192)
miu_pred.shape (64, 192)
prediction
step: 92000
neg_log_likelihood_train:  4.7236495
neg_log_likelihood_prediction:  4.933315927332098
RMSE_train:  0.23103924
RMSE_prediction:  0.2399818951433355
ND_train:  0.082845844
ND_pred:  0.0823779973116788
input_y_batch_pred.shape (64, 192)
miu_pred.shape (64, 192)
Update 1.png
###########  TIME  ##########
2018-09-01 21:44:33.235008
###########   10 Finish  #########
prediction
step: 92500
neg_log_likelihood_train:  4.748301
neg_log_likelihood_prediction:  4.924795757640492
RMSE_train:  0.27658144
RMSE_prediction:  0.24185811389576306
ND_train:  0.060771115
ND_pred:  0.08371676030484113
input_y_batch_pred.shape (64, 192)
miu_pred.shape (64, 192)
prediction
step: 93000
neg_log_likelihood_train:  5.074905
neg_log_likelihood_prediction:  4.963136586275968
RMSE_train:  0.2526043
RMSE_prediction:  0.26672929389910266
ND_train:  0.07497405
ND_pred:  0.08676747232675552
input_y_batch_pred.shape (64, 192)
miu_pred.shape (64, 192)
prediction
step: 93500
neg_log_likelihood_train:  4.4201283
neg_log_likelihood_prediction:  4.933206644925204
RMSE_train:  0.195867
RMSE_prediction:  0.26388012685559015
ND_train:  0.07160293
ND_pred:  0.08652060207995502
input_y_batch_pred.shape (64, 192)
miu_pred.shape (64, 192)
prediction
step: 94000
neg_log_likelihood_train:  4.768907
neg_log_likelihood_prediction:  4.942541989413175
RMSE_train:  0.6251405
RMSE_prediction:  0.2529215148904107
ND_train:  0.09043439
ND_pred:  0.08459352498704736
input_y_batch_pred.shape (64, 192)
miu_pred.shape (64, 192)
Update 1.png
prediction
step: 94500
neg_log_likelihood_train:  4.702066
neg_log_likelihood_prediction:  4.9354939027266065
RMSE_train:  0.21028802
RMSE_prediction:  0.24461087719960647
ND_train:  0.07660807
ND_pred:  0.08242975107648155
input_y_batch_pred.shape (64, 192)
miu_pred.shape (64, 192)
prediction
step: 95000
neg_log_likelihood_train:  5.042506
neg_log_likelihood_prediction:  4.915057572451505
RMSE_train:  0.26193216
RMSE_prediction:  0.24616624279455704
ND_train:  0.06804837
ND_pred:  0.08469853888858449
input_y_batch_pred.shape (64, 192)
miu_pred.shape (64, 192)
prediction
step: 95500
neg_log_likelihood_train:  4.4230347
neg_log_likelihood_prediction:  4.944065614180132
RMSE_train:  0.34126025
RMSE_prediction:  0.2500938678329641
ND_train:  0.08998045
ND_pred:  0.08672928268259222
input_y_batch_pred.shape (64, 192)
miu_pred.shape (64, 192)
prediction
step: 96000
neg_log_likelihood_train:  5.2611146
neg_log_likelihood_prediction:  4.922672315077349
RMSE_train:  0.3510878
RMSE_prediction:  0.24388401481238278
ND_train:  0.0935438
ND_pred:  0.08157650245861574
input_y_batch_pred.shape (64, 192)
miu_pred.shape (64, 192)
Update 1.png
prediction
step: 96500
neg_log_likelihood_train:  5.376058
neg_log_likelihood_prediction:  5.005231900648638
RMSE_train:  0.3153065
RMSE_prediction:  0.252703842791644
ND_train:  0.092472285
ND_pred:  0.08451994068243286
input_y_batch_pred.shape (64, 192)
miu_pred.shape (64, 192)
prediction
step: 97000
neg_log_likelihood_train:  4.351209
neg_log_likelihood_prediction:  4.9568212682550605
RMSE_train:  0.22379637
RMSE_prediction:  0.2320563481612639
ND_train:  0.08347231
ND_pred:  0.08126118575984781
input_y_batch_pred.shape (64, 192)
miu_pred.shape (64, 192)
prediction
step: 97500
neg_log_likelihood_train:  4.7178016
neg_log_likelihood_prediction:  4.959402691234242
RMSE_train:  0.20983325
RMSE_prediction:  0.24076673523946243
ND_train:  0.07735031
ND_pred:  0.08398462493311275
input_y_batch_pred.shape (64, 192)
miu_pred.shape (64, 192)
prediction
step: 98000
neg_log_likelihood_train:  4.8285365
neg_log_likelihood_prediction:  4.932343136180531
RMSE_train:  0.14866966
RMSE_prediction:  0.23011573336341165
ND_train:  0.067755885
ND_pred:  0.08142508295449344
input_y_batch_pred.shape (64, 192)
miu_pred.shape (64, 192)
Update 1.png
prediction
step: 98500
neg_log_likelihood_train:  4.8230724
neg_log_likelihood_prediction:  4.971854253248735
RMSE_train:  0.19130015
RMSE_prediction:  0.24462610212239352
ND_train:  0.07926109
ND_pred:  0.08333140340718356
input_y_batch_pred.shape (64, 192)
miu_pred.shape (64, 192)
prediction
step: 99000
neg_log_likelihood_train:  4.7538586
neg_log_likelihood_prediction:  4.949321400035512
RMSE_train:  0.82840854
RMSE_prediction:  0.251592138951475
ND_train:  0.09570519
ND_pred:  0.08569337495348671
input_y_batch_pred.shape (64, 192)
miu_pred.shape (64, 192)
prediction
step: 99500
neg_log_likelihood_train:  5.140469
neg_log_likelihood_prediction:  4.92008790102872
RMSE_train:  0.21360947
RMSE_prediction:  0.25271652909842407
ND_train:  0.06647778
ND_pred:  0.08412086963653564
input_y_batch_pred.shape (64, 192)
miu_pred.shape (64, 192)
prediction
step: 100000
neg_log_likelihood_train:  6.9005795
neg_log_likelihood_prediction:  5.242185852744362
RMSE_train:  0.267372
RMSE_prediction:  0.3156736317006024
ND_train:  0.10883259
ND_pred:  0.10642938586798581
input_y_batch_pred.shape (64, 192)
miu_pred.shape (64, 192)
Update 1.png
prediction
step: 100500
neg_log_likelihood_train:  4.7317624
neg_log_likelihood_prediction:  5.143284537575462
RMSE_train:  0.3622507
RMSE_prediction:  0.2854624390602112
ND_train:  0.10220131
ND_pred:  0.09421751309524883
input_y_batch_pred.shape (64, 192)
miu_pred.shape (64, 192)
###########  TIME  ##########
2018-09-01 22:16:11.834991
###########   11 Finish  #########
prediction
step: 101000
neg_log_likelihood_train:  5.279779
neg_log_likelihood_prediction:  5.058521920984441
RMSE_train:  0.29670605
RMSE_prediction:  0.27078265899961645
ND_train:  0.073607564
ND_pred:  0.09087334437803789
input_y_batch_pred.shape (64, 192)
miu_pred.shape (64, 192)
prediction
step: 101500
neg_log_likelihood_train:  5.039335
neg_log_likelihood_prediction:  5.044895952398127
RMSE_train:  0.74490047
RMSE_prediction:  0.2746135782111775
ND_train:  0.123528734
ND_pred:  0.09192436933517456
input_y_batch_pred.shape (64, 192)
miu_pred.shape (64, 192)
prediction
step: 102000
neg_log_likelihood_train:  4.8214917
neg_log_likelihood_prediction:  4.999282013286244
RMSE_train:  0.37936163
RMSE_prediction:  0.25878801941871643
ND_train:  0.08011549
ND_pred:  0.08844152634794061
input_y_batch_pred.shape (64, 192)
miu_pred.shape (64, 192)
Update 1.png
prediction
step: 102500
neg_log_likelihood_train:  5.280916
neg_log_likelihood_prediction:  4.98834787715565
RMSE_train:  0.3555458
RMSE_prediction:  0.2606731043620543
ND_train:  0.10565378
ND_pred:  0.08813456920060245
input_y_batch_pred.shape (64, 192)
miu_pred.shape (64, 192)
prediction
step: 103000
neg_log_likelihood_train:  4.5150948
neg_log_likelihood_prediction:  4.976759780536998
RMSE_train:  0.25233573
RMSE_prediction:  0.2558728903532028
ND_train:  0.087635875
ND_pred:  0.08710958199067549
input_y_batch_pred.shape (64, 192)
miu_pred.shape (64, 192)
prediction
step: 103500
neg_log_likelihood_train:  4.820406
neg_log_likelihood_prediction:  4.959008737043901
RMSE_train:  0.21250403
RMSE_prediction:  0.2593157237226313
ND_train:  0.08220787
ND_pred:  0.08610540357503024
input_y_batch_pred.shape (64, 192)
miu_pred.shape (64, 192)
prediction
step: 104000
neg_log_likelihood_train:  5.0690804
neg_log_likelihood_prediction:  4.958125981417569
RMSE_train:  0.82977945
RMSE_prediction:  0.2542686137286099
ND_train:  0.11879345
ND_pred:  0.08598053658550436
input_y_batch_pred.shape (64, 192)
miu_pred.shape (64, 192)
Update 1.png
prediction
step: 104500
neg_log_likelihood_train:  5.028393
neg_log_likelihood_prediction:  4.956095955588601
RMSE_train:  0.7699903
RMSE_prediction:  0.2601945833726363
ND_train:  0.10545744
ND_pred:  0.0859967747872526
input_y_batch_pred.shape (64, 192)
miu_pred.shape (64, 192)
prediction
step: 105000
neg_log_likelihood_train:  4.4514523
neg_log_likelihood_prediction:  4.9589854153719815
RMSE_train:  0.38242406
RMSE_prediction:  0.2541752742095427
ND_train:  0.08057739
ND_pred:  0.08469244363633069
input_y_batch_pred.shape (64, 192)
miu_pred.shape (64, 192)
prediction
step: 105500
neg_log_likelihood_train:  5.3038464
neg_log_likelihood_prediction:  4.986346331509677
RMSE_train:  0.28505412
RMSE_prediction:  0.2533786351030523
ND_train:  0.08873677
ND_pred:  0.08397415686737407
input_y_batch_pred.shape (64, 192)
miu_pred.shape (64, 192)
prediction
step: 106000
neg_log_likelihood_train:  4.7550645
neg_log_likelihood_prediction:  4.934523018923673
RMSE_train:  0.2503092
RMSE_prediction:  0.25799676098606805
ND_train:  0.08883383
ND_pred:  0.08425859768282283
input_y_batch_pred.shape (64, 192)
miu_pred.shape (64, 192)
Update 1.png
prediction
step: 106500
neg_log_likelihood_train:  5.0605664
neg_log_likelihood_prediction:  4.960622570731423
RMSE_train:  0.7095801
RMSE_prediction:  0.25619870695200836
ND_train:  0.08699429
ND_pred:  0.08407635377212004
input_y_batch_pred.shape (64, 192)
miu_pred.shape (64, 192)
prediction
step: 107000
neg_log_likelihood_train:  4.220694
neg_log_likelihood_prediction:  4.984008572318337
RMSE_train:  0.24743994
RMSE_prediction:  0.25080295584418555
ND_train:  0.08298035
ND_pred:  0.08321309360590848
input_y_batch_pred.shape (64, 192)
miu_pred.shape (64, 192)
prediction
step: 107500
neg_log_likelihood_train:  5.217489
neg_log_likelihood_prediction:  4.94582427631725
RMSE_train:  0.20219782
RMSE_prediction:  0.25618360936641693
ND_train:  0.05958743
ND_pred:  0.08388319747014479
input_y_batch_pred.shape (64, 192)
miu_pred.shape (64, 192)
prediction
step: 108000
neg_log_likelihood_train:  4.5351605
neg_log_likelihood_prediction:  4.967983332547274
RMSE_train:  0.75155735
RMSE_prediction:  0.24549719826741653
ND_train:  0.10097021
ND_pred:  0.08219484781677072
input_y_batch_pred.shape (64, 192)
miu_pred.shape (64, 192)
Update 1.png
prediction
step: 108500
neg_log_likelihood_train:  3.9716127
neg_log_likelihood_prediction:  4.994869362224232
RMSE_train:  0.5112192
RMSE_prediction:  0.2541331242431294
ND_train:  0.08336355
ND_pred:  0.08440408178351143
input_y_batch_pred.shape (64, 192)
miu_pred.shape (64, 192)
prediction
step: 109000
neg_log_likelihood_train:  4.4309998
neg_log_likelihood_prediction:  4.928042368455366
RMSE_train:  0.43326288
RMSE_prediction:  0.24950449981472708
ND_train:  0.07440032
ND_pred:  0.0831216119907119
input_y_batch_pred.shape (64, 192)
miu_pred.shape (64, 192)
###########  TIME  ##########
2018-09-01 22:47:55.380965
###########   12 Finish  #########
prediction
step: 109500
neg_log_likelihood_train:  5.028769
neg_log_likelihood_prediction:  5.071379314769398
RMSE_train:  0.29409802
RMSE_prediction:  0.2820140001448718
ND_train:  0.06536456
ND_pred:  0.09556003118103201
input_y_batch_pred.shape (64, 192)
miu_pred.shape (64, 192)
prediction
step: 110000
neg_log_likelihood_train:  5.092228
neg_log_likelihood_prediction:  4.987245299599388
RMSE_train:  0.55518055
RMSE_prediction:  0.2527377578345212
ND_train:  0.08814197
ND_pred:  0.082767592235045
input_y_batch_pred.shape (64, 192)
miu_pred.shape (64, 192)
Update 1.png
prediction
step: 110500
neg_log_likelihood_train:  4.7871833
neg_log_likelihood_prediction:  4.919765689156272
RMSE_train:  0.35439524
RMSE_prediction:  0.24247173016721552
ND_train:  0.078684844
ND_pred:  0.08087747137654912
input_y_batch_pred.shape (64, 192)
miu_pred.shape (64, 192)
prediction
step: 111000
neg_log_likelihood_train:  4.5877204
neg_log_likelihood_prediction:  4.9181740934198555
RMSE_train:  0.21416304
RMSE_prediction:  0.24630309641361237
ND_train:  0.08219468
ND_pred:  0.08342055705460635
input_y_batch_pred.shape (64, 192)
miu_pred.shape (64, 192)
prediction
step: 111500
neg_log_likelihood_train:  4.0313077
neg_log_likelihood_prediction:  4.975835410031405
RMSE_train:  0.25319654
RMSE_prediction:  0.25026082044298
ND_train:  0.074133195
ND_pred:  0.08292399414561012
input_y_batch_pred.shape (64, 192)
miu_pred.shape (64, 192)
prediction
step: 112000
neg_log_likelihood_train:  5.0299478
neg_log_likelihood_prediction:  4.90267766605724
RMSE_train:  0.19001438
RMSE_prediction:  0.24840763346715408
ND_train:  0.07985741
ND_pred:  0.08133014968850395
input_y_batch_pred.shape (64, 192)
miu_pred.shape (64, 192)
Update 1.png
prediction
step: 112500
neg_log_likelihood_train:  4.44312
neg_log_likelihood_prediction:  4.920504873449152
RMSE_train:  0.2342288
RMSE_prediction:  0.24273081936619498
ND_train:  0.06267583
ND_pred:  0.08031422373923389
input_y_batch_pred.shape (64, 192)
miu_pred.shape (64, 192)
prediction
step: 113000
neg_log_likelihood_train:  4.140776
neg_log_likelihood_prediction:  4.923943302848122
RMSE_train:  0.24920891
RMSE_prediction:  0.2575534257021817
ND_train:  0.08414972
ND_pred:  0.0839952677488327
input_y_batch_pred.shape (64, 192)
miu_pred.shape (64, 192)
prediction
step: 113500
neg_log_likelihood_train:  4.513168
neg_log_likelihood_prediction:  4.924097061157227
RMSE_train:  0.32829615
RMSE_prediction:  0.2532347345894033
ND_train:  0.09810918
ND_pred:  0.08295353502035141
input_y_batch_pred.shape (64, 192)
miu_pred.shape (64, 192)
prediction
step: 114000
neg_log_likelihood_train:  4.547258
neg_log_likelihood_prediction:  4.923201517625288
RMSE_train:  0.26907426
RMSE_prediction:  0.25619949942285364
ND_train:  0.061778795
ND_pred:  0.08439599654891274
input_y_batch_pred.shape (64, 192)
miu_pred.shape (64, 192)
Update 1.png
prediction
step: 114500
neg_log_likelihood_train:  5.262976
neg_log_likelihood_prediction:  4.902571418068626
RMSE_train:  0.18421656
RMSE_prediction:  0.24233857474543832
ND_train:  0.07149764
ND_pred:  0.08235836435448039
input_y_batch_pred.shape (64, 192)
miu_pred.shape (64, 192)
prediction
step: 115000
neg_log_likelihood_train:  4.4776998
neg_log_likelihood_prediction:  4.901926257393577
RMSE_train:  0.33903843
RMSE_prediction:  0.24523463303392584
ND_train:  0.08864987
ND_pred:  0.08145068518140099
input_y_batch_pred.shape (64, 192)
miu_pred.shape (64, 192)
prediction
step: 115500
neg_log_likelihood_train:  5.0449467
neg_log_likelihood_prediction:  4.935623342340643
RMSE_train:  0.5507665
RMSE_prediction:  0.2573749829422344
ND_train:  0.084544286
ND_pred:  0.08636092259125276
input_y_batch_pred.shape (64, 192)
miu_pred.shape (64, 192)
prediction
step: 116000
neg_log_likelihood_train:  4.795568
neg_log_likelihood_prediction:  4.9128382422707295
RMSE_train:  0.25396073
RMSE_prediction:  0.2500588189471852
ND_train:  0.08092776
ND_pred:  0.08544543250040575
input_y_batch_pred.shape (64, 192)
miu_pred.shape (64, 192)
Update 1.png
prediction
step: 116500
neg_log_likelihood_train:  5.370113
neg_log_likelihood_prediction:  4.904433207078413
RMSE_train:  0.5221618
RMSE_prediction:  0.26695178720084106
ND_train:  0.06537782
ND_pred:  0.08700970695777373
input_y_batch_pred.shape (64, 192)
miu_pred.shape (64, 192)
prediction
step: 117000
neg_log_likelihood_train:  4.516611
neg_log_likelihood_prediction:  4.900167942047119
RMSE_train:  0.18079613
RMSE_prediction:  0.26885601065375586
ND_train:  0.07456613
ND_pred:  0.08550240370360288
input_y_batch_pred.shape (64, 192)
miu_pred.shape (64, 192)
prediction
step: 117500
neg_log_likelihood_train:  4.5118403
neg_log_likelihood_prediction:  4.948195847597989
RMSE_train:  0.16519992
RMSE_prediction:  0.2629187987609343
ND_train:  0.0740597
ND_pred:  0.08638058602809906
input_y_batch_pred.shape (64, 192)
miu_pred.shape (64, 192)
###########  TIME  ##########
2018-09-01 23:19:39.161600
###########   13 Finish  #########
prediction
step: 118000
neg_log_likelihood_train:  4.941277
neg_log_likelihood_prediction:  4.922278490933505
RMSE_train:  0.49420953
RMSE_prediction:  0.25609794530001556
ND_train:  0.075116545
ND_pred:  0.08470151437954469
input_y_batch_pred.shape (64, 192)
miu_pred.shape (64, 192)
Update 1.png
prediction
step: 118500
neg_log_likelihood_train:  4.304507
neg_log_likelihood_prediction:  4.972597208890048
RMSE_train:  0.29313505
RMSE_prediction:  0.24747913940386337
ND_train:  0.079722956
ND_pred:  0.08180246840823781
input_y_batch_pred.shape (64, 192)
miu_pred.shape (64, 192)
prediction
step: 119000
neg_log_likelihood_train:  4.4537272
neg_log_likelihood_prediction:  4.930394779552113
RMSE_train:  0.4283659
RMSE_prediction:  0.2523270384831862
ND_train:  0.08741103
ND_pred:  0.08397322486747395
input_y_batch_pred.shape (64, 192)
miu_pred.shape (64, 192)
prediction
step: 119500
neg_log_likelihood_train:  4.5083747
neg_log_likelihood_prediction:  4.9783100648359815
RMSE_train:  0.15160629
RMSE_prediction:  0.24472961913455615
ND_train:  0.0667566
ND_pred:  0.08421323854814876
input_y_batch_pred.shape (64, 192)
miu_pred.shape (64, 192)
prediction
step: 120000
neg_log_likelihood_train:  4.2900014
neg_log_likelihood_prediction:  4.974249276247892
RMSE_train:  0.17168818
RMSE_prediction:  0.2543366253376007
ND_train:  0.08257885
ND_pred:  0.08398009701208635
input_y_batch_pred.shape (64, 192)
miu_pred.shape (64, 192)
Update 1.png
prediction
step: 120500
neg_log_likelihood_train:  5.1376824
neg_log_likelihood_prediction:  5.021432443098589
RMSE_train:  0.16612156
RMSE_prediction:  0.2801375700668855
ND_train:  0.07505472
ND_pred:  0.0875084325671196
input_y_batch_pred.shape (64, 192)
miu_pred.shape (64, 192)
prediction
step: 121000
neg_log_likelihood_train:  4.812377
neg_log_likelihood_prediction:  4.989377108487216
RMSE_train:  0.21549176
RMSE_prediction:  0.25629824941808527
ND_train:  0.076745115
ND_pred:  0.0831876817074689
input_y_batch_pred.shape (64, 192)
miu_pred.shape (64, 192)
prediction
step: 121500
neg_log_likelihood_train:  4.6870766
neg_log_likelihood_prediction:  4.966270533475009
RMSE_train:  0.31924877
RMSE_prediction:  0.24048926342617383
ND_train:  0.07214124
ND_pred:  0.07982297783548181
input_y_batch_pred.shape (64, 192)
miu_pred.shape (64, 192)
prediction
step: 122000
neg_log_likelihood_train:  4.634585
neg_log_likelihood_prediction:  4.942472457885742
RMSE_train:  0.50285727
RMSE_prediction:  0.24027818170460788
ND_train:  0.0837978
ND_pred:  0.08080397072163495
input_y_batch_pred.shape (64, 192)
miu_pred.shape (64, 192)
Update 1.png
prediction
step: 122500
neg_log_likelihood_train:  4.551148
neg_log_likelihood_prediction:  4.9423183527859775
RMSE_train:  0.25366688
RMSE_prediction:  0.2384052642367103
ND_train:  0.079805575
ND_pred:  0.08253837105902759
input_y_batch_pred.shape (64, 192)
miu_pred.shape (64, 192)
prediction
step: 123000
neg_log_likelihood_train:  4.7718687
neg_log_likelihood_prediction:  4.92974363673817
RMSE_train:  0.3632503
RMSE_prediction:  0.2379018799825148
ND_train:  0.07161796
ND_pred:  0.0818504813042554
input_y_batch_pred.shape (64, 192)
miu_pred.shape (64, 192)
prediction
step: 123500
neg_log_likelihood_train:  4.4360003
neg_log_likelihood_prediction:  4.927460280331698
RMSE_train:  0.18072012
RMSE_prediction:  0.23920505290681665
ND_train:  0.060546998
ND_pred:  0.08210469917817549
input_y_batch_pred.shape (64, 192)
miu_pred.shape (64, 192)
prediction
step: 124000
neg_log_likelihood_train:  4.7870665
neg_log_likelihood_prediction:  4.935613458806818
RMSE_train:  0.31581008
RMSE_prediction:  0.23917750336907126
ND_train:  0.0689231
ND_pred:  0.08170893923802809
input_y_batch_pred.shape (64, 192)
miu_pred.shape (64, 192)
Update 1.png
prediction
step: 124500
neg_log_likelihood_train:  4.1514897
neg_log_likelihood_prediction:  4.925484787334096
RMSE_train:  0.19721043
RMSE_prediction:  0.24537591500715775
ND_train:  0.072795205
ND_pred:  0.08274365758354013
input_y_batch_pred.shape (64, 192)
miu_pred.shape (64, 192)
prediction
step: 125000
neg_log_likelihood_train:  4.4808087
neg_log_likelihood_prediction:  4.970926891673695
RMSE_train:  0.67390084
RMSE_prediction:  0.24576934765685687
ND_train:  0.08607063
ND_pred:  0.08181581781669096
input_y_batch_pred.shape (64, 192)
miu_pred.shape (64, 192)
prediction
step: 125500
neg_log_likelihood_train:  4.6915765
neg_log_likelihood_prediction:  4.904659834775058
RMSE_train:  0.7650256
RMSE_prediction:  0.2745284411040219
ND_train:  0.1000712
ND_pred:  0.08632458610968156
input_y_batch_pred.shape (64, 192)
miu_pred.shape (64, 192)
prediction
step: 126000
neg_log_likelihood_train:  4.621908
neg_log_likelihood_prediction:  4.894932270050049
RMSE_train:  0.16980407
RMSE_prediction:  0.24576373940164392
ND_train:  0.07534518
ND_pred:  0.08152020248499783
input_y_batch_pred.shape (64, 192)
miu_pred.shape (64, 192)
Update 1.png
###########  TIME  ##########
2018-09-01 23:51:21.996944
###########   14 Finish  #########
