2018-09-07 20:37:59.179661: I tensorflow/core/platform/cpu_feature_guard.cc:141] Your CPU supports instructions that this TensorFlow binary was not compiled to use: AVX2 FMA
2018-09-07 20:37:59.377796: I tensorflow/core/common_runtime/gpu/gpu_device.cc:1405] Found device 0 with properties: 
name: TITAN X (Pascal) major: 6 minor: 1 memoryClockRate(GHz): 1.531
pciBusID: 0000:09:00.0
totalMemory: 11.90GiB freeMemory: 11.75GiB
2018-09-07 20:37:59.377839: I tensorflow/core/common_runtime/gpu/gpu_device.cc:1484] Adding visible gpu devices: 0
2018-09-07 20:37:59.623275: I tensorflow/core/common_runtime/gpu/gpu_device.cc:965] Device interconnect StreamExecutor with strength 1 edge matrix:
2018-09-07 20:37:59.623318: I tensorflow/core/common_runtime/gpu/gpu_device.cc:971]      0 
2018-09-07 20:37:59.623325: I tensorflow/core/common_runtime/gpu/gpu_device.cc:984] 0:   N 
2018-09-07 20:37:59.623621: I tensorflow/core/common_runtime/gpu/gpu_device.cc:1097] Created TensorFlow device (/job:localhost/replica:0/task:0/device:GPU:0 with 4059 MB memory) -> physical GPU (device: 0, name: TITAN X (Pascal), pci bus id: 0000:09:00.0, compute capability: 6.1)
shift_train_data.shape:  (603331, 192, 3)
shift_train_onehot.shape:  (603331, 10)
v_all.shape:  (603331, 1)
shift_train_label.shape:  (603331, 192)
param.shape:  (8,)
index_list.shape:  (9427, 64)
indexs_pred_list.shape:  (942, 64)
mean_all.shape:  (603331, 1)
inputs_shape[1].value:  18
inputs_shape[1].value:  10
inputs_shape[1].value:  10
hidden_states_all.shape:  (3, 2, ?, 192, 10)
###########     TIME     ##########
2018-09-07 20:38:02.235341
###########  TRAIN START ############
prediction
step: 2000
neg_log_likelihood_train:  45.26958
neg_log_likelihood_prediction:  21.00124162068539
RMSE_train:  3.421823
RMSE_prediction:  1.8304180513331845
ND_train:  0.5874829
ND_pred:  0.43754157521653203
input_y_batch_pred.shape (64, 192)
miu_pred.shape (64, 192)
Update 1.png
prediction
step: 4000
neg_log_likelihood_train:  19.156729
neg_log_likelihood_prediction:  12.314359439153327
RMSE_train:  0.5648663
RMSE_prediction:  1.830716805773809
ND_train:  0.0842197
ND_pred:  0.4381060996340022
input_y_batch_pred.shape (64, 192)
miu_pred.shape (64, 192)
Update 1.png
prediction
step: 6000
neg_log_likelihood_train:  10.853515
neg_log_likelihood_prediction:  9.278051641083573
RMSE_train:  2.127316
RMSE_prediction:  1.8302370118740512
ND_train:  0.48351544
ND_pred:  0.43717945104903855
input_y_batch_pred.shape (64, 192)
miu_pred.shape (64, 192)
Update 1.png
prediction
step: 8000
neg_log_likelihood_train:  7.2161775
neg_log_likelihood_prediction:  7.809066958741271
RMSE_train:  1.113944
RMSE_prediction:  1.8309218904711386
ND_train:  0.3991037
ND_pred:  0.43847324552445527
input_y_batch_pred.shape (64, 192)
miu_pred.shape (64, 192)
Update 1.png
###########  TIME  ##########
2018-09-07 21:46:44.137171
###########   0 Finish  #########
prediction
step: 10000
neg_log_likelihood_train:  10.097734
neg_log_likelihood_prediction:  7.059119047379545
RMSE_train:  1.2164043
RMSE_prediction:  1.8296821416531652
ND_train:  0.32152507
ND_pred:  0.4359414515237773
input_y_batch_pred.shape (64, 192)
miu_pred.shape (64, 192)
Update 1.png
prediction
step: 12000
neg_log_likelihood_train:  8.238515
neg_log_likelihood_prediction:  6.691869522609022
RMSE_train:  0.99789155
RMSE_prediction:  1.8305152031867873
ND_train:  0.15378593
ND_pred:  0.4377294310038383
input_y_batch_pred.shape (64, 192)
miu_pred.shape (64, 192)
Update 1.png
prediction
step: 14000
neg_log_likelihood_train:  5.557986
neg_log_likelihood_prediction:  5.717708443380465
RMSE_train:  0.7810674
RMSE_prediction:  1.7175438112703858
ND_train:  0.22774714
ND_pred:  0.41986420860557544
input_y_batch_pred.shape (64, 192)
miu_pred.shape (64, 192)
Update 1.png
prediction
step: 16000
neg_log_likelihood_train:  5.3777194
neg_log_likelihood_prediction:  5.673064481427462
RMSE_train:  1.8449932
RMSE_prediction:  1.817280749733028
ND_train:  0.42338386
ND_pred:  0.44074269369118024
input_y_batch_pred.shape (64, 192)
miu_pred.shape (64, 192)
Update 1.png
prediction
step: 18000
neg_log_likelihood_train:  5.676192
neg_log_likelihood_prediction:  5.603989658335465
RMSE_train:  0.88724494
RMSE_prediction:  1.614534361980017
ND_train:  0.2174646
ND_pred:  0.3959524559406781
input_y_batch_pred.shape (64, 192)
miu_pred.shape (64, 192)
Update 1.png
###########  TIME  ##########
2018-09-07 22:56:08.912950
###########   1 Finish  #########
prediction
step: 20000
neg_log_likelihood_train:  5.626236
neg_log_likelihood_prediction:  5.45823685429405
RMSE_train:  1.8181068
RMSE_prediction:  1.6063243663709634
ND_train:  0.39126673
ND_pred:  0.397431133188418
input_y_batch_pred.shape (64, 192)
miu_pred.shape (64, 192)
Update 1.png
prediction
step: 22000
neg_log_likelihood_train:  5.660576
neg_log_likelihood_prediction:  5.435202626412588
RMSE_train:  1.1164598
RMSE_prediction:  1.615350632499231
ND_train:  0.26074287
ND_pred:  0.3960139455348886
input_y_batch_pred.shape (64, 192)
miu_pred.shape (64, 192)
Update 1.png
prediction
step: 24000
neg_log_likelihood_train:  5.1309586
neg_log_likelihood_prediction:  5.440836277230783
RMSE_train:  0.8579743
RMSE_prediction:  1.6030807880301132
ND_train:  0.24442187
ND_pred:  0.39017353232578234
input_y_batch_pred.shape (64, 192)
miu_pred.shape (64, 192)
Update 1.png
prediction
step: 26000
neg_log_likelihood_train:  5.390016
neg_log_likelihood_prediction:  5.443404071143731
RMSE_train:  1.9589115
RMSE_prediction:  1.8045460396068618
ND_train:  0.3812883
ND_pred:  0.4317882645226651
input_y_batch_pred.shape (64, 192)
miu_pred.shape (64, 192)
Update 1.png
prediction
step: 28000
neg_log_likelihood_train:  5.589888
neg_log_likelihood_prediction:  5.404075036382979
RMSE_train:  0.64545935
RMSE_prediction:  1.673659072734115
ND_train:  0.22387761
ND_pred:  0.3915840218084886
input_y_batch_pred.shape (64, 192)
miu_pred.shape (64, 192)
Update 1.png
###########  TIME  ##########
2018-09-08 00:05:41.359409
###########   2 Finish  #########
prediction
step: 30000
neg_log_likelihood_train:  5.5612106
neg_log_likelihood_prediction:  5.391587162220301
RMSE_train:  3.6793656
RMSE_prediction:  1.5759624724143884
ND_train:  0.49617174
ND_pred:  0.38150806716324925
input_y_batch_pred.shape (64, 192)
miu_pred.shape (64, 192)
Update 1.png
prediction
step: 32000
neg_log_likelihood_train:  5.245684
neg_log_likelihood_prediction:  5.386786509471334
RMSE_train:  1.084301
RMSE_prediction:  1.5925409427019441
ND_train:  0.29042226
ND_pred:  0.3869181646038076
input_y_batch_pred.shape (64, 192)
miu_pred.shape (64, 192)
Update 1.png
prediction
step: 34000
neg_log_likelihood_train:  4.782548
neg_log_likelihood_prediction:  5.412999338911344
RMSE_train:  1.8354331
RMSE_prediction:  1.6192159218962785
ND_train:  0.31028286
ND_pred:  0.39322208063459446
input_y_batch_pred.shape (64, 192)
miu_pred.shape (64, 192)
Update 1.png
prediction
step: 36000
neg_log_likelihood_train:  5.3658586
neg_log_likelihood_prediction:  5.356080139771642
RMSE_train:  1.8019725
RMSE_prediction:  1.644896923435848
ND_train:  0.36744878
ND_pred:  0.4019062720009792
input_y_batch_pred.shape (64, 192)
miu_pred.shape (64, 192)
Update 1.png
###########  TIME  ##########
2018-09-08 01:12:49.434641
###########   3 Finish  #########
prediction
step: 38000
neg_log_likelihood_train:  5.356546
neg_log_likelihood_prediction:  5.343600909421398
RMSE_train:  1.8149072
RMSE_prediction:  1.5441683532389359
ND_train:  0.3729048
ND_pred:  0.38419300933109474
input_y_batch_pred.shape (64, 192)
miu_pred.shape (64, 192)
Update 1.png
prediction
step: 40000
neg_log_likelihood_train:  5.628542
neg_log_likelihood_prediction:  5.330169246454907
RMSE_train:  4.144675
RMSE_prediction:  1.5390575091233931
ND_train:  0.53311837
ND_pred:  0.3781845609038562
input_y_batch_pred.shape (64, 192)
miu_pred.shape (64, 192)
Update 1.png
prediction
step: 42000
neg_log_likelihood_train:  5.2474303
neg_log_likelihood_prediction:  5.3911412744258875
RMSE_train:  3.235812
RMSE_prediction:  1.5238069771707943
ND_train:  0.42650917
ND_pred:  0.3619458623341188
input_y_batch_pred.shape (64, 192)
miu_pred.shape (64, 192)
Update 1.png
prediction
step: 44000
neg_log_likelihood_train:  4.622267
neg_log_likelihood_prediction:  5.345181541584606
RMSE_train:  4.437591
RMSE_prediction:  1.5771955103473045
ND_train:  0.50100857
ND_pred:  0.38482474818066426
input_y_batch_pred.shape (64, 192)
miu_pred.shape (64, 192)
Update 1.png
prediction
step: 46000
neg_log_likelihood_train:  5.5356812
neg_log_likelihood_prediction:  5.3166391069975125
RMSE_train:  1.0752397
RMSE_prediction:  1.5919521273353043
ND_train:  0.28238538
ND_pred:  0.3943682468106729
input_y_batch_pred.shape (64, 192)
miu_pred.shape (64, 192)
Update 1.png
###########  TIME  ##########
2018-09-08 02:20:49.526356
###########   4 Finish  #########
prediction
step: 48000
neg_log_likelihood_train:  5.300799
neg_log_likelihood_prediction:  5.315673892918159
RMSE_train:  0.7537565
RMSE_prediction:  1.6178636864112441
ND_train:  0.24002497
ND_pred:  0.39461422377441974
input_y_batch_pred.shape (64, 192)
miu_pred.shape (64, 192)
Update 1.png
prediction
step: 50000
neg_log_likelihood_train:  5.428253
neg_log_likelihood_prediction:  5.362870738764477
RMSE_train:  2.2327826
RMSE_prediction:  1.5519357161663647
ND_train:  0.4044582
ND_pred:  0.38517446516204285
input_y_batch_pred.shape (64, 192)
miu_pred.shape (64, 192)
Update 1.png
prediction
step: 52000
neg_log_likelihood_train:  5.510327
neg_log_likelihood_prediction:  5.29919588338038
RMSE_train:  3.8257685
RMSE_prediction:  1.5950694250421413
ND_train:  0.45610923
ND_pred:  0.39407543142399337
input_y_batch_pred.shape (64, 192)
miu_pred.shape (64, 192)
Update 1.png
prediction
step: 54000
neg_log_likelihood_train:  5.424744
neg_log_likelihood_prediction:  5.299064889834945
RMSE_train:  0.60771847
RMSE_prediction:  1.5250340187783706
ND_train:  0.20685668
ND_pred:  0.38249202649605374
input_y_batch_pred.shape (64, 192)
miu_pred.shape (64, 192)
Update 1.png
prediction
step: 56000
neg_log_likelihood_train:  5.6979985
neg_log_likelihood_prediction:  5.287480853418889
RMSE_train:  1.4965756
RMSE_prediction:  1.6412053966376685
ND_train:  0.364815
ND_pred:  0.4020204854903707
input_y_batch_pred.shape (64, 192)
miu_pred.shape (64, 192)
Update 1.png
###########  TIME  ##########
2018-09-08 03:30:25.451900
###########   5 Finish  #########
prediction
step: 58000
neg_log_likelihood_train:  4.7757707
neg_log_likelihood_prediction:  5.30536706483035
RMSE_train:  1.3233081
RMSE_prediction:  1.4977883316434113
ND_train:  0.22896983
ND_pred:  0.36772418413271696
input_y_batch_pred.shape (64, 192)
miu_pred.shape (64, 192)
Update 1.png
prediction
step: 60000
neg_log_likelihood_train:  5.1255174
neg_log_likelihood_prediction:  5.277550054457031
RMSE_train:  1.4377955
RMSE_prediction:  1.639100821771819
ND_train:  0.32995927
ND_pred:  0.3989037955080944
input_y_batch_pred.shape (64, 192)
miu_pred.shape (64, 192)
Update 1.png
prediction
step: 62000
neg_log_likelihood_train:  5.4364724
neg_log_likelihood_prediction:  5.282756159513113
RMSE_train:  0.54019755
RMSE_prediction:  1.6598184526979038
ND_train:  0.16952577
ND_pred:  0.4028389688280674
input_y_batch_pred.shape (64, 192)
miu_pred.shape (64, 192)
Update 1.png
prediction
step: 64000
neg_log_likelihood_train:  4.958559
neg_log_likelihood_prediction:  5.271165751600974
RMSE_train:  0.37865427
RMSE_prediction:  1.573339218562449
ND_train:  0.09515827
ND_pred:  0.3891477485735072
input_y_batch_pred.shape (64, 192)
miu_pred.shape (64, 192)
Update 1.png
###########  TIME  ##########
2018-09-08 04:37:48.771303
###########   6 Finish  #########
prediction
step: 66000
neg_log_likelihood_train:  5.255481
neg_log_likelihood_prediction:  5.303363592002042
RMSE_train:  2.173054
RMSE_prediction:  1.6071221981585153
ND_train:  0.48670387
ND_pred:  0.40034315272406407
input_y_batch_pred.shape (64, 192)
miu_pred.shape (64, 192)
Update 1.png
prediction
step: 68000
neg_log_likelihood_train:  4.70987
neg_log_likelihood_prediction:  5.263819511275889
RMSE_train:  1.1823174
RMSE_prediction:  1.7059738843873808
ND_train:  0.31606758
ND_pred:  0.42370386798559606
input_y_batch_pred.shape (64, 192)
miu_pred.shape (64, 192)
Update 1.png
prediction
step: 70000
neg_log_likelihood_train:  5.669061
neg_log_likelihood_prediction:  5.2529427701500575
RMSE_train:  1.0294104
RMSE_prediction:  1.5685180445417224
ND_train:  0.2866714
ND_pred:  0.38852242209934756
input_y_batch_pred.shape (64, 192)
miu_pred.shape (64, 192)
Update 1.png
prediction
step: 72000
neg_log_likelihood_train:  5.218916
neg_log_likelihood_prediction:  5.259952294092523
RMSE_train:  0.61842006
RMSE_prediction:  1.5901069524846259
ND_train:  0.14567235
ND_pred:  0.3919565835077861
input_y_batch_pred.shape (64, 192)
miu_pred.shape (64, 192)
Update 1.png
prediction
step: 74000
neg_log_likelihood_train:  5.1415915
neg_log_likelihood_prediction:  5.263632303590228
RMSE_train:  1.0527363
RMSE_prediction:  1.6632037446567207
ND_train:  0.3182395
ND_pred:  0.4089597976883189
input_y_batch_pred.shape (64, 192)
miu_pred.shape (64, 192)
Update 1.png
###########  TIME  ##########
2018-09-08 05:47:04.218370
###########   7 Finish  #########
prediction
step: 76000
neg_log_likelihood_train:  5.1614017
neg_log_likelihood_prediction:  5.24239070248452
RMSE_train:  1.6579022
RMSE_prediction:  1.5587121940943593
ND_train:  0.34106135
ND_pred:  0.38645972099922393
input_y_batch_pred.shape (64, 192)
miu_pred.shape (64, 192)
Update 1.png
prediction
step: 78000
neg_log_likelihood_train:  5.6708736
neg_log_likelihood_prediction:  5.2451163558190546
RMSE_train:  2.708153
RMSE_prediction:  1.8242304565388938
ND_train:  0.5220151
ND_pred:  0.4512427470818826
input_y_batch_pred.shape (64, 192)
miu_pred.shape (64, 192)
Update 1.png
prediction
step: 80000
neg_log_likelihood_train:  5.4986567
neg_log_likelihood_prediction:  5.233623983500617
RMSE_train:  2.5148935
RMSE_prediction:  1.6273921128765794
ND_train:  0.4085818
ND_pred:  0.4008965441549786
input_y_batch_pred.shape (64, 192)
miu_pred.shape (64, 192)
Update 1.png
prediction
step: 82000
neg_log_likelihood_train:  6.0201664
neg_log_likelihood_prediction:  5.226143301925335
RMSE_train:  0.6994744
RMSE_prediction:  1.6050159142465348
ND_train:  0.12137366
ND_pred:  0.4003190576729628
input_y_batch_pred.shape (64, 192)
miu_pred.shape (64, 192)
Update 1.png
prediction
step: 84000
neg_log_likelihood_train:  5.7762127
neg_log_likelihood_prediction:  5.246829135655851
RMSE_train:  0.96815044
RMSE_prediction:  1.599151875103988
ND_train:  0.21882652
ND_pred:  0.3972834840242903
input_y_batch_pred.shape (64, 192)
miu_pred.shape (64, 192)
Update 1.png
###########  TIME  ##########
2018-09-08 06:56:35.878856
###########   8 Finish  #########
prediction
step: 86000
neg_log_likelihood_train:  5.4184437
neg_log_likelihood_prediction:  5.232399553756552
RMSE_train:  0.85664034
RMSE_prediction:  1.7046429162761967
ND_train:  0.23014078
ND_pred:  0.416489158086716
input_y_batch_pred.shape (64, 192)
miu_pred.shape (64, 192)
Update 1.png
prediction
step: 88000
neg_log_likelihood_train:  5.0802646
neg_log_likelihood_prediction:  5.234421846466712
RMSE_train:  1.564977
RMSE_prediction:  1.6383878631070414
ND_train:  0.264944
ND_pred:  0.40213581660639836
input_y_batch_pred.shape (64, 192)
miu_pred.shape (64, 192)
Update 1.png
prediction
step: 90000
neg_log_likelihood_train:  5.7047296
neg_log_likelihood_prediction:  5.2442095274631635
RMSE_train:  1.0548307
RMSE_prediction:  1.7697078752827746
ND_train:  0.29804066
ND_pred:  0.42438845617613596
input_y_batch_pred.shape (64, 192)
miu_pred.shape (64, 192)
Update 1.png
prediction
step: 92000
neg_log_likelihood_train:  5.6808395
neg_log_likelihood_prediction:  5.238642144861242
RMSE_train:  1.0665576
RMSE_prediction:  1.784928652764379
ND_train:  0.2490504
ND_pred:  0.43246768363563626
input_y_batch_pred.shape (64, 192)
miu_pred.shape (64, 192)
Update 1.png
prediction
step: 94000
neg_log_likelihood_train:  5.4021583
neg_log_likelihood_prediction:  5.2200442874001345
RMSE_train:  2.4808471
RMSE_prediction:  1.5494658846700773
ND_train:  0.4167426
ND_pred:  0.38061006186874047
input_y_batch_pred.shape (64, 192)
miu_pred.shape (64, 192)
Update 1.png
###########  TIME  ##########
2018-09-08 08:06:05.075842
###########   9 Finish  #########
prediction
step: 96000
neg_log_likelihood_train:  5.553974
neg_log_likelihood_prediction:  5.266437875237434
RMSE_train:  1.240179
RMSE_prediction:  1.9050386625711833
ND_train:  0.33860162
ND_pred:  0.45840946644259867
input_y_batch_pred.shape (64, 192)
miu_pred.shape (64, 192)
Update 1.png
prediction
step: 98000
neg_log_likelihood_train:  5.8375874
neg_log_likelihood_prediction:  5.22500512908725
RMSE_train:  0.4983318
RMSE_prediction:  1.6913130140038812
ND_train:  0.18024291
ND_pred:  0.4131770380545257
input_y_batch_pred.shape (64, 192)
miu_pred.shape (64, 192)
Update 1.png
prediction
step: 100000
neg_log_likelihood_train:  5.5686545
neg_log_likelihood_prediction:  5.261604008907472
RMSE_train:  1.1464225
RMSE_prediction:  1.7655657258857587
ND_train:  0.32126957
ND_pred:  0.4328720820217439
input_y_batch_pred.shape (64, 192)
miu_pred.shape (64, 192)
Update 1.png
prediction
step: 102000
neg_log_likelihood_train:  4.994222
neg_log_likelihood_prediction:  5.23415075340595
RMSE_train:  1.107594
RMSE_prediction:  2.307834107199419
ND_train:  0.26020417
ND_pred:  0.546212566391646
input_y_batch_pred.shape (64, 192)
miu_pred.shape (64, 192)
Update 1.png
###########  TIME  ##########
2018-09-08 09:13:29.318985