2018-09-03 16:56:14.477003: I tensorflow/core/platform/cpu_feature_guard.cc:141] Your CPU supports instructions that this TensorFlow binary was not compiled to use: AVX2 FMA
2018-09-03 16:56:14.580882: I tensorflow/stream_executor/cuda/cuda_gpu_executor.cc:897] successful NUMA node read from SysFS had negative value (-1), but there must be at least one NUMA node, so returning NUMA node zero
2018-09-03 16:56:14.581350: I tensorflow/core/common_runtime/gpu/gpu_device.cc:1405] Found device 0 with properties: 
name: GeForce GTX 1080 major: 6 minor: 1 memoryClockRate(GHz): 1.7335
pciBusID: 0000:01:00.0
totalMemory: 7.93GiB freeMemory: 7.75GiB
2018-09-03 16:56:14.581363: I tensorflow/core/common_runtime/gpu/gpu_device.cc:1484] Adding visible gpu devices: 0
2018-09-03 16:56:14.766305: I tensorflow/core/common_runtime/gpu/gpu_device.cc:965] Device interconnect StreamExecutor with strength 1 edge matrix:
2018-09-03 16:56:14.766340: I tensorflow/core/common_runtime/gpu/gpu_device.cc:971]      0 
2018-09-03 16:56:14.766345: I tensorflow/core/common_runtime/gpu/gpu_device.cc:984] 0:   N 
2018-09-03 16:56:14.766519: I tensorflow/core/common_runtime/gpu/gpu_device.cc:1097] Created TensorFlow device (/job:localhost/replica:0/task:0/device:GPU:0 with 2703 MB memory) -> physical GPU (device: 0, name: GeForce GTX 1080, pci bus id: 0000:01:00.0, compute capability: 6.1)
inputs_shape[1].value:  41
inputs_shape[1].value:  40
inputs_shape[1].value:  40
hidden_states_all.shape:  (3, 2, ?, 40, 192)
###########     TIME     ##########
2018-09-03 16:56:16.766228
###########  TRAIN START ############
prediction
step: 500
neg_log_likelihood_train:  1.05444
neg_log_likelihood_prediction:  1.1401272853215536
RMSE_train:  0.2916022
RMSE_prediction:  0.6125368475914001
ND_train:  0.15807506
ND_pred:  0.37851778070131936
input_y_batch_pred.shape (64, 192)
miu_pred.shape (64, 192)
prediction
step: 1000
neg_log_likelihood_train:  0.9474998
neg_log_likelihood_prediction:  1.0963691512743632
RMSE_train:  0.24318528
RMSE_prediction:  0.7268002053101857
ND_train:  0.12184232
ND_pred:  0.35690462986628213
input_y_batch_pred.shape (64, 192)
miu_pred.shape (64, 192)
prediction
step: 1500
neg_log_likelihood_train:  0.9371869
neg_log_likelihood_prediction:  1.0283939282099406
RMSE_train:  0.24515656
RMSE_prediction:  0.6331713994344076
ND_train:  0.13358738
ND_pred:  0.33808591167132057
input_y_batch_pred.shape (64, 192)
miu_pred.shape (64, 192)
###########  TIME  ##########
2018-09-03 17:02:03.963486
###########   0 Finish  #########
prediction
step: 2000
neg_log_likelihood_train:  0.86716014
neg_log_likelihood_prediction:  0.9920579234759013
RMSE_train:  0.22152919
RMSE_prediction:  0.7188345909118652
ND_train:  0.1111984
ND_pred:  0.3239789028962453
input_y_batch_pred.shape (64, 192)
miu_pred.shape (64, 192)
Update 1.png
prediction
step: 2500
neg_log_likelihood_train:  0.83943206
neg_log_likelihood_prediction:  0.9355865677197774
RMSE_train:  0.20826659
RMSE_prediction:  0.5381999492645264
ND_train:  0.1152978
ND_pred:  0.27624382575352985
input_y_batch_pred.shape (64, 192)
miu_pred.shape (64, 192)
prediction
step: 3000
neg_log_likelihood_train:  0.8622467
neg_log_likelihood_prediction:  0.8061777393023173
RMSE_train:  0.17313306
RMSE_prediction:  0.4074112087488174
ND_train:  0.10039493
ND_pred:  0.16982796788215637
input_y_batch_pred.shape (64, 192)
miu_pred.shape (64, 192)
###########  TIME  ##########
2018-09-03 17:06:47.557068
###########   1 Finish  #########
prediction
step: 3500
neg_log_likelihood_train:  0.8586958
neg_log_likelihood_prediction:  0.9655126651128133
RMSE_train:  0.25699186
RMSE_prediction:  0.5911958495775859
ND_train:  0.118167214
ND_pred:  0.33024707237879436
input_y_batch_pred.shape (64, 192)
miu_pred.shape (64, 192)
prediction
step: 4000
neg_log_likelihood_train:  0.8722488
neg_log_likelihood_prediction:  0.8040191094080608
RMSE_train:  0.21179698
RMSE_prediction:  0.36858904163042705
ND_train:  0.10501074
ND_pred:  0.16814841230710348
input_y_batch_pred.shape (64, 192)
miu_pred.shape (64, 192)
Update 1.png
prediction
step: 4500
neg_log_likelihood_train:  0.8406829
neg_log_likelihood_prediction:  0.8139395912488302
RMSE_train:  0.23156828
RMSE_prediction:  0.3948584894339244
ND_train:  0.10994701
ND_pred:  0.17977825800577799
input_y_batch_pred.shape (64, 192)
miu_pred.shape (64, 192)
###########  TIME  ##########
2018-09-03 17:11:31.257280
###########   2 Finish  #########
prediction
step: 5000
neg_log_likelihood_train:  0.8675854
neg_log_likelihood_prediction:  0.7905972639719645
RMSE_train:  0.21767996
RMSE_prediction:  0.3451360026995341
ND_train:  0.10033485
ND_pred:  0.134993577003479
input_y_batch_pred.shape (64, 192)
miu_pred.shape (64, 192)
prediction
step: 5500
neg_log_likelihood_train:  0.7841613
neg_log_likelihood_prediction:  0.7543611367543538
RMSE_train:  0.23798315
RMSE_prediction:  0.2729670892159144
ND_train:  0.11626696
ND_pred:  0.12065512339274088
input_y_batch_pred.shape (64, 192)
miu_pred.shape (64, 192)
prediction
step: 6000
neg_log_likelihood_train:  0.8878918
neg_log_likelihood_prediction:  0.7650894681612651
RMSE_train:  0.19632046
RMSE_prediction:  0.3194489240646362
ND_train:  0.11966336
ND_pred:  0.13875191658735275
input_y_batch_pred.shape (64, 192)
miu_pred.shape (64, 192)
Update 1.png
###########  TIME  ##########
2018-09-03 17:16:14.748058
###########   3 Finish  #########
prediction
step: 6500
neg_log_likelihood_train:  0.7942577
neg_log_likelihood_prediction:  0.7484392046928405
RMSE_train:  0.22613548
RMSE_prediction:  0.27136610746383666
ND_train:  0.107832305
ND_pred:  0.12107091347376506
input_y_batch_pred.shape (64, 192)
miu_pred.shape (64, 192)
prediction
step: 7000
neg_log_likelihood_train:  0.8105286
neg_log_likelihood_prediction:  0.7861371040344238
RMSE_train:  0.23884214
RMSE_prediction:  0.3995922446250916
ND_train:  0.115843825
ND_pred:  0.1555495222409566
input_y_batch_pred.shape (64, 192)
miu_pred.shape (64, 192)
prediction
step: 7500
neg_log_likelihood_train:  0.8342168
neg_log_likelihood_prediction:  0.7474598526954651
RMSE_train:  0.24447124
RMSE_prediction:  0.287867538134257
ND_train:  0.10986624
ND_pred:  0.12110897898674011
input_y_batch_pred.shape (64, 192)
miu_pred.shape (64, 192)
###########  TIME  ##########
2018-09-03 17:20:58.723083
###########   4 Finish  #########
prediction
step: 8000
neg_log_likelihood_train:  0.7593238
neg_log_likelihood_prediction:  0.819943924744924
RMSE_train:  0.25632137
RMSE_prediction:  0.39427403509616854
ND_train:  0.10755568
ND_pred:  0.1564851333697637
input_y_batch_pred.shape (64, 192)
miu_pred.shape (64, 192)
Update 1.png
prediction
step: 8500
neg_log_likelihood_train:  0.83021164
neg_log_likelihood_prediction:  0.7459691127141317
RMSE_train:  0.24086359
RMSE_prediction:  0.3104864756266276
ND_train:  0.1071457
ND_pred:  0.12396639436483384
input_y_batch_pred.shape (64, 192)
miu_pred.shape (64, 192)
prediction
step: 9000
neg_log_likelihood_train:  0.8210056
neg_log_likelihood_prediction:  0.7751121441523234
RMSE_train:  0.1934762
RMSE_prediction:  0.33980171879132587
ND_train:  0.09380241
ND_pred:  0.1402207667628924
input_y_batch_pred.shape (64, 192)
miu_pred.shape (64, 192)
###########  TIME  ##########
2018-09-03 17:25:32.842577
###########   5 Finish  #########
prediction
step: 9500
neg_log_likelihood_train:  0.8428027
neg_log_likelihood_prediction:  0.7501324653625489
RMSE_train:  0.23250942
RMSE_prediction:  0.3105019638935725
ND_train:  0.09951038
ND_pred:  0.12525465488433837
input_y_batch_pred.shape (64, 192)
miu_pred.shape (64, 192)
prediction
step: 10000
neg_log_likelihood_train:  0.8301032
neg_log_likelihood_prediction:  0.7606018781661987
RMSE_train:  0.1301039
RMSE_prediction:  0.32597424487272897
ND_train:  0.09361811
ND_pred:  0.1261501098672549
input_y_batch_pred.shape (64, 192)
miu_pred.shape (64, 192)
Update 1.png
prediction
step: 10500
neg_log_likelihood_train:  0.7815911
neg_log_likelihood_prediction:  0.818212378025055
RMSE_train:  0.23832825
RMSE_prediction:  0.46267672479152677
ND_train:  0.1148546
ND_pred:  0.19167016645272572
input_y_batch_pred.shape (64, 192)
miu_pred.shape (64, 192)
###########  TIME  ##########
2018-09-03 17:29:46.608725
###########   6 Finish  #########
prediction
step: 11000
neg_log_likelihood_train:  0.8270876
neg_log_likelihood_prediction:  0.7497988780339558
RMSE_train:  0.20078266
RMSE_prediction:  0.30171502431233727
ND_train:  0.10334758
ND_pred:  0.12144716680049897
input_y_batch_pred.shape (64, 192)
miu_pred.shape (64, 192)
prediction
step: 11500
neg_log_likelihood_train:  0.8358305
neg_log_likelihood_prediction:  0.7661690870920818
RMSE_train:  0.18178754
RMSE_prediction:  0.3399965862433116
ND_train:  0.097563595
ND_pred:  0.1295782874027888
input_y_batch_pred.shape (64, 192)
miu_pred.shape (64, 192)
prediction
step: 12000
neg_log_likelihood_train:  0.82947177
neg_log_likelihood_prediction:  0.7631165822347005
RMSE_train:  0.22287843
RMSE_prediction:  0.3422709266344706
ND_train:  0.09920536
ND_pred:  0.13418251673380535
input_y_batch_pred.shape (64, 192)
miu_pred.shape (64, 192)
Update 1.png
###########  TIME  ##########
2018-09-03 17:34:00.084357
###########   7 Finish  #########
prediction
step: 12500
neg_log_likelihood_train:  0.8505442
neg_log_likelihood_prediction:  1.0812662680943808
RMSE_train:  0.18709917
RMSE_prediction:  0.7200282752513886
ND_train:  0.10677848
ND_pred:  0.3059162010749181
input_y_batch_pred.shape (64, 192)
miu_pred.shape (64, 192)
prediction
step: 13000
neg_log_likelihood_train:  0.76669455
neg_log_likelihood_prediction:  0.7637578288714091
RMSE_train:  0.19464946
RMSE_prediction:  0.3956541746854782
ND_train:  0.09114392
ND_pred:  0.14380325923363368
input_y_batch_pred.shape (64, 192)
miu_pred.shape (64, 192)
prediction
step: 13500
neg_log_likelihood_train:  0.83888865
neg_log_likelihood_prediction:  0.7787850220998128
RMSE_train:  0.23963815
RMSE_prediction:  0.36709157228469846
ND_train:  0.111238115
ND_pred:  0.16351476262013118
input_y_batch_pred.shape (64, 192)
miu_pred.shape (64, 192)
prediction
step: 14000
neg_log_likelihood_train:  0.78895694
neg_log_likelihood_prediction:  0.748382818698883
RMSE_train:  0.18555772
RMSE_prediction:  0.2979253520568212
ND_train:  0.08609617
ND_pred:  0.11564017484585444
input_y_batch_pred.shape (64, 192)
miu_pred.shape (64, 192)
Update 1.png
###########  TIME  ##########
2018-09-03 17:38:19.227429
###########   8 Finish  #########
prediction
step: 14500
neg_log_likelihood_train:  0.8131462
neg_log_likelihood_prediction:  0.7580790321032206
RMSE_train:  0.2374695
RMSE_prediction:  0.3219563583532969
ND_train:  0.09834933
ND_pred:  0.12062404950459799
input_y_batch_pred.shape (64, 192)
miu_pred.shape (64, 192)
prediction
step: 15000
neg_log_likelihood_train:  0.7981121
neg_log_likelihood_prediction:  0.7550663312276205
RMSE_train:  0.22399877
RMSE_prediction:  0.325439997514089
ND_train:  0.09943563
ND_pred:  0.1287992263833682
input_y_batch_pred.shape (64, 192)
miu_pred.shape (64, 192)
prediction
step: 15500
neg_log_likelihood_train:  0.79637676
neg_log_likelihood_prediction:  0.7515798171361288
RMSE_train:  0.21822906
RMSE_prediction:  0.2827821453412374
ND_train:  0.10279294
ND_pred:  0.11751013745864232
input_y_batch_pred.shape (64, 192)
miu_pred.shape (64, 192)
###########  TIME  ##########
2018-09-03 17:42:32.206076
###########   9 Finish  #########
prediction
step: 16000
neg_log_likelihood_train:  0.84293747
neg_log_likelihood_prediction:  0.7469810922940572
RMSE_train:  0.20950064
RMSE_prediction:  0.2794584939877192
ND_train:  0.10034883
ND_pred:  0.11354242513577144
input_y_batch_pred.shape (64, 192)
miu_pred.shape (64, 192)
Update 1.png
prediction
step: 16500
neg_log_likelihood_train:  0.8264765
neg_log_likelihood_prediction:  0.8081974466641744
RMSE_train:  0.16418257
RMSE_prediction:  0.4675919105609258
ND_train:  0.09078284
ND_pred:  0.18290428668260575
input_y_batch_pred.shape (64, 192)
miu_pred.shape (64, 192)
prediction
step: 17000
neg_log_likelihood_train:  0.7967074
neg_log_likelihood_prediction:  0.7330645004908244
RMSE_train:  0.21808924
RMSE_prediction:  0.2421870658795039
ND_train:  0.09821143
ND_pred:  0.1058402309815089
input_y_batch_pred.shape (64, 192)
miu_pred.shape (64, 192)
###########  TIME  ##########
2018-09-03 17:46:46.067779
###########   10 Finish  #########
prediction
step: 17500
neg_log_likelihood_train:  0.82099843
neg_log_likelihood_prediction:  0.7326335549354553
RMSE_train:  0.23703751
RMSE_prediction:  0.2653445988893509
ND_train:  0.1142293
ND_pred:  0.10435135016838709
input_y_batch_pred.shape (64, 192)
miu_pred.shape (64, 192)
prediction
step: 18000
neg_log_likelihood_train:  0.8085354
neg_log_likelihood_prediction:  0.7425028681755066
RMSE_train:  0.19088712
RMSE_prediction:  0.26268292367458346
ND_train:  0.1020763
ND_pred:  0.10442020197709402
input_y_batch_pred.shape (64, 192)
miu_pred.shape (64, 192)
Update 1.png
prediction
step: 18500
neg_log_likelihood_train:  0.8051729
neg_log_likelihood_prediction:  0.7361031413078308
RMSE_train:  0.2371391
RMSE_prediction:  0.2668274184068044
ND_train:  0.11177667
ND_pred:  0.11567832032839458
input_y_batch_pred.shape (64, 192)
miu_pred.shape (64, 192)
###########  TIME  ##########
2018-09-03 17:50:59.605415
###########   11 Finish  #########
prediction
step: 19000
neg_log_likelihood_train:  0.82654184
neg_log_likelihood_prediction:  0.747771418094635
RMSE_train:  0.18573289
RMSE_prediction:  0.30631808141867317
ND_train:  0.10227667
ND_pred:  0.12425046314795812
input_y_batch_pred.shape (64, 192)
miu_pred.shape (64, 192)
prediction
step: 19500
neg_log_likelihood_train:  0.80462736
neg_log_likelihood_prediction:  0.768792454401652
RMSE_train:  0.22001559
RMSE_prediction:  0.3955414493878682
ND_train:  0.10867989
ND_pred:  0.15864130506912869
input_y_batch_pred.shape (64, 192)
miu_pred.shape (64, 192)
prediction
step: 20000
neg_log_likelihood_train:  0.837773
neg_log_likelihood_prediction:  0.7969620108604432
RMSE_train:  0.25591362
RMSE_prediction:  0.4378752668698629
ND_train:  0.11000114
ND_pred:  0.1716944009065628
input_y_batch_pred.shape (64, 192)
miu_pred.shape (64, 192)
Update 1.png
###########  TIME  ##########
2018-09-03 17:55:13.156768
###########   12 Finish  #########
prediction
step: 20500
neg_log_likelihood_train:  0.83305234
neg_log_likelihood_prediction:  0.9285769621531169
RMSE_train:  0.24336277
RMSE_prediction:  0.5117488443851471
ND_train:  0.10352606
ND_pred:  0.27254415055116016
input_y_batch_pred.shape (64, 192)
miu_pred.shape (64, 192)
prediction
step: 21000
neg_log_likelihood_train:  0.806704
neg_log_likelihood_prediction:  0.7388022343317667
RMSE_train:  0.21228449
RMSE_prediction:  0.26186308165391287
ND_train:  0.102736
ND_pred:  0.1088899701833725
input_y_batch_pred.shape (64, 192)
miu_pred.shape (64, 192)
prediction
step: 21500
neg_log_likelihood_train:  0.7918691
neg_log_likelihood_prediction:  0.7325557708740235
RMSE_train:  0.20260364
RMSE_prediction:  0.23297764360904694
ND_train:  0.0928474
ND_pred:  0.10151266107956568
input_y_batch_pred.shape (64, 192)
miu_pred.shape (64, 192)
###########  TIME  ##########
2018-09-03 17:59:32.447433
###########   13 Finish  #########
prediction
step: 22000
neg_log_likelihood_train:  0.80227023
neg_log_likelihood_prediction:  0.7360475262006124
RMSE_train:  0.21433784
RMSE_prediction:  0.27325183351834614
ND_train:  0.099656075
ND_pred:  0.10695371876160303
input_y_batch_pred.shape (64, 192)
miu_pred.shape (64, 192)
Update 1.png
prediction
step: 22500
neg_log_likelihood_train:  0.76347923
neg_log_likelihood_prediction:  0.7265442967414856
RMSE_train:  0.20040365
RMSE_prediction:  0.24448151091734568
ND_train:  0.09231997
ND_pred:  0.09335539638996124
input_y_batch_pred.shape (64, 192)
miu_pred.shape (64, 192)
prediction
step: 23000
neg_log_likelihood_train:  0.80287576
neg_log_likelihood_prediction:  0.8615468581517537
RMSE_train:  0.20988816
RMSE_prediction:  0.4527177929878235
ND_train:  0.09375764
ND_pred:  0.21703351338704427
input_y_batch_pred.shape (64, 192)
miu_pred.shape (64, 192)
###########  TIME  ##########
2018-09-03 18:03:45.765328
###########   14 Finish  #########
prediction
step: 23500
neg_log_likelihood_train:  0.7711935
neg_log_likelihood_prediction:  1.0309587518374126
RMSE_train:  0.19818215
RMSE_prediction:  0.5524202734231949
ND_train:  0.09237215
ND_pred:  0.17274196843306225
input_y_batch_pred.shape (64, 192)
miu_pred.shape (64, 192)
prediction
step: 24000
neg_log_likelihood_train:  0.7217417
neg_log_likelihood_prediction:  0.7337956229845682
RMSE_train:  0.14990544
RMSE_prediction:  0.25807235141595203
ND_train:  0.08499669
ND_pred:  0.10758401652177176
input_y_batch_pred.shape (64, 192)
miu_pred.shape (64, 192)
Update 1.png
prediction
step: 24500
neg_log_likelihood_train:  0.7885582
neg_log_likelihood_prediction:  0.7270204782485962
RMSE_train:  0.1971401
RMSE_prediction:  0.22824772497018178
ND_train:  0.08816808
ND_pred:  0.09836535304784774
input_y_batch_pred.shape (64, 192)
miu_pred.shape (64, 192)
###########  TIME  ##########
2018-09-03 18:08:14.192325
###########   15 Finish  #########
prediction
step: 25000
neg_log_likelihood_train:  0.76889706
neg_log_likelihood_prediction:  0.7364265958468119
RMSE_train:  0.22389983
RMSE_prediction:  0.2652001311381658
ND_train:  0.09650254
ND_pred:  0.10365411291519801
input_y_batch_pred.shape (64, 192)
miu_pred.shape (64, 192)
prediction
step: 25500
neg_log_likelihood_train:  0.77217656
neg_log_likelihood_prediction:  0.7498994946479798
RMSE_train:  0.23577762
RMSE_prediction:  0.3065946350495021
ND_train:  0.100369304
ND_pred:  0.12593093613783518
input_y_batch_pred.shape (64, 192)
miu_pred.shape (64, 192)
prediction
step: 26000
neg_log_likelihood_train:  0.81503344
neg_log_likelihood_prediction:  0.7974589864412943
RMSE_train:  0.20855486
RMSE_prediction:  0.32588649094104766
ND_train:  0.104444
ND_pred:  0.12342891593774159
input_y_batch_pred.shape (64, 192)
miu_pred.shape (64, 192)
Update 1.png
prediction
step: 26500
neg_log_likelihood_train:  0.79314137
neg_log_likelihood_prediction:  0.7416267474492391
RMSE_train:  0.24494281
RMSE_prediction:  0.2892773946126302
ND_train:  0.10686637
ND_pred:  0.11274063587188721
input_y_batch_pred.shape (64, 192)
miu_pred.shape (64, 192)
###########  TIME  ##########
2018-09-03 18:12:37.939364
###########   16 Finish  #########
prediction
step: 27000
neg_log_likelihood_train:  0.806906
neg_log_likelihood_prediction:  0.7360768755276997
RMSE_train:  0.20988253
RMSE_prediction:  0.2624274690945943
ND_train:  0.10134615
ND_pred:  0.10948948562145233
input_y_batch_pred.shape (64, 192)
miu_pred.shape (64, 192)
prediction
step: 27500
neg_log_likelihood_train:  0.8104028
neg_log_likelihood_prediction:  0.750550921758016
RMSE_train:  0.22010414
RMSE_prediction:  0.3373477270205816
ND_train:  0.10588936
ND_pred:  0.13109289010365804
input_y_batch_pred.shape (64, 192)
miu_pred.shape (64, 192)
prediction
step: 28000
neg_log_likelihood_train:  0.7935317
neg_log_likelihood_prediction:  0.7402984182039897
RMSE_train:  0.2010049
RMSE_prediction:  0.29190339843432106
ND_train:  0.09406553
ND_pred:  0.1073368693391482
input_y_batch_pred.shape (64, 192)
miu_pred.shape (64, 192)
Update 1.png
###########  TIME  ##########
2018-09-03 18:16:56.091845
###########   17 Finish  #########
prediction
step: 28500
neg_log_likelihood_train:  0.8038919
neg_log_likelihood_prediction:  0.7647479216257731
RMSE_train:  0.213319
RMSE_prediction:  0.325625346104304
ND_train:  0.100902945
ND_pred:  0.1313873842358589
input_y_batch_pred.shape (64, 192)
miu_pred.shape (64, 192)
prediction
step: 29000
neg_log_likelihood_train:  0.78551394
neg_log_likelihood_prediction:  0.7472208937009176
RMSE_train:  0.20858161
RMSE_prediction:  0.30022480388482414
ND_train:  0.09845703
ND_pred:  0.10880432377258936
input_y_batch_pred.shape (64, 192)
miu_pred.shape (64, 192)
prediction
step: 29500
neg_log_likelihood_train:  0.76743984
neg_log_likelihood_prediction:  0.7313882072766622
RMSE_train:  0.18891138
RMSE_prediction:  0.23575329979260762
ND_train:  0.09379768
ND_pred:  0.09399383366107941
input_y_batch_pred.shape (64, 192)
miu_pred.shape (64, 192)
###########  TIME  ##########
2018-09-03 18:21:13.389069
###########   18 Finish  #########
prediction
step: 30000
neg_log_likelihood_train:  0.8639266
neg_log_likelihood_prediction:  0.9772690534591675
RMSE_train:  0.2145283
RMSE_prediction:  0.6232787142197291
ND_train:  0.104731
ND_pred:  0.2063095599412918
input_y_batch_pred.shape (64, 192)
miu_pred.shape (64, 192)
Update 1.png
prediction
step: 30500
neg_log_likelihood_train:  0.8427884
neg_log_likelihood_prediction:  0.7483966231346131
RMSE_train:  0.2515977
RMSE_prediction:  0.33756276170412697
ND_train:  0.10169794
ND_pred:  0.12790610740582148
input_y_batch_pred.shape (64, 192)
miu_pred.shape (64, 192)
prediction
step: 31000
neg_log_likelihood_train:  0.8046544
neg_log_likelihood_prediction:  0.7330501993497213
RMSE_train:  0.21439846
RMSE_prediction:  0.264593572417895
ND_train:  0.09750695
ND_pred:  0.09997776250044504
input_y_batch_pred.shape (64, 192)
miu_pred.shape (64, 192)
###########  TIME  ##########
2018-09-03 18:25:32.221257
###########   19 Finish  #########
